#
# There is insufficient memory for the Java Runtime Environment to continue.
# Native memory allocation (malloc) failed to allocate 1060992 bytes for Chunk::new
# Possible reasons:
#   The system is out of physical RAM or swap space
#   The process is running with CompressedOops enabled, and the Java Heap may be blocking the growth of the native heap
# Possible solutions:
#   Reduce memory load on the system
#   Increase physical memory or swap space
#   Check if swap backing store is full
#   Decrease Java heap size (-Xmx/-Xms)
#   Decrease number of Java threads
#   Decrease Java thread stack sizes (-Xss)
#   Set larger code cache with -XX:ReservedCodeCacheSize=
#   JVM is running with Unscaled Compressed Oops mode in which the Java heap is
#     placed in the first 4GB address space. The Java Heap base address is the
#     maximum limit for the native heap growth. Please use -XX:HeapBaseMinAddress
#     to set the Java Heap base and to place the Java Heap above 4GB virtual address.
# This output file may be truncated or incomplete.
#
#  Out of Memory Error (allocation.cpp:389), pid=29260, tid=0x0000000000004100
#
# JRE version: OpenJDK Runtime Environment (8.0_212-b04) (build 1.8.0_212-release-1586-b04)
# Java VM: OpenJDK 64-Bit Server VM (25.212-b04 mixed mode windows-amd64 compressed oops)
# Failed to write core dump. Minidumps are not enabled by default on client versions of Windows
#

---------------  T H R E A D  ---------------

Current thread (0x000000001923c800):  JavaThread "C2 CompilerThread0" daemon [_thread_in_native, id=16640, stack(0x0000000019a90000,0x0000000019b90000)]

Stack: [0x0000000019a90000,0x0000000019b90000]
[error occurred during error reporting (printing stack bounds), id 0xc0000005]

Native frames: (J=compiled Java code, j=interpreted, Vv=VM code, C=native code)


Current CompileTask:
C2:1383536 16792       4       com.android.tools.r8.ir.regalloc.LinearScanRegisterAllocator::i (610 bytes)


---------------  P R O C E S S  ---------------

Java Threads: ( => current thread )
  0x000000002289a800 JavaThread "WorkerExecutor Queue" [_thread_blocked, id=13596, stack(0x00000000280d0000,0x00000000281d0000)]
  0x0000000022899800 JavaThread "Cache worker for execution history cache (D:\AndroidStudioProject\booksns_Re\.gradle\5.6.4\executionHistory)" [_thread_blocked, id=29232, stack(0x00000000277c0000,0x00000000278c0000)]
  0x0000000022896800 JavaThread "Execution worker for ':' Thread 7" [_thread_blocked, id=29256, stack(0x0000000027fd0000,0x00000000280d0000)]
  0x0000000022896000 JavaThread "Execution worker for ':' Thread 6" [_thread_in_Java, id=12600, stack(0x0000000027ed0000,0x0000000027fd0000)]
  0x0000000022895000 JavaThread "Execution worker for ':' Thread 5" [_thread_blocked, id=25780, stack(0x0000000027dd0000,0x0000000027ed0000)]
  0x000000002288d800 JavaThread "Execution worker for ':' Thread 4" [_thread_in_native, id=10840, stack(0x0000000027cd0000,0x0000000027dd0000)]
  0x0000000022894800 JavaThread "Execution worker for ':' Thread 3" [_thread_blocked, id=9004, stack(0x0000000027bd0000,0x0000000027cd0000)]
  0x0000000022893800 JavaThread "Execution worker for ':' Thread 2" [_thread_in_Java, id=26300, stack(0x0000000027ad0000,0x0000000027bd0000)]
  0x0000000022893000 JavaThread "Execution worker for ':'" [_thread_blocked, id=25800, stack(0x00000000266b0000,0x00000000267b0000)]
  0x0000000022892000 JavaThread "Cache worker for file content cache (D:\AndroidStudioProject\booksns_Re\.gradle\5.6.4\fileContent)" [_thread_blocked, id=6764, stack(0x00000000261b0000,0x00000000262b0000)]
  0x000000002288e800 JavaThread "Cache worker for file content cache (C:\Users\Samsung\.gradle\caches\5.6.4\fileContent)" [_thread_blocked, id=16800, stack(0x00000000260b0000,0x00000000261b0000)]
  0x0000000022891800 JavaThread "Cache worker for Build Output Cleanup Cache (D:\AndroidStudioProject\booksns_Re\.gradle\buildOutputCleanup)" [_thread_blocked, id=6336, stack(0x00000000252b0000,0x00000000253b0000)]
  0x000000002288d000 JavaThread "pool-4-thread-1" [_thread_blocked, id=29376, stack(0x0000000024fb0000,0x00000000250b0000)]
  0x0000000022890800 JavaThread "Build operations Thread 8" [_thread_blocked, id=30016, stack(0x0000000024ab0000,0x0000000024bb0000)]
  0x000000002288f000 JavaThread "Build operations Thread 7" [_thread_blocked, id=17148, stack(0x00000000249b0000,0x0000000024ab0000)]
  0x00000000192a4000 JavaThread "Build operations Thread 6" [_thread_blocked, id=5376, stack(0x00000000248b0000,0x00000000249b0000)]
  0x000000001929f800 JavaThread "Build operations Thread 5" [_thread_blocked, id=28292, stack(0x00000000247b0000,0x00000000248b0000)]
  0x000000001d64f800 JavaThread "Build operations Thread 4" [_thread_blocked, id=26284, stack(0x0000000023610000,0x0000000023710000)]
  0x000000001d645800 JavaThread "Build operations Thread 3" [_thread_blocked, id=10992, stack(0x0000000022520000,0x0000000022620000)]
  0x000000001d648000 JavaThread "Build operations Thread 2" [_thread_blocked, id=1876, stack(0x0000000021920000,0x0000000021a20000)]
  0x000000001d647000 JavaThread "Build operations" [_thread_blocked, id=28800, stack(0x0000000021820000,0x0000000021920000)]
  0x000000001d64c800 JavaThread "Cache worker for cache directory md-rule (C:\Users\Samsung\.gradle\caches\5.6.4\md-rule)" [_thread_blocked, id=13968, stack(0x0000000021320000,0x0000000021420000)]
  0x000000001d64b000 JavaThread "Cache worker for cache directory md-supplier (C:\Users\Samsung\.gradle\caches\5.6.4\md-supplier)" [_thread_blocked, id=5672, stack(0x000000001c770000,0x000000001c870000)]
  0x000000001d64a000 JavaThread "Cache worker for file hash cache (D:\AndroidStudioProject\booksns_Re\.gradle\5.6.4\fileHashes)" [_thread_blocked, id=18616, stack(0x000000001c670000,0x000000001c770000)]
  0x000000001d644000 JavaThread "Thread-32" [_thread_blocked, id=7720, stack(0x000000001c470000,0x000000001c570000)]
  0x000000001d645000 JavaThread "Asynchronous log dispatcher for DefaultDaemonConnection: socket connection from /127.0.0.1:52990 to /127.0.0.1:53959" [_thread_blocked, id=25128, stack(0x000000001c270000,0x000000001c370000)]
  0x000000001d648800 JavaThread "Daemon worker Thread 2" [_thread_in_native_trans, id=26088, stack(0x000000001bf70000,0x000000001c070000)]
  0x000000001d643800 JavaThread "Cancel handler" [_thread_blocked, id=19928, stack(0x000000001be70000,0x000000001bf70000)]
  0x000000001d649800 JavaThread "Handler for socket connection from /127.0.0.1:52990 to /127.0.0.1:53959" [_thread_in_native, id=19028, stack(0x00000000016d0000,0x00000000017d0000)]
  0x000000001d641000 JavaThread "Daemon Thread 2" [_thread_blocked, id=28144, stack(0x00000000014d0000,0x00000000015d0000)]
  0x000000001d64d000 JavaThread "Memory manager" [_thread_blocked, id=26636, stack(0x0000000025fb0000,0x00000000260b0000)]
  0x000000001d642000 JavaThread "Cache worker for execution history cache (C:\Users\Samsung\.gradle\caches\5.6.4\executionHistory)" [_thread_blocked, id=23488, stack(0x0000000021a20000,0x0000000021b20000)]
  0x000000001929e800 JavaThread "Cache worker for journal cache (C:\Users\Samsung\.gradle\caches\journal-1)" [_thread_blocked, id=24816, stack(0x000000001cc70000,0x000000001cd70000)]
  0x000000001929e000 JavaThread "File lock request listener" [_thread_in_native, id=25560, stack(0x000000001cb70000,0x000000001cc70000)]
  0x00000000192a3000 JavaThread "Cache worker for file hash cache (C:\Users\Samsung\.gradle\caches\5.6.4\fileHashes)" [_thread_blocked, id=16464, stack(0x000000001ca70000,0x000000001cb70000)]
  0x000000001a83d800 JavaThread "Daemon periodic checks" [_thread_blocked, id=28320, stack(0x000000001bd70000,0x000000001be70000)]
  0x000000001a77b000 JavaThread "Incoming local TCP Connector on port 52990" [_thread_in_native, id=29804, stack(0x000000001a190000,0x000000001a290000)]
  0x000000001a954000 JavaThread "Daemon health stats" [_thread_blocked, id=4492, stack(0x000000001a090000,0x000000001a190000)]
  0x0000000019333000 JavaThread "Service Thread" daemon [_thread_blocked, id=30344, stack(0x0000000019e90000,0x0000000019f90000)]
  0x00000000192a4800 JavaThread "C1 CompilerThread3" daemon [_thread_blocked, id=2080, stack(0x0000000019d90000,0x0000000019e90000)]
  0x000000001929b000 JavaThread "C2 CompilerThread2" daemon [_thread_in_native, id=30348, stack(0x0000000019c90000,0x0000000019d90000)]
  0x000000001923f000 JavaThread "C2 CompilerThread1" daemon [_thread_in_native, id=30068, stack(0x0000000019b90000,0x0000000019c90000)]
=>0x000000001923c800 JavaThread "C2 CompilerThread0" daemon [_thread_in_native, id=16640, stack(0x0000000019a90000,0x0000000019b90000)]
  0x0000000019298800 JavaThread "Attach Listener" daemon [_thread_blocked, id=2688, stack(0x0000000019990000,0x0000000019a90000)]
  0x0000000019297000 JavaThread "Signal Dispatcher" daemon [_thread_blocked, id=22312, stack(0x0000000019890000,0x0000000019990000)]
  0x000000000365e000 JavaThread "Finalizer" daemon [_thread_blocked, id=27368, stack(0x0000000019700000,0x0000000019800000)]
  0x0000000003655000 JavaThread "Reference Handler" daemon [_thread_blocked, id=23384, stack(0x0000000019600000,0x0000000019700000)]
  0x000000000345e000 JavaThread "main" [_thread_blocked, id=13316, stack(0x0000000003460000,0x0000000003560000)]

Other Threads:
  0x0000000017418800 VMThread [stack: 0x0000000019100000,0x0000000019200000] [id=5664]
  0x00000000192fe000 WatcherThread [stack: 0x0000000019f90000,0x000000001a090000] [id=25912]

VM state:not at safepoint (normal execution)

VM Mutex/Monitor currently owned by a thread: None

heap address: 0x00000000a0000000, size: 1536 MB, Compressed Oops mode: 32-bit
Narrow klass base: 0x0000000000000000, Narrow klass shift: 3
Compressed class space size: 1073741824 Address: 0x0000000100000000

Heap:
 PSYoungGen      total 342016K, used 68182K [0x00000000e0000000, 0x00000000f8f80000, 0x0000000100000000)
  eden space 284160K, 22% used [0x00000000e0000000,0x00000000e3ead920,0x00000000f1580000)
  from space 57856K, 6% used [0x00000000f5700000,0x00000000f5ae8000,0x00000000f8f80000)
  to   space 62464K, 0% used [0x00000000f1580000,0x00000000f1580000,0x00000000f5280000)
 ParOldGen       total 229376K, used 147188K [0x00000000a0000000, 0x00000000ae000000, 0x00000000e0000000)
  object space 229376K, 64% used [0x00000000a0000000,0x00000000a8fbd0c8,0x00000000ae000000)
 Metaspace       used 89573K, capacity 93700K, committed 94104K, reserved 1130496K
  class space    used 11733K, capacity 12589K, committed 12696K, reserved 1048576K

Card table byte_map: [0x0000000012a20000,0x0000000012d30000] byte_map_base: 0x0000000012520000

Marking Bits: (ParMarkBitMap*) 0x0000000055a59f30
 Begin Bits: [0x0000000013730000, 0x0000000014f30000)
 End Bits:   [0x0000000014f30000, 0x0000000016730000)

Polling page: 0x00000000018a0000

CodeCache: size=245760Kb used=47339Kb max_used=47919Kb free=198420Kb
 bounds [0x0000000003660000, 0x0000000006640000, 0x0000000012660000]
 total_blobs=14519 nmethods=13642 adapters=786
 compilation: enabled

Compilation events (10 events):
Event: 1382.900 Thread 0x00000000192a4800 16961       2       com.android.tools.r8.u.b.a1::<init> (10 bytes)
Event: 1382.902 Thread 0x00000000192a4800 nmethod 16961 0x0000000005d6f4d0 code [0x0000000005d6f640, 0x0000000005d6f7a8]
Event: 1382.912 Thread 0x00000000192a4800 16962       2       com.android.tools.r8.u.b.a1::a (472 bytes)
Event: 1382.915 Thread 0x00000000192a4800 nmethod 16962 0x00000000044f77d0 code [0x00000000044f7b40, 0x00000000044f88e8]
Event: 1382.923 Thread 0x00000000192a4800 16963       3       com.android.tools.r8.ir.optimize.Z::a (425 bytes)
Event: 1382.930 Thread 0x00000000192a4800 nmethod 16963 0x0000000005e158d0 code [0x0000000005e15fe0, 0x0000000005e1ad48]
Event: 1383.112 Thread 0x00000000192a4800 16964       2       org.gradle.internal.hash.Hashing$MessageDigestHashFunction::newPrimitiveHasher (14 bytes)
Event: 1383.115 Thread 0x00000000192a4800 nmethod 16964 0x0000000005d01f50 code [0x0000000005d020e0, 0x0000000005d02448]
Event: 1383.126 Thread 0x00000000192a4800 16965       2       com.android.tools.r8.ir.regalloc.LinearScanRegisterAllocator::a (572 bytes)
Event: 1383.130 Thread 0x00000000192a4800 nmethod 16965 0x0000000005771a10 code [0x0000000005771d60, 0x0000000005772ba8]

GC Heap History (10 events):
Event: 1369.033 GC heap before
{Heap before GC invocations=38 (full 5):
 PSYoungGen      total 270848K, used 39170K [0x00000000e0000000, 0x00000000f7580000, 0x0000000100000000)
  eden space 207872K, 0% used [0x00000000e0000000,0x00000000e0000000,0x00000000ecb00000)
  from space 62976K, 62% used [0x00000000ecb00000,0x00000000ef140b70,0x00000000f0880000)
  to   space 64512K, 0% used [0x00000000f3680000,0x00000000f3680000,0x00000000f7580000)
 ParOldGen       total 139776K, used 120062K [0x00000000a0000000, 0x00000000a8880000, 0x00000000e0000000)
  object space 139776K, 85% used [0x00000000a0000000,0x00000000a753fb98,0x00000000a8880000)
 Metaspace       used 89268K, capacity 93492K, committed 93592K, reserved 1130496K
  class space    used 11734K, capacity 12627K, committed 12696K, reserved 1048576K
Event: 1371.880 GC heap after
Heap after GC invocations=38 (full 5):
 PSYoungGen      total 270848K, used 0K [0x00000000e0000000, 0x00000000f7580000, 0x0000000100000000)
  eden space 207872K, 0% used [0x00000000e0000000,0x00000000e0000000,0x00000000ecb00000)
  from space 62976K, 0% used [0x00000000ecb00000,0x00000000ecb00000,0x00000000f0880000)
  to   space 64512K, 0% used [0x00000000f3680000,0x00000000f3680000,0x00000000f7580000)
 ParOldGen       total 229376K, used 137186K [0x00000000a0000000, 0x00000000ae000000, 0x00000000e0000000)
  object space 229376K, 59% used [0x00000000a0000000,0x00000000a85f89f0,0x00000000ae000000)
 Metaspace       used 89132K, capacity 93140K, committed 93592K, reserved 1130496K
  class space    used 11686K, capacity 12541K, committed 12696K, reserved 1048576K
}
Event: 1375.345 GC heap before
{Heap before GC invocations=39 (full 5):
 PSYoungGen      total 270848K, used 207872K [0x00000000e0000000, 0x00000000f7580000, 0x0000000100000000)
  eden space 207872K, 100% used [0x00000000e0000000,0x00000000ecb00000,0x00000000ecb00000)
  from space 62976K, 0% used [0x00000000ecb00000,0x00000000ecb00000,0x00000000f0880000)
  to   space 64512K, 0% used [0x00000000f3680000,0x00000000f3680000,0x00000000f7580000)
 ParOldGen       total 229376K, used 137186K [0x00000000a0000000, 0x00000000ae000000, 0x00000000e0000000)
  object space 229376K, 59% used [0x00000000a0000000,0x00000000a85f89f0,0x00000000ae000000)
 Metaspace       used 89213K, capacity 93294K, committed 93848K, reserved 1130496K
  class space    used 11689K, capacity 12546K, committed 12696K, reserved 1048576K
Event: 1375.613 GC heap after
Heap after GC invocations=39 (full 5):
 PSYoungGen      total 302592K, used 2549K [0x00000000e0000000, 0x00000000f6e00000, 0x0000000100000000)
  eden space 245760K, 0% used [0x00000000e0000000,0x00000000e0000000,0x00000000ef000000)
  from space 56832K, 4% used [0x00000000f3680000,0x00000000f38fd6b8,0x00000000f6e00000)
  to   space 64512K, 0% used [0x00000000ef000000,0x00000000ef000000,0x00000000f2f00000)
 ParOldGen       total 229376K, used 137186K [0x00000000a0000000, 0x00000000ae000000, 0x00000000e0000000)
  object space 229376K, 59% used [0x00000000a0000000,0x00000000a85f89f0,0x00000000ae000000)
 Metaspace       used 89213K, capacity 93294K, committed 93848K, reserved 1130496K
  class space    used 11689K, capacity 12546K, committed 12696K, reserved 1048576K
}
Event: 1376.981 GC heap before
{Heap before GC invocations=40 (full 5):
 PSYoungGen      total 302592K, used 248309K [0x00000000e0000000, 0x00000000f6e00000, 0x0000000100000000)
  eden space 245760K, 100% used [0x00000000e0000000,0x00000000ef000000,0x00000000ef000000)
  from space 56832K, 4% used [0x00000000f3680000,0x00000000f38fd6b8,0x00000000f6e00000)
  to   space 64512K, 0% used [0x00000000ef000000,0x00000000ef000000,0x00000000f2f00000)
 ParOldGen       total 229376K, used 137186K [0x00000000a0000000, 0x00000000ae000000, 0x00000000e0000000)
  object space 229376K, 59% used [0x00000000a0000000,0x00000000a85f89f0,0x00000000ae000000)
 Metaspace       used 89345K, capacity 93454K, committed 93848K, reserved 1130496K
  class space    used 11707K, capacity 12554K, committed 12696K, reserved 1048576K
Event: 1377.011 GC heap after
Heap after GC invocations=40 (full 5):
 PSYoungGen      total 310272K, used 4725K [0x00000000e0000000, 0x00000000f9500000, 0x0000000100000000)
  eden space 245760K, 0% used [0x00000000e0000000,0x00000000e0000000,0x00000000ef000000)
  from space 64512K, 7% used [0x00000000ef000000,0x00000000ef49d6b8,0x00000000f2f00000)
  to   space 63488K, 0% used [0x00000000f5700000,0x00000000f5700000,0x00000000f9500000)
 ParOldGen       total 229376K, used 137186K [0x00000000a0000000, 0x00000000ae000000, 0x00000000e0000000)
  object space 229376K, 59% used [0x00000000a0000000,0x00000000a85f89f0,0x00000000ae000000)
 Metaspace       used 89345K, capacity 93454K, committed 93848K, reserved 1130496K
  class space    used 11707K, capacity 12554K, committed 12696K, reserved 1048576K
}
Event: 1378.770 GC heap before
{Heap before GC invocations=41 (full 5):
 PSYoungGen      total 310272K, used 250485K [0x00000000e0000000, 0x00000000f9500000, 0x0000000100000000)
  eden space 245760K, 100% used [0x00000000e0000000,0x00000000ef000000,0x00000000ef000000)
  from space 64512K, 7% used [0x00000000ef000000,0x00000000ef49d6b8,0x00000000f2f00000)
  to   space 63488K, 0% used [0x00000000f5700000,0x00000000f5700000,0x00000000f9500000)
 ParOldGen       total 229376K, used 137186K [0x00000000a0000000, 0x00000000ae000000, 0x00000000e0000000)
  object space 229376K, 59% used [0x00000000a0000000,0x00000000a85f89f0,0x00000000ae000000)
 Metaspace       used 89499K, capacity 93630K, committed 94104K, reserved 1130496K
  class space    used 11728K, capacity 12588K, committed 12696K, reserved 1048576K
Event: 1378.789 GC heap after
Heap after GC invocations=41 (full 5):
 PSYoungGen      total 342016K, used 2912K [0x00000000e0000000, 0x00000000f8f80000, 0x0000000100000000)
  eden space 284160K, 0% used [0x00000000e0000000,0x00000000e0000000,0x00000000f1580000)
  from space 57856K, 5% used [0x00000000f5700000,0x00000000f59d8000,0x00000000f8f80000)
  to   space 62464K, 0% used [0x00000000f1580000,0x00000000f1580000,0x00000000f5280000)
 ParOldGen       total 229376K, used 141748K [0x00000000a0000000, 0x00000000ae000000, 0x00000000e0000000)
  object space 229376K, 61% used [0x00000000a0000000,0x00000000a8a6d0b8,0x00000000ae000000)
 Metaspace       used 89499K, capacity 93630K, committed 94104K, reserved 1130496K
  class space    used 11728K, capacity 12588K, committed 12696K, reserved 1048576K
}
Event: 1381.086 GC heap before
{Heap before GC invocations=42 (full 5):
 PSYoungGen      total 342016K, used 287072K [0x00000000e0000000, 0x00000000f8f80000, 0x0000000100000000)
  eden space 284160K, 100% used [0x00000000e0000000,0x00000000f1580000,0x00000000f1580000)
  from space 57856K, 5% used [0x00000000f5700000,0x00000000f59d8000,0x00000000f8f80000)
  to   space 62464K, 0% used [0x00000000f1580000,0x00000000f1580000,0x00000000f5280000)
 ParOldGen       total 229376K, used 141748K [0x00000000a0000000, 0x00000000ae000000, 0x00000000e0000000)
  object space 229376K, 61% used [0x00000000a0000000,0x00000000a8a6d0b8,0x00000000ae000000)
 Metaspace       used 89543K, capacity 93630K, committed 94104K, reserved 1130496K
  class space    used 11732K, capacity 12588K, committed 12696K, reserved 1048576K
Event: 1381.231 GC heap after
Heap after GC invocations=42 (full 5):
 PSYoungGen      total 346624K, used 3648K [0x00000000e0000000, 0x00000000f8f80000, 0x0000000100000000)
  eden space 284160K, 0% used [0x00000000e0000000,0x00000000e0000000,0x00000000f1580000)
  from space 62464K, 5% used [0x00000000f1580000,0x00000000f1910000,0x00000000f5280000)
  to   space 57856K, 0% used [0x00000000f5700000,0x00000000f5700000,0x00000000f8f80000)
 ParOldGen       total 229376K, used 144444K [0x00000000a0000000, 0x00000000ae000000, 0x00000000e0000000)
  object space 229376K, 62% used [0x00000000a0000000,0x00000000a8d0f0c8,0x00000000ae000000)
 Metaspace       used 89543K, capacity 93630K, committed 94104K, reserved 1130496K
  class space    used 11732K, capacity 12588K, committed 12696K, reserved 1048576K
}

Deoptimization events (10 events):
Event: 1377.561 Thread 0x0000000022896000 Uncommon trap: reason=unstable_if action=reinterpret pc=0x00000000064e4a50 method=com.android.tools.r8.u.b.g1.a(Lcom/android/tools/r8/graph/e;Lcom/android/tools/r8/u/b/T;Ljava/util/function/Predicate;Ljava/util/Set;)Z @ 144
Event: 1377.680 Thread 0x0000000022896000 Uncommon trap: reason=unstable_if action=reinterpret pc=0x000000000658d670 method=com.android.tools.r8.ir.regalloc.LinearScanRegisterAllocator.a(Lcom/android/tools/r8/ir/regalloc/LinearScanRegisterAllocator$a;Z)Lcom/android/tools/r8/ir/regalloc/LinearScan
Event: 1377.706 Thread 0x0000000022896000 Uncommon trap: reason=unstable_if action=reinterpret pc=0x000000000640de20 method=com.android.tools.r8.ir.regalloc.LinearScanRegisterAllocator.a(Lcom/android/tools/r8/ir/regalloc/LinearScanRegisterAllocator$a;Z)Lcom/android/tools/r8/ir/regalloc/LinearScan
Event: 1377.717 Thread 0x0000000022896000 Uncommon trap: reason=unstable_if action=reinterpret pc=0x0000000005f68274 method=com.android.tools.r8.ir.regalloc.a.compareTo(Ljava/lang/Object;)I @ 81
Event: 1379.124 Thread 0x0000000022893800 Uncommon trap: reason=bimorphic action=maybe_recompile pc=0x00000000064602fc method=com.android.tools.r8.u.b.j1.a(Lcom/android/tools/r8/ir/analysis/type/k;)Lcom/android/tools/r8/u/b/j1; @ 29
Event: 1379.234 Thread 0x000000002289a800 Uncommon trap: reason=array_check action=maybe_recompile pc=0x0000000006150af8 method=java.util.TimSort.reverseRange([Ljava/lang/Object;II)V @ 27
Event: 1379.540 Thread 0x000000002288d800 Uncommon trap: reason=unstable_if action=reinterpret pc=0x0000000005801764 method=org.gradle.api.internal.changedetection.state.CachingFileHasher.snapshot(Ljava/io/File;JJ)Lorg/gradle/api/internal/changedetection/state/CachingFileHasher$FileInfo; @ 48
Event: 1379.946 Thread 0x000000002288d800 Uncommon trap: reason=unstable_if action=reinterpret pc=0x00000000057fa5fc method=org.gradle.api.internal.changedetection.state.CachingFileHasher.snapshot(Ljava/io/File;JJ)Lorg/gradle/api/internal/changedetection/state/CachingFileHasher$FileInfo; @ 48
Event: 1382.489 Thread 0x0000000022893800 Uncommon trap: reason=bimorphic action=maybe_recompile pc=0x000000000630d9cc method=com.android.tools.r8.v.a.a.a.f.i.putAll(Ljava/util/Map;)V @ 3
Event: 1382.919 Thread 0x0000000022893800 Uncommon trap: reason=unstable_if action=reinterpret pc=0x0000000005c0fa44 method=com.android.tools.r8.ir.optimize.I.a(Lcom/android/tools/r8/u/b/d0;)Z @ 149

Classes redefined (0 events):
No events

Internal exceptions (10 events):
Event: 1353.949 Thread 0x000000002288d800 Exception <a 'java/lang/NoSuchMethodError': <clinit>> (0x00000000e7d2a060) thrown at [D:\src\AOSP-openjdk-cygwin\jdk8u\hotspot\src\share\vm\prims\jni.cpp, line 1614]
Event: 1354.932 Thread 0x000000002289a800 Exception <a 'sun/nio/fs/WindowsException'> (0x00000000e8809d90) thrown at [D:\src\AOSP-openjdk-cygwin\jdk8u\hotspot\src\share\vm\prims\jni.cpp, line 710]
Event: 1354.952 Thread 0x000000002289a800 Exception <a 'java/lang/NoSuchMethodError': java.lang.Object.lambda$asRunnable$0(Lcom/android/tools/build/apkzlib/utils/IOExceptionRunnable;)V> (0x00000000e883b328) thrown at [D:\src\AOSP-openjdk-cygwin\jdk8u\hotspot\src\share\vm\interpreter\linkResolver.
Event: 1355.267 Thread 0x000000002289a800 Exception <a 'java/lang/NoSuchMethodError': java.lang.Object.newSystemTemporaryDirectory()Lcom/android/tools/build/apkzlib/bytestorage/TemporaryDirectory;> (0x00000000e8b30d50) thrown at [D:\src\AOSP-openjdk-cygwin\jdk8u\hotspot\src\share\vm\interpreter\l
Event: 1356.001 Thread 0x0000000022893800 Exception <a 'java/lang/NoSuchMethodError': java.lang.Object.lambda$static$0(Ljava/lang/String;)Z> (0x00000000e9c09210) thrown at [D:\src\AOSP-openjdk-cygwin\jdk8u\hotspot\src\share\vm\interpreter\linkResolver.cpp, line 620]
Event: 1357.641 Thread 0x000000001d648800 Exception <a 'sun/nio/fs/WindowsException'> (0x00000000e4ae2018) thrown at [D:\src\AOSP-openjdk-cygwin\jdk8u\hotspot\src\share\vm\prims\jni.cpp, line 710]
Event: 1357.664 Thread 0x0000000022896000 Exception <a 'sun/nio/fs/WindowsException'> (0x00000000e5058be8) thrown at [D:\src\AOSP-openjdk-cygwin\jdk8u\hotspot\src\share\vm\prims\jni.cpp, line 710]
Event: 1358.449 Thread 0x0000000022893800 Exception <a 'sun/nio/fs/WindowsException'> (0x00000000e820d000) thrown at [D:\src\AOSP-openjdk-cygwin\jdk8u\hotspot\src\share\vm\prims\jni.cpp, line 710]
Event: 1364.597 Thread 0x000000002289a800 Implicit null exception at 0x0000000004f08eaa to 0x0000000004f08ef9
Event: 1364.597 Thread 0x000000002289a800 Implicit null exception at 0x0000000005a9faf0 to 0x0000000005a9fb00

Events (10 events):
Event: 1382.790 Thread 0x0000000022893800 DEOPT UNPACKING pc=0x00000000036a75d0 sp=0x0000000027bca890 mode 0
Event: 1382.873 Thread 0x000000001d648800 DEOPT PACKING pc=0x0000000006017e62 sp=0x000000001c067870
Event: 1382.873 Thread 0x000000001d648800 DEOPT UNPACKING pc=0x00000000036a75d0 sp=0x000000001c067890 mode 0
Event: 1382.919 Thread 0x0000000022893800 Uncommon trap: trap_request=0xffffff65 fr.pc=0x0000000005c0fa44
Event: 1382.919 Thread 0x0000000022893800 DEOPT PACKING pc=0x0000000005c0fa44 sp=0x0000000027bcaad0
Event: 1382.919 Thread 0x0000000022893800 DEOPT UNPACKING pc=0x00000000036a557b sp=0x0000000027bcaa80 mode 2
Event: 1383.081 loading class com/android/tools/r8/u/b/d0
Event: 1383.081 loading class com/android/tools/r8/u/b/d0 done
Event: 1383.083 loading class com/android/tools/r8/u/b/d0
Event: 1383.083 loading class com/android/tools/r8/u/b/d0 done


Dynamic libraries:
0x00007ff703a90000 - 0x00007ff703ac1000 	D:\Android Studio\jre\bin\java.exe
0x00007fffd4ea0000 - 0x00007fffd5090000 	C:\WINDOWS\SYSTEM32\ntdll.dll
0x00007fffd42a0000 - 0x00007fffd4352000 	C:\WINDOWS\System32\KERNEL32.DLL
0x00007fffd20b0000 - 0x00007fffd2353000 	C:\WINDOWS\System32\KERNELBASE.dll
0x00007fffd4db0000 - 0x00007fffd4e53000 	C:\WINDOWS\System32\ADVAPI32.dll
0x00007fffd4200000 - 0x00007fffd429e000 	C:\WINDOWS\System32\msvcrt.dll
0x00007fffd4360000 - 0x00007fffd43f7000 	C:\WINDOWS\System32\sechost.dll
0x00007fffd3110000 - 0x00007fffd3230000 	C:\WINDOWS\System32\RPCRT4.dll
0x00007fffd2f50000 - 0x00007fffd30e4000 	C:\WINDOWS\System32\USER32.dll
0x00007fffd1fd0000 - 0x00007fffd1ff1000 	C:\WINDOWS\System32\win32u.dll
0x00007fffd3b00000 - 0x00007fffd3b26000 	C:\WINDOWS\System32\GDI32.dll
0x00007fffd1e30000 - 0x00007fffd1fc4000 	C:\WINDOWS\System32\gdi32full.dll
0x00007fffd2e50000 - 0x00007fffd2eee000 	C:\WINDOWS\System32\msvcp_win.dll
0x00007fffd2c50000 - 0x00007fffd2d4a000 	C:\WINDOWS\System32\ucrtbase.dll
0x00007fffc0250000 - 0x00007fffc04d5000 	C:\WINDOWS\WinSxS\amd64_microsoft.windows.common-controls_6595b64144ccf1df_6.0.18362.778_none_e6c6b761130d4fb8\COMCTL32.dll
0x00007fffd3ec0000 - 0x00007fffd41f6000 	C:\WINDOWS\System32\combase.dll
0x00007fffd2d50000 - 0x00007fffd2dd0000 	C:\WINDOWS\System32\bcryptPrimitives.dll
0x00007fffd3e30000 - 0x00007fffd3e5e000 	C:\WINDOWS\System32\IMM32.DLL
0x00000000551b0000 - 0x0000000055282000 	D:\Android Studio\jre\jre\bin\msvcr100.dll
0x0000000055290000 - 0x0000000055ad6000 	D:\Android Studio\jre\jre\bin\server\jvm.dll
0x00007fffd3230000 - 0x00007fffd3238000 	C:\WINDOWS\System32\PSAPI.DLL
0x00007fffcb330000 - 0x00007fffcb354000 	C:\WINDOWS\SYSTEM32\WINMM.dll
0x00007fffc83f0000 - 0x00007fffc83fa000 	C:\WINDOWS\SYSTEM32\VERSION.dll
0x00007fffbf350000 - 0x00007fffbf359000 	C:\WINDOWS\SYSTEM32\WSOCK32.dll
0x00007fffd4d40000 - 0x00007fffd4daf000 	C:\WINDOWS\System32\WS2_32.dll
0x00007fffcb300000 - 0x00007fffcb32d000 	C:\WINDOWS\SYSTEM32\winmmbase.dll
0x00007fffd2dd0000 - 0x00007fffd2e1a000 	C:\WINDOWS\System32\cfgmgr32.dll
0x00007fffc7530000 - 0x00007fffc753f000 	D:\Android Studio\jre\jre\bin\verify.dll
0x00007fffc14d0000 - 0x00007fffc14f9000 	D:\Android Studio\jre\jre\bin\java.dll
0x00007fffc1580000 - 0x00007fffc1596000 	D:\Android Studio\jre\jre\bin\zip.dll
0x00007fffd3360000 - 0x00007fffd3a45000 	C:\WINDOWS\System32\SHELL32.dll
0x00007fffd3a50000 - 0x00007fffd3af9000 	C:\WINDOWS\System32\shcore.dll
0x00007fffd24d0000 - 0x00007fffd2c50000 	C:\WINDOWS\System32\windows.storage.dll
0x00007fffd1db0000 - 0x00007fffd1dd3000 	C:\WINDOWS\System32\profapi.dll
0x00007fffd1de0000 - 0x00007fffd1e2a000 	C:\WINDOWS\System32\powrprof.dll
0x00007fffd1d60000 - 0x00007fffd1d70000 	C:\WINDOWS\System32\UMPDC.dll
0x00007fffd3b30000 - 0x00007fffd3b82000 	C:\WINDOWS\System32\shlwapi.dll
0x00007fffd1d90000 - 0x00007fffd1da1000 	C:\WINDOWS\System32\kernel.appcore.dll
0x00007fffd24b0000 - 0x00007fffd24c7000 	C:\WINDOWS\System32\cryptsp.dll
0x00007fffbd8a0000 - 0x00007fffbd8ba000 	D:\Android Studio\jre\jre\bin\net.dll
0x00007fffbf720000 - 0x00007fffbf8f5000 	C:\WINDOWS\SYSTEM32\urlmon.dll
0x00007fffbf470000 - 0x00007fffbf716000 	C:\WINDOWS\SYSTEM32\iertutil.dll
0x00007fffd17a0000 - 0x00007fffd17ac000 	C:\WINDOWS\SYSTEM32\CRYPTBASE.DLL
0x00007fffd15b0000 - 0x00007fffd1617000 	C:\WINDOWS\system32\mswsock.dll
0x00007fffbc740000 - 0x00007fffbc753000 	D:\Android Studio\jre\jre\bin\nio.dll
0x00007fffc1900000 - 0x00007fffc1926000 	C:\Users\Samsung\.gradle\native\30\windows-amd64\native-platform.dll
0x00007fffc1de0000 - 0x00007fffc1ded000 	D:\Android Studio\jre\jre\bin\management.dll
0x00007fffd10a0000 - 0x00007fffd10d3000 	C:\WINDOWS\system32\rsaenh.dll
0x00007fffd2e20000 - 0x00007fffd2e46000 	C:\WINDOWS\System32\bcrypt.dll
0x00007fffd1c80000 - 0x00007fffd1ca5000 	C:\WINDOWS\SYSTEM32\USERENV.dll
0x00007fffd12a0000 - 0x00007fffd12da000 	C:\WINDOWS\SYSTEM32\IPHLPAPI.DLL
0x00007fffd4c60000 - 0x00007fffd4c68000 	C:\WINDOWS\System32\NSI.dll
0x00007fffc4780000 - 0x00007fffc4796000 	C:\WINDOWS\SYSTEM32\dhcpcsvc6.DLL
0x00007fffc5810000 - 0x00007fffc582c000 	C:\WINDOWS\SYSTEM32\dhcpcsvc.DLL
0x00007fffd12f0000 - 0x00007fffd13ba000 	C:\WINDOWS\SYSTEM32\DNSAPI.dll
0x00007fffbc710000 - 0x00007fffbc734000 	D:\Android Studio\jre\jre\bin\sunec.dll
0x00007fffc9ed0000 - 0x00007fffc9edb000 	D:\Android Studio\jre\jre\bin\sunmscapi.dll
0x00007fffd2360000 - 0x00007fffd24a9000 	C:\WINDOWS\System32\CRYPT32.dll
0x00007fffd1d70000 - 0x00007fffd1d82000 	C:\WINDOWS\System32\MSASN1.dll
0x00007fffc6410000 - 0x00007fffc641a000 	C:\Windows\System32\rasadhlp.dll
0x00007fffc4dd0000 - 0x00007fffc4e47000 	C:\WINDOWS\System32\fwpuclnt.dll
0x00007fffd0d80000 - 0x00007fffd0db1000 	C:\WINDOWS\SYSTEM32\ntmarta.dll

VM Arguments:
jvm_args: -Xmx1536m -Dfile.encoding=x-windows-949 -Duser.country=KR -Duser.language=ko -Duser.variant 
java_command: org.gradle.launcher.daemon.bootstrap.GradleDaemon 5.6.4
java_class_path (initial): C:\Users\Samsung\.gradle\wrapper\dists\gradle-5.6.4-all\ankdp27end7byghfw1q2sw75f\gradle-5.6.4\lib\gradle-launcher-5.6.4.jar
Launcher Type: SUN_STANDARD

Environment Variables:
JAVA_HOME=C:\Program Files\Java\jdk1.8.0_91
PATH=D:\dk\app\oracle\product\11.2.0\server\bin;;C:\ProgramData\Oracle\Java\javapath;C:\Program Files (x86)\Intel\Intel(R) Management Engine Components\iCLS\;C:\Program Files\Intel\Intel(R) Management Engine Components\iCLS\;C:\windows\system32;C:\windows;C:\windows\System32\Wbem;C:\windows\System32\WindowsPowerShell\v1.0\;C:\Program Files (x86)\NVIDIA Corporation\PhysX\Common;C:\Program Files (x86)\Intel\Intel(R) Management Engine Components\DAL;C:\Program Files\Intel\Intel(R) Management Engine Components\DAL;C:\Program Files (x86)\Intel\Intel(R) Management Engine Components\IPT;C:\Program Files\Intel\Intel(R) Management Engine Components\IPT;C:\WINDOWS\system32;C:\WINDOWS;C:\WINDOWS\System32\Wbem;C:\WINDOWS\System32\WindowsPowerShell\v1.0\;C:\WINDOWS\System32\OpenSSH\;C:\Program Files\dotnet\;C:\Program Files\Java\jdk1.8.0_91\bin;C:\Bitnami\wampstack-7.1.26-1\mysql\bin;C:\Program Files\Git\cmd;C:\Program Files\nodejs\;C:\Users\Samsung\AppData\Local\Programs\Python\Python37-32\Scripts\;C:\Users\Samsung\AppData\Local\Programs\Python\Python37-32\;C:\Users\Samsung\AppData\Local\Microsoft\WindowsApps;C:\Program Files\Bandizip\;C:\Program Files\JetBrains\PyCharm Community Edition 2018.3.5\bin;;C:\Users\Samsung\AppData\Local\Programs\Microsoft VS Code\bin;C:\Users\Samsung\AppData\Roaming\npm;C:\OpenSSL-Win64\bin;
USERNAME=Samsung
OS=Windows_NT
PROCESSOR_IDENTIFIER=Intel64 Family 6 Model 142 Stepping 10, GenuineIntel



---------------  S Y S T E M  ---------------

OS: Windows 10.0 , 64 bit Build 18362 (10.0.18362.778)

CPU:total 8 (initial active 8) (4 cores per cpu, 2 threads per core) family 6 model 142 stepping 10, cmov, cx8, fxsr, mmx, sse, sse2, sse3, ssse3, sse4.1, sse4.2, popcnt, avx, avx2, aes, clmul, erms, 3dnowpref, lzcnt, ht, tsc, tscinvbit, bmi1, bmi2, adx

Memory: 4k page, physical 4107416k(222360k free), swap 12299416k(8812k free)

vm_info: OpenJDK 64-Bit Server VM (25.212-b04) for windows-amd64 JRE (1.8.0_212-release-1586-b04), built by "builder" with MS VC++ 10.0 (VS2010)

time: Wed Apr 29 15:23:15 2020
timezone: 대한민국 표준시
elapsed time: 1383 seconds (0d 0h 23m 3s)

