#
# There is insufficient memory for the Java Runtime Environment to continue.
# Native memory allocation (malloc) failed to allocate 1122096 bytes for Chunk::new
# Possible reasons:
#   The system is out of physical RAM or swap space
#   The process is running with CompressedOops enabled, and the Java Heap may be blocking the growth of the native heap
# Possible solutions:
#   Reduce memory load on the system
#   Increase physical memory or swap space
#   Check if swap backing store is full
#   Decrease Java heap size (-Xmx/-Xms)
#   Decrease number of Java threads
#   Decrease Java thread stack sizes (-Xss)
#   Set larger code cache with -XX:ReservedCodeCacheSize=
#   JVM is running with Unscaled Compressed Oops mode in which the Java heap is
#     placed in the first 4GB address space. The Java Heap base address is the
#     maximum limit for the native heap growth. Please use -XX:HeapBaseMinAddress
#     to set the Java Heap base and to place the Java Heap above 4GB virtual address.
# This output file may be truncated or incomplete.
#
#  Out of Memory Error (allocation.cpp:389), pid=3520, tid=0x00000000000038f8
#
# JRE version: OpenJDK Runtime Environment (8.0_212-b04) (build 1.8.0_212-release-1586-b04)
# Java VM: OpenJDK 64-Bit Server VM (25.212-b04 mixed mode windows-amd64 compressed oops)
# Failed to write core dump. Minidumps are not enabled by default on client versions of Windows
#

---------------  T H R E A D  ---------------

Current thread (0x0000000019086800):  JavaThread "C2 CompilerThread2" daemon [_thread_in_native, id=14584, stack(0x0000000019a80000,0x0000000019b80000)]

Stack: [0x0000000019a80000,0x0000000019b80000]
[error occurred during error reporting (printing stack bounds), id 0xc0000005]

Native frames: (J=compiled Java code, j=interpreted, Vv=VM code, C=native code)


Current CompileTask:
C2: 285415 16114 %     4       com.android.tools.r8.u.c.J::a @ 390 (1423 bytes)


---------------  P R O C E S S  ---------------

Java Threads: ( => current thread )
  0x00000000200ec800 JavaThread "WorkerExecutor Queue Thread 10" [_thread_blocked, id=10832, stack(0x000000002a460000,0x000000002a560000)]
  0x00000000200e3800 JavaThread "WorkerExecutor Queue Thread 9" [_thread_blocked, id=17240, stack(0x0000000028c50000,0x0000000028d50000)]
  0x00000000200ea000 JavaThread "stdout" [_thread_in_native, id=3252, stack(0x0000000029550000,0x0000000029650000)]
  0x00000000200eb800 JavaThread "stderr" [_thread_in_native, id=28540, stack(0x0000000028910000,0x0000000028a10000)]
  0x00000000200e8800 JavaThread "stdout" [_thread_in_native, id=18568, stack(0x00000000014e0000,0x00000000015e0000)]
  0x00000000200ed000 JavaThread "stderr" [_thread_in_native, id=4356, stack(0x00000000013e0000,0x00000000014e0000)]
  0x00000000200e9800 JavaThread "stdout" [_thread_in_native, id=30004, stack(0x0000000029760000,0x0000000029860000)]
  0x00000000200eb000 JavaThread "stderr" [_thread_in_native, id=16140, stack(0x0000000029660000,0x0000000029760000)]
  0x00000000200ef800 JavaThread "stdout" [_thread_in_native, id=16396, stack(0x0000000029450000,0x0000000029550000)]
  0x00000000200ee800 JavaThread "stderr" [_thread_in_native, id=24928, stack(0x0000000029350000,0x0000000029450000)]
  0x00000000200ee000 JavaThread "stdout" [_thread_in_native, id=1572, stack(0x0000000029250000,0x0000000029350000)]
  0x00000000200e1000 JavaThread "stderr" [_thread_in_native, id=1608, stack(0x0000000029150000,0x0000000029250000)]
  0x00000000200e5000 JavaThread "stdout" [_thread_in_native, id=23520, stack(0x0000000029050000,0x0000000029150000)]
  0x00000000200e8000 JavaThread "stderr" [_thread_in_native, id=1936, stack(0x0000000028f50000,0x0000000029050000)]
  0x00000000200e0800 JavaThread "stdout" [_thread_in_native, id=28868, stack(0x0000000028e50000,0x0000000028f50000)]
  0x00000000200e4000 JavaThread "stderr" [_thread_in_native, id=17096, stack(0x0000000028d50000,0x0000000028e50000)]
  0x00000000200e5800 JavaThread "pool-2-thread-1" [_thread_blocked, id=30232, stack(0x00000000012e0000,0x00000000013e0000)]
  0x00000000200e2800 JavaThread "WorkerExecutor Queue Thread 7" [_thread_blocked, id=1208, stack(0x0000000028b50000,0x0000000028c50000)]
  0x00000000200e7000 JavaThread "WorkerExecutor Queue Thread 6" [_thread_blocked, id=16424, stack(0x0000000028a50000,0x0000000028b50000)]
  0x00000000200e6800 JavaThread "WorkerExecutor Queue Thread 5" [_thread_blocked, id=10472, stack(0x0000000028810000,0x0000000028910000)]
  0x000000001c2b1800 JavaThread "WorkerExecutor Queue Thread 3" [_thread_blocked, id=28536, stack(0x0000000028610000,0x0000000028710000)]
  0x000000001c2b4800 JavaThread "WorkerExecutor Queue Thread 2" [_thread_blocked, id=22524, stack(0x0000000028510000,0x0000000028610000)]
  0x000000001c2b3800 JavaThread "WorkerExecutor Queue" [_thread_blocked, id=19404, stack(0x0000000028410000,0x0000000028510000)]
  0x000000001c2ad800 JavaThread "Cache worker for execution history cache (D:\AndroidStudioProject\booksns_Re\.gradle\5.6.4\executionHistory)" [_thread_blocked, id=27980, stack(0x0000000027f10000,0x0000000028010000)]
  0x000000001c2b0000 JavaThread "Execution worker for ':' Thread 7" [_thread_in_Java, id=11956, stack(0x0000000026b70000,0x0000000026c70000)]
  0x000000001c2ae800 JavaThread "Execution worker for ':' Thread 6" [_thread_in_Java, id=28628, stack(0x0000000026a70000,0x0000000026b70000)]
  0x000000001c2b2000 JavaThread "Execution worker for ':' Thread 5" [_thread_in_native, id=19096, stack(0x0000000026970000,0x0000000026a70000)]
  0x000000001c2a6000 JavaThread "Execution worker for ':' Thread 4" [_thread_in_Java, id=30300, stack(0x0000000026870000,0x0000000026970000)]
  0x000000001c2a5800 JavaThread "Execution worker for ':' Thread 3" [_thread_in_Java, id=18672, stack(0x0000000026770000,0x0000000026870000)]
  0x000000001c2ac000 JavaThread "Execution worker for ':' Thread 2" [_thread_in_Java, id=22692, stack(0x0000000026670000,0x0000000026770000)]
  0x000000001c2ab800 JavaThread "Execution worker for ':'" [_thread_in_Java, id=18544, stack(0x0000000026570000,0x0000000026670000)]
  0x000000001c2a7000 JavaThread "Cache worker for file content cache (D:\AndroidStudioProject\booksns_Re\.gradle\5.6.4\fileContent)" [_thread_blocked, id=17428, stack(0x0000000026470000,0x0000000026570000)]
  0x000000001c2aa800 JavaThread "Cache worker for file content cache (C:\Users\Samsung\.gradle\caches\5.6.4\fileContent)" [_thread_blocked, id=21660, stack(0x0000000026370000,0x0000000026470000)]
  0x000000001c2aa000 JavaThread "Memory manager" [_thread_blocked, id=21564, stack(0x0000000025c30000,0x0000000025d30000)]
  0x000000001c2a9000 JavaThread "Cache worker for Build Output Cleanup Cache (D:\AndroidStudioProject\booksns_Re\.gradle\buildOutputCleanup)" [_thread_blocked, id=12480, stack(0x0000000024f90000,0x0000000025090000)]
  0x000000001c2a8800 JavaThread "pool-1-thread-1" [_thread_blocked, id=26140, stack(0x0000000024c90000,0x0000000024d90000)]
  0x000000001f540000 JavaThread "Build operations Thread 8" [_thread_blocked, id=23564, stack(0x00000000234f0000,0x00000000235f0000)]
  0x000000001f53e800 JavaThread "Build operations Thread 7" [_thread_blocked, id=26568, stack(0x00000000223b0000,0x00000000224b0000)]
  0x000000001f545000 JavaThread "Build operations Thread 6" [_thread_blocked, id=25736, stack(0x00000000222b0000,0x00000000223b0000)]
  0x000000001f543800 JavaThread "Build operations Thread 5" [_thread_blocked, id=9708, stack(0x00000000221b0000,0x00000000222b0000)]
  0x000000001f543000 JavaThread "Build operations Thread 4" [_thread_blocked, id=25832, stack(0x00000000220b0000,0x00000000221b0000)]
  0x000000001f540800 JavaThread "Build operations Thread 3" [_thread_blocked, id=9904, stack(0x0000000021fb0000,0x00000000220b0000)]
  0x000000001f542000 JavaThread "Build operations Thread 2" [_thread_blocked, id=18992, stack(0x0000000021eb0000,0x0000000021fb0000)]
  0x000000001f544800 JavaThread "Build operations" [_thread_blocked, id=22464, stack(0x0000000021db0000,0x0000000021eb0000)]
  0x000000001f541800 JavaThread "Cache worker for execution history cache (C:\Users\Samsung\.gradle\caches\5.6.4\executionHistory)" [_thread_blocked, id=23340, stack(0x0000000021cb0000,0x0000000021db0000)]
  0x000000001b075800 JavaThread "Cache worker for cache directory md-rule (C:\Users\Samsung\.gradle\caches\5.6.4\md-rule)" [_thread_blocked, id=29572, stack(0x0000000021bb0000,0x0000000021cb0000)]
  0x000000001b076000 JavaThread "Cache worker for cache directory md-supplier (C:\Users\Samsung\.gradle\caches\5.6.4\md-supplier)" [_thread_blocked, id=25084, stack(0x0000000021490000,0x0000000021590000)]
  0x000000001b073000 JavaThread "Cache worker for file hash cache (D:\AndroidStudioProject\booksns_Re\.gradle\5.6.4\fileHashes)" [_thread_blocked, id=7384, stack(0x000000001db00000,0x000000001dc00000)]
  0x000000001b071800 JavaThread "Cache worker for journal cache (C:\Users\Samsung\.gradle\caches\journal-1)" [_thread_blocked, id=17276, stack(0x000000001da00000,0x000000001db00000)]
  0x000000001b074000 JavaThread "File lock request listener" [_thread_in_native, id=16892, stack(0x000000001d900000,0x000000001da00000)]
  0x000000001b077000 JavaThread "Cache worker for file hash cache (C:\Users\Samsung\.gradle\caches\5.6.4\fileHashes)" [_thread_blocked, id=21768, stack(0x000000001d800000,0x000000001d900000)]
  0x000000001b240000 JavaThread "Thread-9" [_thread_blocked, id=4036, stack(0x000000001d500000,0x000000001d600000)]
  0x000000001934e800 JavaThread "Asynchronous log dispatcher for DefaultDaemonConnection: socket connection from /127.0.0.1:64429 to /127.0.0.1:64430" [_thread_blocked, id=21544, stack(0x000000001d200000,0x000000001d300000)]
  0x000000001b187800 JavaThread "Daemon worker" [_thread_in_Java, id=8336, stack(0x000000001d100000,0x000000001d200000)]
  0x000000001a3b4800 JavaThread "Cancel handler" [_thread_blocked, id=13036, stack(0x000000001d000000,0x000000001d100000)]
  0x00000000191ac800 JavaThread "Handler for socket connection from /127.0.0.1:64429 to /127.0.0.1:64430" [_thread_in_native, id=27772, stack(0x000000001cd00000,0x000000001ce00000)]
  0x00000000191ac000 JavaThread "Daemon" [_thread_blocked, id=6828, stack(0x000000001cc00000,0x000000001cd00000)]
  0x000000001ac12800 JavaThread "Daemon periodic checks" [_thread_blocked, id=25352, stack(0x000000001cb00000,0x000000001cc00000)]
  0x000000001ac1a800 JavaThread "Incoming local TCP Connector on port 64429" [_thread_in_native, id=21824, stack(0x000000001c920000,0x000000001ca20000)]
  0x000000001b6ea800 JavaThread "Daemon health stats" [_thread_blocked, id=23964, stack(0x000000001c620000,0x000000001c720000)]
  0x0000000019100000 JavaThread "Service Thread" daemon [_thread_blocked, id=6908, stack(0x0000000019c80000,0x0000000019d80000)]
  0x000000001908e800 JavaThread "C1 CompilerThread3" daemon [_thread_in_vm, id=10504, stack(0x0000000019b80000,0x0000000019c80000)]
=>0x0000000019086800 JavaThread "C2 CompilerThread2" daemon [_thread_in_native, id=14584, stack(0x0000000019a80000,0x0000000019b80000)]
  0x0000000019083800 JavaThread "C2 CompilerThread1" daemon [_thread_in_native, id=20232, stack(0x0000000019980000,0x0000000019a80000)]
  0x0000000019081800 JavaThread "C2 CompilerThread0" daemon [_thread_in_native, id=23212, stack(0x0000000019880000,0x0000000019980000)]
  0x000000001907b000 JavaThread "Attach Listener" daemon [_thread_blocked, id=21384, stack(0x0000000019780000,0x0000000019880000)]
  0x0000000019028000 JavaThread "Signal Dispatcher" daemon [_thread_blocked, id=19512, stack(0x0000000019680000,0x0000000019780000)]
  0x0000000019010800 JavaThread "Finalizer" daemon [_thread_blocked, id=7616, stack(0x00000000194f0000,0x00000000195f0000)]
  0x0000000003426800 JavaThread "Reference Handler" daemon [_thread_blocked, id=2100, stack(0x00000000193f0000,0x00000000194f0000)]
  0x000000000165e000 JavaThread "main" [_thread_blocked, id=16436, stack(0x0000000002ea0000,0x0000000002fa0000)]

Other Threads:
  0x00000000171e7800 VMThread [stack: 0x0000000018ef0000,0x0000000018ff0000] [id=20016]
  0x00000000190bf000 WatcherThread [stack: 0x0000000019d80000,0x0000000019e80000] [id=12820]

VM state:not at safepoint (normal execution)

VM Mutex/Monitor currently owned by a thread: None

heap address: 0x00000000a0000000, size: 1536 MB, Compressed Oops mode: 32-bit
Narrow klass base: 0x0000000000000000, Narrow klass shift: 3
Compressed class space size: 1073741824 Address: 0x0000000100000000

Heap:
 PSYoungGen      total 401408K, used 287295K [0x00000000e0000000, 0x00000000fe280000, 0x0000000100000000)
  eden space 346624K, 70% used [0x00000000e0000000,0x00000000eeea5620,0x00000000f5280000)
  from space 54784K, 78% used [0x00000000f5280000,0x00000000f7cc2d50,0x00000000f8800000)
  to   space 57856K, 0% used [0x00000000faa00000,0x00000000faa00000,0x00000000fe280000)
 ParOldGen       total 190976K, used 109905K [0x00000000a0000000, 0x00000000aba80000, 0x00000000e0000000)
  object space 190976K, 57% used [0x00000000a0000000,0x00000000a6b54660,0x00000000aba80000)
 Metaspace       used 76693K, capacity 79924K, committed 82776K, reserved 1120256K
  class space    used 10156K, capacity 10770K, committed 11352K, reserved 1048576K

Card table byte_map: [0x00000000127f0000,0x0000000012b00000] byte_map_base: 0x00000000122f0000

Marking Bits: (ParMarkBitMap*) 0x0000000055a59f30
 Begin Bits: [0x0000000013500000, 0x0000000014d00000)
 End Bits:   [0x0000000014d00000, 0x0000000016500000)

Polling page: 0x0000000001620000

CodeCache: size=245760Kb used=45982Kb max_used=45982Kb free=199777Kb
 bounds [0x0000000003430000, 0x0000000006180000, 0x0000000012430000]
 total_blobs=14012 nmethods=13171 adapters=751
 compilation: enabled

Compilation events (10 events):
Event: 285.073 Thread 0x000000001908e800 16129       2       java.util.concurrent.ConcurrentLinkedQueue::first (65 bytes)
Event: 285.086 Thread 0x000000001908e800 nmethod 16129 0x0000000005ab9a50 code [0x0000000005ab9bc0, 0x0000000005ab9e90]
Event: 285.097 Thread 0x000000001908e800 16131 %     3       com.android.tools.r8.naming.t$b::a @ 22 (88 bytes)
Event: 285.107 Thread 0x000000001908e800 nmethod 16131% 0x0000000004b038d0 code [0x0000000004b03c00, 0x0000000004b05558]
Event: 285.146 Thread 0x000000001908e800 16133       2       org.gradle.internal.execution.steps.CaptureStateBeforeExecutionStep::fingerprintOutputFiles (15 bytes)
Event: 285.154 Thread 0x000000001908e800 nmethod 16133 0x000000000584bad0 code [0x000000000584bc40, 0x000000000584be98]
Event: 285.192 Thread 0x000000001908e800 16136       2       java.util.ArrayList::lastIndexOf (69 bytes)
Event: 285.193 Thread 0x000000001908e800 nmethod 16136 0x000000000584b450 code [0x000000000584b5e0, 0x000000000584b8e8]
Event: 285.224 Thread 0x000000001908e800 16138       2       java.util.Set::spliterator (6 bytes)
Event: 285.225 Thread 0x000000001908e800 nmethod 16138 0x000000000584af10 code [0x000000000584b080, 0x000000000584b2f8]

GC Heap History (10 events):
Event: 276.668 GC heap before
{Heap before GC invocations=36 (full 5):
 PSYoungGen      total 372224K, used 338471K [0x00000000e0000000, 0x00000000fbb00000, 0x0000000100000000)
  eden space 315904K, 100% used [0x00000000e0000000,0x00000000f3480000,0x00000000f3480000)
  from space 56320K, 40% used [0x00000000f6780000,0x00000000f7d89f98,0x00000000f9e80000)
  to   space 52224K, 0% used [0x00000000f3480000,0x00000000f3480000,0x00000000f6780000)
 ParOldGen       total 190976K, used 109897K [0x00000000a0000000, 0x00000000aba80000, 0x00000000e0000000)
  object space 190976K, 57% used [0x00000000a0000000,0x00000000a6b52660,0x00000000aba80000)
 Metaspace       used 76583K, capacity 79716K, committed 82520K, reserved 1120256K
  class space    used 10149K, capacity 10768K, committed 11352K, reserved 1048576K
Event: 276.706 GC heap after
Heap after GC invocations=36 (full 5):
 PSYoungGen      total 368128K, used 25904K [0x00000000e0000000, 0x00000000fb900000, 0x0000000100000000)
  eden space 315904K, 0% used [0x00000000e0000000,0x00000000e0000000,0x00000000f3480000)
  from space 52224K, 49% used [0x00000000f3480000,0x00000000f4dcc2f8,0x00000000f6780000)
  to   space 50176K, 0% used [0x00000000f8800000,0x00000000f8800000,0x00000000fb900000)
 ParOldGen       total 190976K, used 109897K [0x00000000a0000000, 0x00000000aba80000, 0x00000000e0000000)
  object space 190976K, 57% used [0x00000000a0000000,0x00000000a6b52660,0x00000000aba80000)
 Metaspace       used 76583K, capacity 79716K, committed 82520K, reserved 1120256K
  class space    used 10149K, capacity 10768K, committed 11352K, reserved 1048576K
}
Event: 277.878 GC heap before
{Heap before GC invocations=37 (full 5):
 PSYoungGen      total 368128K, used 341808K [0x00000000e0000000, 0x00000000fb900000, 0x0000000100000000)
  eden space 315904K, 100% used [0x00000000e0000000,0x00000000f3480000,0x00000000f3480000)
  from space 52224K, 49% used [0x00000000f3480000,0x00000000f4dcc2f8,0x00000000f6780000)
  to   space 50176K, 0% used [0x00000000f8800000,0x00000000f8800000,0x00000000fb900000)
 ParOldGen       total 190976K, used 109897K [0x00000000a0000000, 0x00000000aba80000, 0x00000000e0000000)
  object space 190976K, 57% used [0x00000000a0000000,0x00000000a6b52660,0x00000000aba80000)
 Metaspace       used 76597K, capacity 79784K, committed 82520K, reserved 1120256K
  class space    used 10149K, capacity 10768K, committed 11352K, reserved 1048576K
Event: 278.168 GC heap after
Heap after GC invocations=37 (full 5):
 PSYoungGen      total 399872K, used 35724K [0x00000000e0000000, 0x00000000fc000000, 0x0000000100000000)
  eden space 349696K, 0% used [0x00000000e0000000,0x00000000e0000000,0x00000000f5580000)
  from space 50176K, 71% used [0x00000000f8800000,0x00000000faae33a0,0x00000000fb900000)
  to   space 51712K, 0% used [0x00000000f5580000,0x00000000f5580000,0x00000000f8800000)
 ParOldGen       total 190976K, used 109905K [0x00000000a0000000, 0x00000000aba80000, 0x00000000e0000000)
  object space 190976K, 57% used [0x00000000a0000000,0x00000000a6b54660,0x00000000aba80000)
 Metaspace       used 76597K, capacity 79784K, committed 82520K, reserved 1120256K
  class space    used 10149K, capacity 10768K, committed 11352K, reserved 1048576K
}
Event: 281.012 GC heap before
{Heap before GC invocations=38 (full 5):
 PSYoungGen      total 399872K, used 385420K [0x00000000e0000000, 0x00000000fc000000, 0x0000000100000000)
  eden space 349696K, 100% used [0x00000000e0000000,0x00000000f5580000,0x00000000f5580000)
  from space 50176K, 71% used [0x00000000f8800000,0x00000000faae33a0,0x00000000fb900000)
  to   space 51712K, 0% used [0x00000000f5580000,0x00000000f5580000,0x00000000f8800000)
 ParOldGen       total 190976K, used 109905K [0x00000000a0000000, 0x00000000aba80000, 0x00000000e0000000)
  object space 190976K, 57% used [0x00000000a0000000,0x00000000a6b54660,0x00000000aba80000)
 Metaspace       used 76613K, capacity 79848K, committed 82776K, reserved 1120256K
  class space    used 10150K, capacity 10768K, committed 11352K, reserved 1048576K
Event: 281.476 GC heap after
Heap after GC invocations=38 (full 5):
 PSYoungGen      total 401408K, used 38536K [0x00000000e0000000, 0x00000000fc000000, 0x0000000100000000)
  eden space 349696K, 0% used [0x00000000e0000000,0x00000000e0000000,0x00000000f5580000)
  from space 51712K, 74% used [0x00000000f5580000,0x00000000f7b223b8,0x00000000f8800000)
  to   space 50176K, 0% used [0x00000000f8800000,0x00000000f8800000,0x00000000fb900000)
 ParOldGen       total 190976K, used 109905K [0x00000000a0000000, 0x00000000aba80000, 0x00000000e0000000)
  object space 190976K, 57% used [0x00000000a0000000,0x00000000a6b54660,0x00000000aba80000)
 Metaspace       used 76613K, capacity 79848K, committed 82776K, reserved 1120256K
  class space    used 10150K, capacity 10768K, committed 11352K, reserved 1048576K
}
Event: 283.412 GC heap before
{Heap before GC invocations=39 (full 5):
 PSYoungGen      total 401408K, used 388232K [0x00000000e0000000, 0x00000000fc000000, 0x0000000100000000)
  eden space 349696K, 100% used [0x00000000e0000000,0x00000000f5580000,0x00000000f5580000)
  from space 51712K, 74% used [0x00000000f5580000,0x00000000f7b223b8,0x00000000f8800000)
  to   space 50176K, 0% used [0x00000000f8800000,0x00000000f8800000,0x00000000fb900000)
 ParOldGen       total 190976K, used 109905K [0x00000000a0000000, 0x00000000aba80000, 0x00000000e0000000)
  object space 190976K, 57% used [0x00000000a0000000,0x00000000a6b54660,0x00000000aba80000)
 Metaspace       used 76674K, capacity 79856K, committed 82776K, reserved 1120256K
  class space    used 10156K, capacity 10770K, committed 11352K, reserved 1048576K
Event: 283.576 GC heap after
Heap after GC invocations=39 (full 5):
 PSYoungGen      total 396800K, used 36548K [0x00000000e0000000, 0x00000000fe180000, 0x0000000100000000)
  eden space 346624K, 0% used [0x00000000e0000000,0x00000000e0000000,0x00000000f5280000)
  from space 50176K, 72% used [0x00000000f8800000,0x00000000fabb1310,0x00000000fb900000)
  to   space 54784K, 0% used [0x00000000f5280000,0x00000000f5280000,0x00000000f8800000)
 ParOldGen       total 190976K, used 109905K [0x00000000a0000000, 0x00000000aba80000, 0x00000000e0000000)
  object space 190976K, 57% used [0x00000000a0000000,0x00000000a6b54660,0x00000000aba80000)
 Metaspace       used 76674K, capacity 79856K, committed 82776K, reserved 1120256K
  class space    used 10156K, capacity 10770K, committed 11352K, reserved 1048576K
}
Event: 284.969 GC heap before
{Heap before GC invocations=40 (full 5):
 PSYoungGen      total 396800K, used 383172K [0x00000000e0000000, 0x00000000fe180000, 0x0000000100000000)
  eden space 346624K, 100% used [0x00000000e0000000,0x00000000f5280000,0x00000000f5280000)
  from space 50176K, 72% used [0x00000000f8800000,0x00000000fabb1310,0x00000000fb900000)
  to   space 54784K, 0% used [0x00000000f5280000,0x00000000f5280000,0x00000000f8800000)
 ParOldGen       total 190976K, used 109905K [0x00000000a0000000, 0x00000000aba80000, 0x00000000e0000000)
  object space 190976K, 57% used [0x00000000a0000000,0x00000000a6b54660,0x00000000aba80000)
 Metaspace       used 76687K, capacity 79920K, committed 82776K, reserved 1120256K
  class space    used 10156K, capacity 10770K, committed 11352K, reserved 1048576K
Event: 285.045 GC heap after
Heap after GC invocations=40 (full 5):
 PSYoungGen      total 401408K, used 43275K [0x00000000e0000000, 0x00000000fe280000, 0x0000000100000000)
  eden space 346624K, 0% used [0x00000000e0000000,0x00000000e0000000,0x00000000f5280000)
  from space 54784K, 78% used [0x00000000f5280000,0x00000000f7cc2d50,0x00000000f8800000)
  to   space 57856K, 0% used [0x00000000faa00000,0x00000000faa00000,0x00000000fe280000)
 ParOldGen       total 190976K, used 109905K [0x00000000a0000000, 0x00000000aba80000, 0x00000000e0000000)
  object space 190976K, 57% used [0x00000000a0000000,0x00000000a6b54660,0x00000000aba80000)
 Metaspace       used 76687K, capacity 79920K, committed 82776K, reserved 1120256K
  class space    used 10156K, capacity 10770K, committed 11352K, reserved 1048576K
}

Deoptimization events (10 events):
Event: 277.346 Thread 0x000000001c2b2000 Uncommon trap: reason=unstable_if action=reinterpret pc=0x0000000005f19ca0 method=com.android.tools.r8.u.c.o.a(Lcom/android/tools/r8/u/c/M;IIZ)V @ 245
Event: 279.878 Thread 0x000000001c2ac000 Uncommon trap: reason=class_check action=maybe_recompile pc=0x0000000005dc4418 method=com.android.tools.r8.u.b.g1.T()I @ 19
Event: 280.027 Thread 0x000000001c2ab800 Uncommon trap: reason=unstable_if action=reinterpret pc=0x0000000004a68b90 method=com.android.tools.r8.graph.d0.b(Lcom/android/tools/r8/graph/d0;)I @ 57
Event: 280.778 Thread 0x000000001c2b0000 Uncommon trap: reason=speculate_class_check action=maybe_recompile pc=0x0000000005f4eea8 method=com.android.tools.r8.u.c.J.a()Lcom/android/tools/r8/graph/E; @ 851
Event: 282.772 Thread 0x000000001c2b0000 Uncommon trap: reason=speculate_class_check action=maybe_recompile pc=0x0000000005f4eea8 method=com.android.tools.r8.u.c.J.a()Lcom/android/tools/r8/graph/E; @ 851
Event: 283.323 Thread 0x000000001c2a6000 Uncommon trap: reason=unstable_if action=reinterpret pc=0x00000000037f85f0 method=com.android.ide.common.blame.SourceFilePosition.equals(Ljava/lang/Object;)Z @ 2
Event: 283.367 Thread 0x000000001c2a6000 Uncommon trap: reason=unstable_if action=reinterpret pc=0x0000000004ecf030 method=com.google.common.base.Objects.equal(Ljava/lang/Object;Ljava/lang/Object;)Z @ 6
Event: 283.734 Thread 0x000000001c2b0000 Uncommon trap: reason=speculate_class_check action=maybe_recompile pc=0x0000000005f4eea8 method=com.android.tools.r8.u.c.J.a()Lcom/android/tools/r8/graph/E; @ 851
Event: 284.626 Thread 0x000000001c2ac000 Uncommon trap: reason=speculate_class_check action=maybe_recompile pc=0x0000000005f4eea8 method=com.android.tools.r8.u.c.J.a()Lcom/android/tools/r8/graph/E; @ 851
Event: 284.675 Thread 0x000000001c2a6000 Uncommon trap: reason=class_check action=maybe_recompile pc=0x0000000005c9b16c method=com.android.tools.r8.u.a.h.e.b(Lcom/android/tools/r8/u/b/d0;)V @ 379

Classes redefined (0 events):
No events

Internal exceptions (10 events):
Event: 283.367 Thread 0x000000001c2a6000 Implicit null exception at 0x0000000004ece95e to 0x0000000004ecf01d
Event: 284.078 Thread 0x000000001c2b2000 Exception <a 'sun/nio/fs/WindowsException'> (0x00000000e0c6d250) thrown at [D:\src\AOSP-openjdk-cygwin\jdk8u\hotspot\src\share\vm\prims\jni.cpp, line 710]
Event: 284.079 Thread 0x000000001c2ab800 Exception <a 'sun/nio/fs/WindowsException'> (0x00000000e0ca4aa8) thrown at [D:\src\AOSP-openjdk-cygwin\jdk8u\hotspot\src\share\vm\prims\jni.cpp, line 710]
Event: 284.225 Thread 0x000000001c2ab800 Exception <a 'sun/nio/fs/WindowsException'> (0x00000000e82c36e8) thrown at [D:\src\AOSP-openjdk-cygwin\jdk8u\hotspot\src\share\vm\prims\jni.cpp, line 710]
Event: 284.261 Thread 0x000000001c2b2000 Exception <a 'sun/nio/fs/WindowsException'> (0x00000000e93fda58) thrown at [D:\src\AOSP-openjdk-cygwin\jdk8u\hotspot\src\share\vm\prims\jni.cpp, line 710]
Event: 284.321 Thread 0x000000001c2a6000 Exception <a 'sun/nio/fs/WindowsException'> (0x00000000e9a03828) thrown at [D:\src\AOSP-openjdk-cygwin\jdk8u\hotspot\src\share\vm\prims\jni.cpp, line 710]
Event: 284.511 Thread 0x000000001c2a5800 Exception <a 'sun/nio/fs/WindowsException'> (0x00000000e09601d8) thrown at [D:\src\AOSP-openjdk-cygwin\jdk8u\hotspot\src\share\vm\prims\jni.cpp, line 710]
Event: 285.069 Thread 0x000000001c2b2000 Exception <a 'sun/nio/fs/WindowsException'> (0x00000000e119f388) thrown at [D:\src\AOSP-openjdk-cygwin\jdk8u\hotspot\src\share\vm\prims\jni.cpp, line 710]
Event: 285.128 Thread 0x000000001c2a5800 Exception <a 'sun/nio/fs/WindowsException'> (0x00000000e2378758) thrown at [D:\src\AOSP-openjdk-cygwin\jdk8u\hotspot\src\share\vm\prims\jni.cpp, line 710]
Event: 285.234 Thread 0x000000001c2b2000 Exception <a 'sun/nio/fs/WindowsException'> (0x00000000e6b76248) thrown at [D:\src\AOSP-openjdk-cygwin\jdk8u\hotspot\src\share\vm\prims\jni.cpp, line 710]

Events (10 events):
Event: 285.190 Thread 0x000000001c2b0000 DEOPT PACKING pc=0x000000000608a10d sp=0x0000000026c6a5a0
Event: 285.190 Thread 0x000000001c2b0000 DEOPT UNPACKING pc=0x00000000034775d0 sp=0x0000000026c6a608 mode 0
Event: 285.210 Thread 0x000000001c2ac000 DEOPT PACKING pc=0x0000000005564f39 sp=0x000000002676a9b0
Event: 285.210 Thread 0x000000001c2ac000 DEOPT UNPACKING pc=0x00000000034775d0 sp=0x000000002676a898 mode 0
Event: 285.222 Thread 0x000000001c2ac000 DEOPT PACKING pc=0x000000000608a124 sp=0x000000002676a830
Event: 285.222 Thread 0x000000001c2ac000 DEOPT UNPACKING pc=0x00000000034775d0 sp=0x000000002676a8a8 mode 0
Event: 285.226 Thread 0x000000001c2ae800 DEOPT PACKING pc=0x0000000005564ece sp=0x0000000026b6a3b0
Event: 285.226 Thread 0x000000001c2ae800 DEOPT UNPACKING pc=0x00000000034775d0 sp=0x0000000026b6a298 mode 0
Event: 285.247 Thread 0x000000001c2a6000 DEOPT PACKING pc=0x000000000608a124 sp=0x000000002696a3b0
Event: 285.247 Thread 0x000000001c2a6000 DEOPT UNPACKING pc=0x00000000034775d0 sp=0x000000002696a428 mode 0


Dynamic libraries:
0x00007ff7f6350000 - 0x00007ff7f6381000 	D:\android\jre\bin\java.exe
0x00007fffd4ea0000 - 0x00007fffd5090000 	C:\WINDOWS\SYSTEM32\ntdll.dll
0x00007fffd42a0000 - 0x00007fffd4352000 	C:\WINDOWS\System32\KERNEL32.DLL
0x00007fffd20b0000 - 0x00007fffd2353000 	C:\WINDOWS\System32\KERNELBASE.dll
0x00007fffccb40000 - 0x00007fffccbcf000 	C:\WINDOWS\SYSTEM32\apphelp.dll
0x00007fffd4db0000 - 0x00007fffd4e53000 	C:\WINDOWS\System32\ADVAPI32.dll
0x00007fffd4200000 - 0x00007fffd429e000 	C:\WINDOWS\System32\msvcrt.dll
0x00007fffd4360000 - 0x00007fffd43f7000 	C:\WINDOWS\System32\sechost.dll
0x00007fffd3110000 - 0x00007fffd3230000 	C:\WINDOWS\System32\RPCRT4.dll
0x00007fffd2f50000 - 0x00007fffd30e4000 	C:\WINDOWS\System32\USER32.dll
0x00007fffd1fd0000 - 0x00007fffd1ff1000 	C:\WINDOWS\System32\win32u.dll
0x00007fffd3b00000 - 0x00007fffd3b26000 	C:\WINDOWS\System32\GDI32.dll
0x00007fffd1e30000 - 0x00007fffd1fc4000 	C:\WINDOWS\System32\gdi32full.dll
0x00007fffd2e50000 - 0x00007fffd2eee000 	C:\WINDOWS\System32\msvcp_win.dll
0x00007fffd2c50000 - 0x00007fffd2d4a000 	C:\WINDOWS\System32\ucrtbase.dll
0x00007fffc0250000 - 0x00007fffc04d5000 	C:\WINDOWS\WinSxS\amd64_microsoft.windows.common-controls_6595b64144ccf1df_6.0.18362.778_none_e6c6b761130d4fb8\COMCTL32.dll
0x00007fffd3ec0000 - 0x00007fffd41f6000 	C:\WINDOWS\System32\combase.dll
0x00007fffd2d50000 - 0x00007fffd2dd0000 	C:\WINDOWS\System32\bcryptPrimitives.dll
0x00007fffd3e30000 - 0x00007fffd3e5e000 	C:\WINDOWS\System32\IMM32.DLL
0x00000000551b0000 - 0x0000000055282000 	D:\android\jre\jre\bin\msvcr100.dll
0x0000000055290000 - 0x0000000055ad6000 	D:\android\jre\jre\bin\server\jvm.dll
0x00007fffd3230000 - 0x00007fffd3238000 	C:\WINDOWS\System32\PSAPI.DLL
0x00007fffcb330000 - 0x00007fffcb354000 	C:\WINDOWS\SYSTEM32\WINMM.dll
0x00007fffc83f0000 - 0x00007fffc83fa000 	C:\WINDOWS\SYSTEM32\VERSION.dll
0x00007fffcb300000 - 0x00007fffcb32d000 	C:\WINDOWS\SYSTEM32\WINMMBASE.dll
0x00007fffd2dd0000 - 0x00007fffd2e1a000 	C:\WINDOWS\System32\cfgmgr32.dll
0x00007fffbf350000 - 0x00007fffbf359000 	C:\WINDOWS\SYSTEM32\WSOCK32.dll
0x00007fffd4d40000 - 0x00007fffd4daf000 	C:\WINDOWS\System32\WS2_32.dll
0x00007fffcb400000 - 0x00007fffcb40f000 	D:\android\jre\jre\bin\verify.dll
0x00007fffb4db0000 - 0x00007fffb4dd9000 	D:\android\jre\jre\bin\java.dll
0x00007fffba5d0000 - 0x00007fffba5e6000 	D:\android\jre\jre\bin\zip.dll
0x00007fffd3360000 - 0x00007fffd3a45000 	C:\WINDOWS\System32\SHELL32.dll
0x00007fffd3a50000 - 0x00007fffd3af9000 	C:\WINDOWS\System32\shcore.dll
0x00007fffd24d0000 - 0x00007fffd2c50000 	C:\WINDOWS\System32\windows.storage.dll
0x00007fffd1db0000 - 0x00007fffd1dd3000 	C:\WINDOWS\System32\profapi.dll
0x00007fffd1de0000 - 0x00007fffd1e2a000 	C:\WINDOWS\System32\powrprof.dll
0x00007fffd1d60000 - 0x00007fffd1d70000 	C:\WINDOWS\System32\UMPDC.dll
0x00007fffd3b30000 - 0x00007fffd3b82000 	C:\WINDOWS\System32\shlwapi.dll
0x00007fffd1d90000 - 0x00007fffd1da1000 	C:\WINDOWS\System32\kernel.appcore.dll
0x00007fffd24b0000 - 0x00007fffd24c7000 	C:\WINDOWS\System32\cryptsp.dll
0x00007fffb53c0000 - 0x00007fffb53da000 	D:\android\jre\jre\bin\net.dll
0x00007fffbf720000 - 0x00007fffbf8f5000 	C:\WINDOWS\SYSTEM32\urlmon.dll
0x00007fffbf470000 - 0x00007fffbf716000 	C:\WINDOWS\SYSTEM32\iertutil.dll
0x00007fffd17a0000 - 0x00007fffd17ac000 	C:\WINDOWS\SYSTEM32\CRYPTBASE.DLL
0x00007fffd15b0000 - 0x00007fffd1617000 	C:\WINDOWS\system32\mswsock.dll
0x00007fffb4d30000 - 0x00007fffb4d43000 	D:\android\jre\jre\bin\nio.dll
0x00007fffba430000 - 0x00007fffba456000 	C:\Users\Samsung\.gradle\native\30\windows-amd64\native-platform.dll
0x00007fffcb3e0000 - 0x00007fffcb3ed000 	D:\android\jre\jre\bin\management.dll
0x00007fffd10a0000 - 0x00007fffd10d3000 	C:\WINDOWS\system32\rsaenh.dll
0x00007fffd2e20000 - 0x00007fffd2e46000 	C:\WINDOWS\System32\bcrypt.dll
0x00007fffd1c80000 - 0x00007fffd1ca5000 	C:\WINDOWS\SYSTEM32\USERENV.dll
0x00007fffd12a0000 - 0x00007fffd12da000 	C:\WINDOWS\SYSTEM32\IPHLPAPI.DLL
0x00007fffd4c60000 - 0x00007fffd4c68000 	C:\WINDOWS\System32\NSI.dll
0x00007fffc4780000 - 0x00007fffc4796000 	C:\WINDOWS\SYSTEM32\dhcpcsvc6.DLL
0x00007fffc5810000 - 0x00007fffc582c000 	C:\WINDOWS\SYSTEM32\dhcpcsvc.DLL
0x00007fffd12f0000 - 0x00007fffd13ba000 	C:\WINDOWS\SYSTEM32\DNSAPI.dll

VM Arguments:
jvm_args: -Xmx1536m -Dfile.encoding=x-windows-949 -Duser.country=KR -Duser.language=ko -Duser.variant 
java_command: org.gradle.launcher.daemon.bootstrap.GradleDaemon 5.6.4
java_class_path (initial): C:\Users\Samsung\.gradle\wrapper\dists\gradle-5.6.4-all\ankdp27end7byghfw1q2sw75f\gradle-5.6.4\lib\gradle-launcher-5.6.4.jar
Launcher Type: SUN_STANDARD

Environment Variables:
JAVA_HOME=C:\Program Files\Java\jdk1.8.0_91
PATH=D:\dk\app\oracle\product\11.2.0\server\bin;;C:\ProgramData\Oracle\Java\javapath;C:\Program Files (x86)\Intel\Intel(R) Management Engine Components\iCLS\;C:\Program Files\Intel\Intel(R) Management Engine Components\iCLS\;C:\windows\system32;C:\windows;C:\windows\System32\Wbem;C:\windows\System32\WindowsPowerShell\v1.0\;C:\Program Files (x86)\NVIDIA Corporation\PhysX\Common;C:\Program Files (x86)\Intel\Intel(R) Management Engine Components\DAL;C:\Program Files\Intel\Intel(R) Management Engine Components\DAL;C:\Program Files (x86)\Intel\Intel(R) Management Engine Components\IPT;C:\Program Files\Intel\Intel(R) Management Engine Components\IPT;C:\WINDOWS\system32;C:\WINDOWS;C:\WINDOWS\System32\Wbem;C:\WINDOWS\System32\WindowsPowerShell\v1.0\;C:\WINDOWS\System32\OpenSSH\;C:\Program Files\dotnet\;C:\Program Files\Java\jdk1.8.0_91\bin;C:\Bitnami\wampstack-7.1.26-1\mysql\bin;C:\Program Files\Git\cmd;C:\Program Files\nodejs\;C:\Users\Samsung\AppData\Local\Programs\Python\Python37-32\Scripts\;C:\Users\Samsung\AppData\Local\Programs\Python\Python37-32\;C:\Users\Samsung\AppData\Local\Microsoft\WindowsApps;C:\Program Files\Bandizip\;C:\Program Files\JetBrains\PyCharm Community Edition 2018.3.5\bin;;C:\Users\Samsung\AppData\Local\Programs\Microsoft VS Code\bin;C:\Users\Samsung\AppData\Roaming\npm;C:\OpenSSL-Win64\bin;
USERNAME=Samsung
OS=Windows_NT
PROCESSOR_IDENTIFIER=Intel64 Family 6 Model 142 Stepping 10, GenuineIntel



---------------  S Y S T E M  ---------------

OS: Windows 10.0 , 64 bit Build 18362 (10.0.18362.778)

CPU:total 8 (initial active 8) (4 cores per cpu, 2 threads per core) family 6 model 142 stepping 10, cmov, cx8, fxsr, mmx, sse, sse2, sse3, ssse3, sse4.1, sse4.2, popcnt, avx, avx2, aes, clmul, erms, 3dnowpref, lzcnt, ht, tsc, tscinvbit, bmi1, bmi2, adx

Memory: 4k page, physical 4107416k(206008k free), swap 12299416k(6272k free)

vm_info: OpenJDK 64-Bit Server VM (25.212-b04) for windows-amd64 JRE (1.8.0_212-release-1586-b04), built by "builder" with MS VC++ 10.0 (VS2010)

time: Fri May 01 14:06:21 2020
timezone: 대한민국 표준시
elapsed time: 285 seconds (0d 0h 4m 45s)

