#
# There is insufficient memory for the Java Runtime Environment to continue.
# Native memory allocation (malloc) failed to allocate 1107696 bytes for Chunk::new
# Possible reasons:
#   The system is out of physical RAM or swap space
#   The process is running with CompressedOops enabled, and the Java Heap may be blocking the growth of the native heap
# Possible solutions:
#   Reduce memory load on the system
#   Increase physical memory or swap space
#   Check if swap backing store is full
#   Decrease Java heap size (-Xmx/-Xms)
#   Decrease number of Java threads
#   Decrease Java thread stack sizes (-Xss)
#   Set larger code cache with -XX:ReservedCodeCacheSize=
#   JVM is running with Unscaled Compressed Oops mode in which the Java heap is
#     placed in the first 4GB address space. The Java Heap base address is the
#     maximum limit for the native heap growth. Please use -XX:HeapBaseMinAddress
#     to set the Java Heap base and to place the Java Heap above 4GB virtual address.
# This output file may be truncated or incomplete.
#
#  Out of Memory Error (allocation.cpp:389), pid=29624, tid=0x0000000000002028
#
# JRE version: OpenJDK Runtime Environment (8.0_212-b04) (build 1.8.0_212-release-1586-b04)
# Java VM: OpenJDK 64-Bit Server VM (25.212-b04 mixed mode windows-amd64 compressed oops)
# Failed to write core dump. Minidumps are not enabled by default on client versions of Windows
#

---------------  T H R E A D  ---------------

Current thread (0x0000000018661800):  JavaThread "C2 CompilerThread0" daemon [_thread_in_native, id=8232, stack(0x0000000018dd0000,0x0000000018ed0000)]

Stack: [0x0000000018dd0000,0x0000000018ed0000]
[error occurred during error reporting (printing stack bounds), id 0xc0000005]

Native frames: (J=compiled Java code, j=interpreted, Vv=VM code, C=native code)


Current CompileTask:
C2:3526096 20331       4       com.android.utils.XmlUtils::append (639 bytes)


---------------  P R O C E S S  ---------------

Java Threads: ( => current thread )
  0x000000001d8c8800 JavaThread "Cache worker for execution history cache (D:\AndroidStudioProject\booksns_Re\.gradle\5.6.4\executionHistory)" [_thread_blocked, id=16244, stack(0x00000000314c0000,0x00000000315c0000)]
  0x000000001d8c5800 JavaThread "Execution worker for ':' Thread 7" [_thread_blocked, id=28464, stack(0x00000000272e0000,0x00000000273e0000)]
  0x000000001d8c4800 JavaThread "Execution worker for ':' Thread 6" [_thread_blocked, id=9924, stack(0x00000000271e0000,0x00000000272e0000)]
  0x000000001d8c7800 JavaThread "Execution worker for ':' Thread 5" [_thread_blocked, id=10848, stack(0x00000000270e0000,0x00000000271e0000)]
  0x000000001a24e000 JavaThread "Execution worker for ':' Thread 4" [_thread_in_vm, id=27848, stack(0x0000000026fe0000,0x00000000270e0000)]
  0x000000001a24d000 JavaThread "Execution worker for ':' Thread 3" [_thread_blocked, id=18308, stack(0x0000000026ee0000,0x0000000026fe0000)]
  0x000000001a24f800 JavaThread "Execution worker for ':' Thread 2" [_thread_blocked, id=29268, stack(0x00000000261e0000,0x00000000262e0000)]
  0x000000001a245800 JavaThread "Execution worker for ':'" [_thread_blocked, id=30552, stack(0x0000000024880000,0x0000000024980000)]
  0x000000001a249800 JavaThread "Cache worker for file content cache (D:\AndroidStudioProject\booksns_Re\.gradle\5.6.4\fileContent)" [_thread_blocked, id=19464, stack(0x00000000245c0000,0x00000000246c0000)]
  0x000000001a244000 JavaThread "Cache worker for Build Output Cleanup Cache (D:\AndroidStudioProject\booksns_Re\.gradle\buildOutputCleanup)" [_thread_blocked, id=24648, stack(0x00000000235c0000,0x00000000236c0000)]
  0x000000001a248000 JavaThread "pool-7-thread-1" [_thread_blocked, id=20260, stack(0x00000000230c0000,0x00000000231c0000)]
  0x000000001a248800 JavaThread "Build operations Thread 8" [_thread_blocked, id=26444, stack(0x0000000022fc0000,0x00000000230c0000)]
  0x000000001a240000 JavaThread "Build operations Thread 7" [_thread_blocked, id=18080, stack(0x0000000022ec0000,0x0000000022fc0000)]
  0x000000001a246800 JavaThread "Build operations Thread 6" [_thread_blocked, id=20320, stack(0x0000000022dc0000,0x0000000022ec0000)]
  0x000000001a243800 JavaThread "Build operations Thread 5" [_thread_blocked, id=25056, stack(0x0000000021c30000,0x0000000021d30000)]
  0x000000001a242800 JavaThread "Build operations Thread 4" [_thread_blocked, id=8692, stack(0x0000000021910000,0x0000000021a10000)]
  0x000000001bb0f800 JavaThread "Build operations Thread 3" [_thread_blocked, id=27604, stack(0x0000000021810000,0x0000000021910000)]
  0x000000001bb0f000 JavaThread "Build operations Thread 2" [_thread_blocked, id=29504, stack(0x0000000021710000,0x0000000021810000)]
  0x000000001bb07800 JavaThread "Build operations" [_thread_blocked, id=14728, stack(0x0000000020870000,0x0000000020970000)]
  0x000000001bb0e000 JavaThread "Cache worker for cache directory md-rule (C:\Users\Samsung\.gradle\caches\5.6.4\md-rule)" [_thread_blocked, id=22452, stack(0x000000001f2f0000,0x000000001f3f0000)]
  0x000000001bb0c800 JavaThread "Cache worker for cache directory md-supplier (C:\Users\Samsung\.gradle\caches\5.6.4\md-supplier)" [_thread_blocked, id=18784, stack(0x000000001eff0000,0x000000001f0f0000)]
  0x000000001bb09000 JavaThread "Cache worker for file hash cache (D:\AndroidStudioProject\booksns_Re\.gradle\5.6.4\fileHashes)" [_thread_blocked, id=29492, stack(0x000000001c750000,0x000000001c850000)]
  0x000000001bb06800 JavaThread "Thread-79" [_thread_blocked, id=2664, stack(0x000000001c650000,0x000000001c750000)]
  0x000000001bb05000 JavaThread "Stdin handler" [_thread_blocked, id=25152, stack(0x000000001c550000,0x000000001c650000)]
  0x000000001bb08000 JavaThread "Asynchronous log dispatcher for DefaultDaemonConnection: socket connection from /127.0.0.1:62531 to /127.0.0.1:63681" [_thread_blocked, id=18492, stack(0x000000001c250000,0x000000001c350000)]
  0x000000001bb0b000 JavaThread "Cancel handler" [_thread_blocked, id=29520, stack(0x0000000000a90000,0x0000000000b90000)]
  0x000000001bb0a800 JavaThread "Handler for socket connection from /127.0.0.1:62531 to /127.0.0.1:63681" [_thread_in_native, id=15604, stack(0x0000000000990000,0x0000000000a90000)]
  0x000000001d8ca000 JavaThread "Daemon worker Thread 3" [_thread_blocked, id=23360, stack(0x000000001c150000,0x000000001c250000)]
  0x000000001d8c4000 JavaThread "Daemon Thread 3" [_thread_blocked, id=3972, stack(0x0000000000890000,0x0000000000990000)]
  0x000000001d8ca800 JavaThread "Cache worker for file content cache (C:\Users\Samsung\.gradle\caches\5.6.4\fileContent)" [_thread_blocked, id=10460, stack(0x00000000238c0000,0x00000000239c0000)]
  0x000000001a24b800 JavaThread "Memory manager" [_thread_blocked, id=28520, stack(0x0000000024780000,0x0000000024880000)]
  0x000000001a241000 JavaThread "Cache worker for execution history cache (C:\Users\Samsung\.gradle\caches\5.6.4\executionHistory)" [_thread_blocked, id=26296, stack(0x0000000021210000,0x0000000021310000)]
  0x000000001897a800 JavaThread "Cache worker for journal cache (C:\Users\Samsung\.gradle\caches\journal-1)" [_thread_blocked, id=27544, stack(0x000000001cf50000,0x000000001d050000)]
  0x000000001897b000 JavaThread "File lock request listener" [_thread_in_native, id=24572, stack(0x000000001ce50000,0x000000001cf50000)]
  0x000000001897e000 JavaThread "Cache worker for file hash cache (C:\Users\Samsung\.gradle\caches\5.6.4\fileHashes)" [_thread_blocked, id=25612, stack(0x000000001cd50000,0x000000001ce50000)]
  0x0000000019931000 JavaThread "Daemon periodic checks" [_thread_blocked, id=13780, stack(0x000000001c050000,0x000000001c150000)]
  0x0000000019a72000 JavaThread "Incoming local TCP Connector on port 62531" [_thread_in_native, id=23040, stack(0x000000001be70000,0x000000001bf70000)]
  0x000000001ad77800 JavaThread "Daemon health stats" [_thread_blocked, id=10696, stack(0x000000001bb70000,0x000000001bc70000)]
  0x00000000186b6000 JavaThread "Service Thread" daemon [_thread_blocked, id=2232, stack(0x00000000191d0000,0x00000000192d0000)]
  0x000000001866b800 JavaThread "C1 CompilerThread3" daemon [_thread_blocked, id=15824, stack(0x00000000190d0000,0x00000000191d0000)]
  0x0000000018664800 JavaThread "C2 CompilerThread2" daemon [_thread_blocked, id=27396, stack(0x0000000018fd0000,0x00000000190d0000)]
  0x0000000018663800 JavaThread "C2 CompilerThread1" daemon [_thread_in_native, id=22140, stack(0x0000000018ed0000,0x0000000018fd0000)]
=>0x0000000018661800 JavaThread "C2 CompilerThread0" daemon [_thread_in_native, id=8232, stack(0x0000000018dd0000,0x0000000018ed0000)]
  0x000000001865b000 JavaThread "Attach Listener" daemon [_thread_blocked, id=8300, stack(0x0000000018cd0000,0x0000000018dd0000)]
  0x0000000018608000 JavaThread "Signal Dispatcher" daemon [_thread_blocked, id=21564, stack(0x0000000018bd0000,0x0000000018cd0000)]
  0x00000000185f0800 JavaThread "Finalizer" daemon [_thread_blocked, id=22580, stack(0x0000000018ad0000,0x0000000018bd0000)]
  0x0000000002a06800 JavaThread "Reference Handler" daemon [_thread_blocked, id=560, stack(0x00000000189d0000,0x0000000018ad0000)]
  0x000000000290e000 JavaThread "main" [_thread_blocked, id=25540, stack(0x00000000027b0000,0x00000000028b0000)]

Other Threads:
  0x00000000167c7800 VMThread [stack: 0x00000000184d0000,0x00000000185d0000] [id=27980]
  0x00000000186b8000 WatcherThread [stack: 0x00000000192d0000,0x00000000193d0000] [id=17432]

VM state:not at safepoint (normal execution)

VM Mutex/Monitor currently owned by a thread: None

OutOfMemory and StackOverflow Exception counts:
OutOfMemoryError java_heap_errors=1

heap address: 0x00000000a0000000, size: 1536 MB, Compressed Oops mode: 32-bit
Narrow klass base: 0x0000000000000000, Narrow klass shift: 3
Compressed class space size: 1073741824 Address: 0x0000000100000000

Heap:
 PSYoungGen      total 478720K, used 74636K [0x00000000e0000000, 0x0000000100000000, 0x0000000100000000)
  eden space 441344K, 10% used [0x00000000e0000000,0x00000000e2de76d8,0x00000000faf00000)
  from space 37376K, 73% used [0x00000000fd780000,0x00000000ff27baa0,0x00000000ffc00000)
  to   space 41472K, 0% used [0x00000000faf00000,0x00000000faf00000,0x00000000fd780000)
 ParOldGen       total 218624K, used 145531K [0x00000000a0000000, 0x00000000ad580000, 0x00000000e0000000)
  object space 218624K, 66% used [0x00000000a0000000,0x00000000a8e1ede0,0x00000000ad580000)
 Metaspace       used 96387K, capacity 101240K, committed 101376K, reserved 1136640K
  class space    used 12499K, capacity 13458K, committed 13568K, reserved 1048576K

Card table byte_map: [0x0000000011dd0000,0x00000000120e0000] byte_map_base: 0x00000000118d0000

Marking Bits: (ParMarkBitMap*) 0x0000000055a59f30
 Begin Bits: [0x0000000012ae0000, 0x00000000142e0000)
 End Bits:   [0x00000000142e0000, 0x0000000015ae0000)

Polling page: 0x00000000003f0000

CodeCache: size=245760Kb used=60036Kb max_used=60064Kb free=185723Kb
 bounds [0x0000000002a10000, 0x0000000006500000, 0x0000000011a10000]
 total_blobs=17308 nmethods=16398 adapters=819
 compilation: enabled

Compilation events (10 events):
Event: 3525.321 Thread 0x0000000018661800 20330       4       com.android.utils.XmlUtils$PositionAwareStringBuilder::getOffset (8 bytes)
Event: 3525.322 Thread 0x0000000018661800 nmethod 20330 0x00000000064bfa90 code [0x00000000064bfbc0, 0x00000000064bfc38]
Event: 3525.342 Thread 0x0000000018661800 20331       4       com.android.utils.XmlUtils::append (639 bytes)
Event: 3525.399 Thread 0x000000001866b800 20333       3       com.android.utils.XmlUtils::appendXmlTextValue (76 bytes)
Event: 3525.402 Thread 0x000000001866b800 nmethod 20333 0x00000000064d8b10 code [0x00000000064d8d40, 0x00000000064d9b48]
Event: 3525.506 Thread 0x000000001866b800 20334       3       sun.nio.cs.UTF_8$Encoder::overflow (11 bytes)
Event: 3525.522 Thread 0x000000001866b800 nmethod 20334 0x00000000064d8190 code [0x00000000064d8340, 0x00000000064d8858]
Event: 3525.558 Thread 0x0000000018664800 nmethod 20320 0x00000000064f0f10 code [0x00000000064f1400, 0x00000000064f5ba0]
Event: 3525.558 Thread 0x0000000018664800 20332       4       com.sun.org.apache.xerces.internal.dom.NamedNodeMapImpl::item (41 bytes)
Event: 3525.559 Thread 0x0000000018664800 nmethod 20332 0x00000000064d1c50 code [0x00000000064d1da0, 0x00000000064d1f78]

GC Heap History (10 events):
Event: 1039.760 GC heap before
{Heap before GC invocations=35 (full 5):
 PSYoungGen      total 474112K, used 4192K [0x00000000e0000000, 0x00000000ffa00000, 0x0000000100000000)
  eden space 429568K, 0% used [0x00000000e0000000,0x00000000e0000000,0x00000000fa380000)
  from space 44544K, 9% used [0x00000000fce80000,0x00000000fd298000,0x00000000ffa00000)
  to   space 44032K, 0% used [0x00000000fa380000,0x00000000fa380000,0x00000000fce80000)
 ParOldGen       total 183296K, used 163094K [0x00000000a0000000, 0x00000000ab300000, 0x00000000e0000000)
  object space 183296K, 88% used [0x00000000a0000000,0x00000000a9f45808,0x00000000ab300000)
 Metaspace       used 91636K, capacity 95586K, committed 96256K, reserved 1132544K
  class space    used 12039K, capacity 12868K, committed 13056K, reserved 1048576K
Event: 1042.890 GC heap after
Heap after GC invocations=35 (full 5):
 PSYoungGen      total 474112K, used 0K [0x00000000e0000000, 0x00000000ffa00000, 0x0000000100000000)
  eden space 429568K, 0% used [0x00000000e0000000,0x00000000e0000000,0x00000000fa380000)
  from space 44544K, 0% used [0x00000000fce80000,0x00000000fce80000,0x00000000ffa00000)
  to   space 44032K, 0% used [0x00000000fa380000,0x00000000fa380000,0x00000000fce80000)
 ParOldGen       total 218624K, used 133469K [0x00000000a0000000, 0x00000000ad580000, 0x00000000e0000000)
  object space 218624K, 61% used [0x00000000a0000000,0x00000000a8257460,0x00000000ad580000)
 Metaspace       used 91563K, capacity 95408K, committed 96256K, reserved 1132544K
  class space    used 12013K, capacity 12823K, committed 13056K, reserved 1048576K
}
Event: 1048.249 GC heap before
{Heap before GC invocations=36 (full 5):
 PSYoungGen      total 474112K, used 429568K [0x00000000e0000000, 0x00000000ffa00000, 0x0000000100000000)
  eden space 429568K, 100% used [0x00000000e0000000,0x00000000fa380000,0x00000000fa380000)
  from space 44544K, 0% used [0x00000000fce80000,0x00000000fce80000,0x00000000ffa00000)
  to   space 44032K, 0% used [0x00000000fa380000,0x00000000fa380000,0x00000000fce80000)
 ParOldGen       total 218624K, used 133469K [0x00000000a0000000, 0x00000000ad580000, 0x00000000e0000000)
  object space 218624K, 61% used [0x00000000a0000000,0x00000000a8257460,0x00000000ad580000)
 Metaspace       used 91586K, capacity 95408K, committed 96256K, reserved 1132544K
  class space    used 12019K, capacity 12823K, committed 13056K, reserved 1048576K
Event: 1048.577 GC heap after
Heap after GC invocations=36 (full 5):
 PSYoungGen      total 473600K, used 4960K [0x00000000e0000000, 0x00000000ffb80000, 0x0000000100000000)
  eden space 429568K, 0% used [0x00000000e0000000,0x00000000e0000000,0x00000000fa380000)
  from space 44032K, 11% used [0x00000000fa380000,0x00000000fa858000,0x00000000fce80000)
  to   space 41984K, 0% used [0x00000000fd280000,0x00000000fd280000,0x00000000ffb80000)
 ParOldGen       total 218624K, used 133469K [0x00000000a0000000, 0x00000000ad580000, 0x00000000e0000000)
  object space 218624K, 61% used [0x00000000a0000000,0x00000000a8257460,0x00000000ad580000)
 Metaspace       used 91586K, capacity 95408K, committed 96256K, reserved 1132544K
  class space    used 12019K, capacity 12823K, committed 13056K, reserved 1048576K
}
Event: 1054.090 GC heap before
{Heap before GC invocations=37 (full 5):
 PSYoungGen      total 473600K, used 434528K [0x00000000e0000000, 0x00000000ffb80000, 0x0000000100000000)
  eden space 429568K, 100% used [0x00000000e0000000,0x00000000fa380000,0x00000000fa380000)
  from space 44032K, 11% used [0x00000000fa380000,0x00000000fa858000,0x00000000fce80000)
  to   space 41984K, 0% used [0x00000000fd280000,0x00000000fd280000,0x00000000ffb80000)
 ParOldGen       total 218624K, used 133469K [0x00000000a0000000, 0x00000000ad580000, 0x00000000e0000000)
  object space 218624K, 61% used [0x00000000a0000000,0x00000000a8257460,0x00000000ad580000)
 Metaspace       used 92708K, capacity 96788K, committed 97280K, reserved 1134592K
  class space    used 12142K, capacity 12959K, committed 13056K, reserved 1048576K
Event: 1054.433 GC heap after
Heap after GC invocations=37 (full 5):
 PSYoungGen      total 477696K, used 9128K [0x00000000e0000000, 0x00000000ff900000, 0x0000000100000000)
  eden space 438272K, 0% used [0x00000000e0000000,0x00000000e0000000,0x00000000fac00000)
  from space 39424K, 23% used [0x00000000fd280000,0x00000000fdb6a2a0,0x00000000ff900000)
  to   space 39424K, 0% used [0x00000000fac00000,0x00000000fac00000,0x00000000fd280000)
 ParOldGen       total 218624K, used 137796K [0x00000000a0000000, 0x00000000ad580000, 0x00000000e0000000)
  object space 218624K, 63% used [0x00000000a0000000,0x00000000a8691160,0x00000000ad580000)
 Metaspace       used 92708K, capacity 96788K, committed 97280K, reserved 1134592K
  class space    used 12142K, capacity 12959K, committed 13056K, reserved 1048576K
}
Event: 2568.971 GC heap before
{Heap before GC invocations=38 (full 5):
 PSYoungGen      total 477696K, used 447400K [0x00000000e0000000, 0x00000000ff900000, 0x0000000100000000)
  eden space 438272K, 100% used [0x00000000e0000000,0x00000000fac00000,0x00000000fac00000)
  from space 39424K, 23% used [0x00000000fd280000,0x00000000fdb6a2a0,0x00000000ff900000)
  to   space 39424K, 0% used [0x00000000fac00000,0x00000000fac00000,0x00000000fd280000)
 ParOldGen       total 218624K, used 137796K [0x00000000a0000000, 0x00000000ad580000, 0x00000000e0000000)
  object space 218624K, 63% used [0x00000000a0000000,0x00000000a8691160,0x00000000ad580000)
 Metaspace       used 93148K, capacity 97326K, committed 97664K, reserved 1134592K
  class space    used 12192K, capacity 13058K, committed 13184K, reserved 1048576K
Event: 2569.367 GC heap after
Heap after GC invocations=38 (full 5):
 PSYoungGen      total 477696K, used 5054K [0x00000000e0000000, 0x00000000ffc00000, 0x0000000100000000)
  eden space 438272K, 0% used [0x00000000e0000000,0x00000000e0000000,0x00000000fac00000)
  from space 39424K, 12% used [0x00000000fac00000,0x00000000fb0efb80,0x00000000fd280000)
  to   space 37376K, 0% used [0x00000000fd780000,0x00000000fd780000,0x00000000ffc00000)
 ParOldGen       total 218624K, used 140765K [0x00000000a0000000, 0x00000000ad580000, 0x00000000e0000000)
  object space 218624K, 64% used [0x00000000a0000000,0x00000000a89776f0,0x00000000ad580000)
 Metaspace       used 93148K, capacity 97326K, committed 97664K, reserved 1134592K
  class space    used 12192K, capacity 13058K, committed 13184K, reserved 1048576K
}
Event: 3514.199 GC heap before
{Heap before GC invocations=39 (full 5):
 PSYoungGen      total 477696K, used 443326K [0x00000000e0000000, 0x00000000ffc00000, 0x0000000100000000)
  eden space 438272K, 100% used [0x00000000e0000000,0x00000000fac00000,0x00000000fac00000)
  from space 39424K, 12% used [0x00000000fac00000,0x00000000fb0efb80,0x00000000fd280000)
  to   space 37376K, 0% used [0x00000000fd780000,0x00000000fd780000,0x00000000ffc00000)
 ParOldGen       total 218624K, used 140765K [0x00000000a0000000, 0x00000000ad580000, 0x00000000e0000000)
  object space 218624K, 64% used [0x00000000a0000000,0x00000000a89776f0,0x00000000ad580000)
 Metaspace       used 96113K, capacity 100966K, committed 101120K, reserved 1136640K
  class space    used 12479K, capacity 13455K, committed 13568K, reserved 1048576K
Event: 3515.513 GC heap after
Heap after GC invocations=39 (full 5):
 PSYoungGen      total 478720K, used 27630K [0x00000000e0000000, 0x0000000100000000, 0x0000000100000000)
  eden space 441344K, 0% used [0x00000000e0000000,0x00000000e0000000,0x00000000faf00000)
  from space 37376K, 73% used [0x00000000fd780000,0x00000000ff27baa0,0x00000000ffc00000)
  to   space 41472K, 0% used [0x00000000faf00000,0x00000000faf00000,0x00000000fd780000)
 ParOldGen       total 218624K, used 145531K [0x00000000a0000000, 0x00000000ad580000, 0x00000000e0000000)
  object space 218624K, 66% used [0x00000000a0000000,0x00000000a8e1ede0,0x00000000ad580000)
 Metaspace       used 96113K, capacity 100966K, committed 101120K, reserved 1136640K
  class space    used 12479K, capacity 13455K, committed 13568K, reserved 1048576K
}

Deoptimization events (10 events):
Event: 3525.180 Thread 0x000000001a24e000 Uncommon trap: reason=class_check action=maybe_recompile pc=0x00000000064369b0 method=com.sun.org.apache.xerces.internal.dom.ElementImpl.getAttributes()Lorg/w3c/dom/NamedNodeMap; @ 8
Event: 3525.180 Thread 0x000000001a24e000 Uncommon trap: reason=class_check action=maybe_recompile pc=0x000000000649f944 method=com.sun.org.apache.xerces.internal.dom.AttrImpl.getOwnerElement()Lorg/w3c/dom/Element; @ 15
Event: 3525.189 Thread 0x000000001a24e000 Uncommon trap: reason=class_check action=maybe_recompile pc=0x00000000064ce22c method=com.sun.org.apache.xerces.internal.dom.AttrImpl.getOwnerElement()Lorg/w3c/dom/Element; @ 18
Event: 3525.189 Thread 0x000000001a24e000 Uncommon trap: reason=class_check action=maybe_recompile pc=0x00000000064ce22c method=com.sun.org.apache.xerces.internal.dom.AttrImpl.getOwnerElement()Lorg/w3c/dom/Element; @ 18
Event: 3525.264 Thread 0x000000001a24e000 Uncommon trap: reason=class_check action=maybe_recompile pc=0x00000000063b74c0 method=com.sun.org.apache.xerces.internal.dom.NamedNodeMapImpl.item(I)Lorg/w3c/dom/Node; @ 33
Event: 3525.265 Thread 0x000000001a24e000 Uncommon trap: reason=class_check action=maybe_recompile pc=0x00000000063b74c0 method=com.sun.org.apache.xerces.internal.dom.NamedNodeMapImpl.item(I)Lorg/w3c/dom/Node; @ 33
Event: 3525.301 Thread 0x000000001a24e000 Uncommon trap: reason=unstable_if action=reinterpret pc=0x0000000006460488 method=com.android.utils.XmlUtils.toXmlAttributeValue(Ljava/lang/String;)Ljava/lang/String; @ 33
Event: 3525.301 Thread 0x000000001a24e000 Uncommon trap: reason=unstable_if action=reinterpret pc=0x00000000063dcd38 method=com.android.utils.XmlUtils.toXmlAttributeValue(Ljava/lang/String;)Ljava/lang/String; @ 33
Event: 3525.387 Thread 0x000000001a24e000 Uncommon trap: reason=class_check action=maybe_recompile pc=0x00000000063b74c0 method=com.sun.org.apache.xerces.internal.dom.NamedNodeMapImpl.item(I)Lorg/w3c/dom/Node; @ 33
Event: 3525.412 Thread 0x000000001a24e000 Uncommon trap: reason=unstable_if action=reinterpret pc=0x000000000645c7e8 method=com.android.utils.XmlUtils.append(Lcom/android/utils/XmlUtils$PositionAwareStringBuilder;Lorg/w3c/dom/Node;Ljava/util/Map;Ljava/util/Set;)V @ 540

Classes redefined (0 events):
No events

Internal exceptions (10 events):
Event: 3416.801 Thread 0x000000001d8ca000 Exception <a 'java/lang/ClassNotFoundException': org/jetbrains/plugins/gradle/tooling/util/JavaPluginUtilBeanInfo> (0x00000000e5027c60) thrown at [D:\src\AOSP-openjdk-cygwin\jdk8u\hotspot\src\share\vm\classfile\systemDictionary.cpp, line 210]
Event: 3416.801 Thread 0x000000001d8ca000 Exception <a 'java/lang/ClassNotFoundException': org/jetbrains/plugins/gradle/tooling/util/JavaPluginUtilCustomizer> (0x00000000e503a9e0) thrown at [D:\src\AOSP-openjdk-cygwin\jdk8u\hotspot\src\share\vm\classfile\systemDictionary.cpp, line 210]
Event: 3420.466 Thread 0x000000001d8ca000 Exception <a 'sun/nio/fs/WindowsException'> (0x00000000eb43b5d0) thrown at [D:\src\AOSP-openjdk-cygwin\jdk8u\hotspot\src\share\vm\prims\jni.cpp, line 710]
Event: 3474.407 Thread 0x000000001d8ca000 Exception <a 'sun/nio/fs/WindowsException'> (0x00000000ed0ddc78) thrown at [D:\src\AOSP-openjdk-cygwin\jdk8u\hotspot\src\share\vm\prims\jni.cpp, line 710]
Event: 3474.538 Thread 0x000000001d8ca000 Implicit null exception at 0x00000000059888df to 0x0000000005988a0d
Event: 3523.677 Thread 0x000000001a24e000 Implicit null exception at 0x00000000037566db to 0x0000000003756c31
Event: 3523.678 Thread 0x000000001a24e000 Implicit null exception at 0x0000000006301752 to 0x0000000006301d89
Event: 3523.818 Thread 0x000000001a24e000 Implicit null exception at 0x000000000640c5e7 to 0x000000000640e829
Event: 3523.819 Thread 0x000000001a24e000 Implicit null exception at 0x00000000063c58d7 to 0x00000000063c5c1d
Event: 3525.412 Thread 0x000000001a24e000 Implicit null exception at 0x000000000645eac5 to 0x000000000645c7c9

Events (10 events):
Event: 3525.301 Thread 0x000000001a24e000 DEOPT PACKING pc=0x00000000063dcd38 sp=0x00000000270db480
Event: 3525.301 Thread 0x000000001a24e000 DEOPT UNPACKING pc=0x0000000002a5557b sp=0x00000000270db410 mode 2
Event: 3525.386 Thread 0x000000001a24e000 Uncommon trap: trap_request=0xffffffde fr.pc=0x00000000063b74c0
Event: 3525.387 Thread 0x000000001a24e000 DEOPT PACKING pc=0x00000000063b74c0 sp=0x00000000270daf70
Event: 3525.387 Thread 0x000000001a24e000 DEOPT UNPACKING pc=0x0000000002a5557b sp=0x00000000270daf08 mode 2
Event: 3525.412 Thread 0x000000001a24e000 Uncommon trap: trap_request=0xffffff65 fr.pc=0x000000000645c7e8
Event: 3525.412 Thread 0x000000001a24e000 DEOPT PACKING pc=0x000000000645c7e8 sp=0x00000000270db5b0
Event: 3525.412 Thread 0x000000001a24e000 DEOPT UNPACKING pc=0x0000000002a5557b sp=0x00000000270db590 mode 2
Event: 3525.522 loading class com/android/build/gradle/internal/aapt/WorkerExecutorResourceCompilationService$close$1
Event: 3525.522 loading class com/android/build/gradle/internal/aapt/WorkerExecutorResourceCompilationService$close$1 done


Dynamic libraries:
0x00007ff6aff10000 - 0x00007ff6aff41000 	D:\android\jre\bin\java.exe
0x00007fffd4ea0000 - 0x00007fffd5090000 	C:\WINDOWS\SYSTEM32\ntdll.dll
0x00007fffd42a0000 - 0x00007fffd4352000 	C:\WINDOWS\System32\KERNEL32.DLL
0x00007fffd20b0000 - 0x00007fffd2353000 	C:\WINDOWS\System32\KERNELBASE.dll
0x00007fffccb40000 - 0x00007fffccbcf000 	C:\WINDOWS\SYSTEM32\apphelp.dll
0x00007fffd4db0000 - 0x00007fffd4e53000 	C:\WINDOWS\System32\ADVAPI32.dll
0x00007fffd4200000 - 0x00007fffd429e000 	C:\WINDOWS\System32\msvcrt.dll
0x00007fffd4360000 - 0x00007fffd43f7000 	C:\WINDOWS\System32\sechost.dll
0x00007fffd3110000 - 0x00007fffd3230000 	C:\WINDOWS\System32\RPCRT4.dll
0x00007fffd2f50000 - 0x00007fffd30e4000 	C:\WINDOWS\System32\USER32.dll
0x00007fffd1fd0000 - 0x00007fffd1ff1000 	C:\WINDOWS\System32\win32u.dll
0x00007fffd3b00000 - 0x00007fffd3b26000 	C:\WINDOWS\System32\GDI32.dll
0x00007fffd1e30000 - 0x00007fffd1fc4000 	C:\WINDOWS\System32\gdi32full.dll
0x00007fffd2e50000 - 0x00007fffd2eee000 	C:\WINDOWS\System32\msvcp_win.dll
0x00007fffd2c50000 - 0x00007fffd2d4a000 	C:\WINDOWS\System32\ucrtbase.dll
0x00007fffc0250000 - 0x00007fffc04d5000 	C:\WINDOWS\WinSxS\amd64_microsoft.windows.common-controls_6595b64144ccf1df_6.0.18362.778_none_e6c6b761130d4fb8\COMCTL32.dll
0x00007fffd3ec0000 - 0x00007fffd41f6000 	C:\WINDOWS\System32\combase.dll
0x00007fffd2d50000 - 0x00007fffd2dd0000 	C:\WINDOWS\System32\bcryptPrimitives.dll
0x00007fffd3e30000 - 0x00007fffd3e5e000 	C:\WINDOWS\System32\IMM32.DLL
0x00000000551b0000 - 0x0000000055282000 	D:\android\jre\jre\bin\msvcr100.dll
0x0000000055290000 - 0x0000000055ad6000 	D:\android\jre\jre\bin\server\jvm.dll
0x00007fffd3230000 - 0x00007fffd3238000 	C:\WINDOWS\System32\PSAPI.DLL
0x00007fffcb330000 - 0x00007fffcb354000 	C:\WINDOWS\SYSTEM32\WINMM.dll
0x00007fffc83f0000 - 0x00007fffc83fa000 	C:\WINDOWS\SYSTEM32\VERSION.dll
0x00007fffcb300000 - 0x00007fffcb32d000 	C:\WINDOWS\SYSTEM32\winmmbase.dll
0x00007fffd2dd0000 - 0x00007fffd2e1a000 	C:\WINDOWS\System32\cfgmgr32.dll
0x00007fffbf350000 - 0x00007fffbf359000 	C:\WINDOWS\SYSTEM32\WSOCK32.dll
0x00007fffd4d40000 - 0x00007fffd4daf000 	C:\WINDOWS\System32\WS2_32.dll
0x00007fffcb400000 - 0x00007fffcb40f000 	D:\android\jre\jre\bin\verify.dll
0x00007fffb4db0000 - 0x00007fffb4dd9000 	D:\android\jre\jre\bin\java.dll
0x00007fffba5d0000 - 0x00007fffba5e6000 	D:\android\jre\jre\bin\zip.dll
0x00007fffd3360000 - 0x00007fffd3a45000 	C:\WINDOWS\System32\SHELL32.dll
0x00007fffd3a50000 - 0x00007fffd3af9000 	C:\WINDOWS\System32\shcore.dll
0x00007fffd24d0000 - 0x00007fffd2c50000 	C:\WINDOWS\System32\windows.storage.dll
0x00007fffd1db0000 - 0x00007fffd1dd3000 	C:\WINDOWS\System32\profapi.dll
0x00007fffd1de0000 - 0x00007fffd1e2a000 	C:\WINDOWS\System32\powrprof.dll
0x00007fffd1d60000 - 0x00007fffd1d70000 	C:\WINDOWS\System32\UMPDC.dll
0x00007fffd3b30000 - 0x00007fffd3b82000 	C:\WINDOWS\System32\shlwapi.dll
0x00007fffd1d90000 - 0x00007fffd1da1000 	C:\WINDOWS\System32\kernel.appcore.dll
0x00007fffd24b0000 - 0x00007fffd24c7000 	C:\WINDOWS\System32\cryptsp.dll
0x00007fffb53c0000 - 0x00007fffb53da000 	D:\android\jre\jre\bin\net.dll
0x00007fffbf720000 - 0x00007fffbf8f5000 	C:\WINDOWS\SYSTEM32\urlmon.dll
0x00007fffbf470000 - 0x00007fffbf716000 	C:\WINDOWS\SYSTEM32\iertutil.dll
0x00007fffd17a0000 - 0x00007fffd17ac000 	C:\WINDOWS\SYSTEM32\CRYPTBASE.DLL
0x00007fffd15b0000 - 0x00007fffd1617000 	C:\WINDOWS\system32\mswsock.dll
0x00007fffb4d30000 - 0x00007fffb4d43000 	D:\android\jre\jre\bin\nio.dll
0x00007fffba430000 - 0x00007fffba456000 	C:\Users\Samsung\.gradle\native\30\windows-amd64\native-platform.dll
0x00007fffcb3e0000 - 0x00007fffcb3ed000 	D:\android\jre\jre\bin\management.dll
0x00007fffd10a0000 - 0x00007fffd10d3000 	C:\WINDOWS\system32\rsaenh.dll
0x00007fffd2e20000 - 0x00007fffd2e46000 	C:\WINDOWS\System32\bcrypt.dll
0x00007fffd1c80000 - 0x00007fffd1ca5000 	C:\WINDOWS\SYSTEM32\USERENV.dll
0x00007fffd12a0000 - 0x00007fffd12da000 	C:\WINDOWS\SYSTEM32\IPHLPAPI.DLL
0x00007fffd4c60000 - 0x00007fffd4c68000 	C:\WINDOWS\System32\NSI.dll
0x00007fffc4780000 - 0x00007fffc4796000 	C:\WINDOWS\SYSTEM32\dhcpcsvc6.DLL
0x00007fffc5810000 - 0x00007fffc582c000 	C:\WINDOWS\SYSTEM32\dhcpcsvc.DLL
0x00007fffd12f0000 - 0x00007fffd13ba000 	C:\WINDOWS\SYSTEM32\DNSAPI.dll
0x00007fffba150000 - 0x00007fffba174000 	D:\android\jre\jre\bin\sunec.dll
0x00007fffc6410000 - 0x00007fffc641a000 	C:\Windows\System32\rasadhlp.dll
0x00007fffc4dd0000 - 0x00007fffc4e47000 	C:\WINDOWS\System32\fwpuclnt.dll
0x00007fffc92d0000 - 0x00007fffc92db000 	D:\android\jre\jre\bin\sunmscapi.dll
0x00007fffd2360000 - 0x00007fffd24a9000 	C:\WINDOWS\System32\CRYPT32.dll
0x00007fffd1d70000 - 0x00007fffd1d82000 	C:\WINDOWS\System32\MSASN1.dll

VM Arguments:
jvm_args: -Xmx1536m -Dfile.encoding=x-windows-949 -Duser.country=KR -Duser.language=ko -Duser.variant 
java_command: org.gradle.launcher.daemon.bootstrap.GradleDaemon 5.6.4
java_class_path (initial): C:\Users\Samsung\.gradle\wrapper\dists\gradle-5.6.4-all\ankdp27end7byghfw1q2sw75f\gradle-5.6.4\lib\gradle-launcher-5.6.4.jar
Launcher Type: SUN_STANDARD

Environment Variables:
JAVA_HOME=C:\Program Files\Java\jdk1.8.0_91
PATH=D:\dk\app\oracle\product\11.2.0\server\bin;;C:\ProgramData\Oracle\Java\javapath;C:\Program Files (x86)\Intel\Intel(R) Management Engine Components\iCLS\;C:\Program Files\Intel\Intel(R) Management Engine Components\iCLS\;C:\windows\system32;C:\windows;C:\windows\System32\Wbem;C:\windows\System32\WindowsPowerShell\v1.0\;C:\Program Files (x86)\NVIDIA Corporation\PhysX\Common;C:\Program Files (x86)\Intel\Intel(R) Management Engine Components\DAL;C:\Program Files\Intel\Intel(R) Management Engine Components\DAL;C:\Program Files (x86)\Intel\Intel(R) Management Engine Components\IPT;C:\Program Files\Intel\Intel(R) Management Engine Components\IPT;C:\WINDOWS\system32;C:\WINDOWS;C:\WINDOWS\System32\Wbem;C:\WINDOWS\System32\WindowsPowerShell\v1.0\;C:\WINDOWS\System32\OpenSSH\;C:\Program Files\dotnet\;C:\Program Files\Java\jdk1.8.0_91\bin;C:\Bitnami\wampstack-7.1.26-1\mysql\bin;C:\Program Files\Git\cmd;C:\Program Files\nodejs\;C:\Users\Samsung\AppData\Local\Programs\Python\Python37-32\Scripts\;C:\Users\Samsung\AppData\Local\Programs\Python\Python37-32\;C:\Users\Samsung\AppData\Local\Microsoft\WindowsApps;C:\Program Files\Bandizip\;C:\Program Files\JetBrains\PyCharm Community Edition 2018.3.5\bin;;C:\Users\Samsung\AppData\Local\Programs\Microsoft VS Code\bin;C:\Users\Samsung\AppData\Roaming\npm;C:\OpenSSL-Win64\bin;
USERNAME=Samsung
OS=Windows_NT
PROCESSOR_IDENTIFIER=Intel64 Family 6 Model 142 Stepping 10, GenuineIntel



---------------  S Y S T E M  ---------------

OS: Windows 10.0 , 64 bit Build 18362 (10.0.18362.778)

CPU:total 8 (initial active 8) (4 cores per cpu, 2 threads per core) family 6 model 142 stepping 10, cmov, cx8, fxsr, mmx, sse, sse2, sse3, ssse3, sse4.1, sse4.2, popcnt, avx, avx2, aes, clmul, erms, 3dnowpref, lzcnt, ht, tsc, tscinvbit, bmi1, bmi2, adx

Memory: 4k page, physical 4107416k(383420k free), swap 12299416k(13996k free)

vm_info: OpenJDK 64-Bit Server VM (25.212-b04) for windows-amd64 JRE (1.8.0_212-release-1586-b04), built by "builder" with MS VC++ 10.0 (VS2010)

time: Fri May 01 13:26:18 2020
timezone: 대한민국 표준시
elapsed time: 3526 seconds (0d 0h 58m 46s)

