#
# There is insufficient memory for the Java Runtime Environment to continue.
# Native memory allocation (malloc) failed to allocate 774976 bytes for Chunk::new
# Possible reasons:
#   The system is out of physical RAM or swap space
#   The process is running with CompressedOops enabled, and the Java Heap may be blocking the growth of the native heap
# Possible solutions:
#   Reduce memory load on the system
#   Increase physical memory or swap space
#   Check if swap backing store is full
#   Decrease Java heap size (-Xmx/-Xms)
#   Decrease number of Java threads
#   Decrease Java thread stack sizes (-Xss)
#   Set larger code cache with -XX:ReservedCodeCacheSize=
#   JVM is running with Unscaled Compressed Oops mode in which the Java heap is
#     placed in the first 4GB address space. The Java Heap base address is the
#     maximum limit for the native heap growth. Please use -XX:HeapBaseMinAddress
#     to set the Java Heap base and to place the Java Heap above 4GB virtual address.
# This output file may be truncated or incomplete.
#
#  Out of Memory Error (allocation.cpp:389), pid=25720, tid=0x000000000000030c
#
# JRE version: OpenJDK Runtime Environment (8.0_212-b04) (build 1.8.0_212-release-1586-b04)
# Java VM: OpenJDK 64-Bit Server VM (25.212-b04 mixed mode windows-amd64 compressed oops)
# Failed to write core dump. Minidumps are not enabled by default on client versions of Windows
#

---------------  T H R E A D  ---------------

Current thread (0x00000000192b7800):  JavaThread "C2 CompilerThread2" daemon [_thread_in_native, id=780, stack(0x0000000019c20000,0x0000000019d20000)]

Stack: [0x0000000019c20000,0x0000000019d20000]
[error occurred during error reporting (printing stack bounds), id 0xc0000005]

Native frames: (J=compiled Java code, j=interpreted, Vv=VM code, C=native code)


Current CompileTask:
C2:  20773 4430   !   4       com.sun.beans.TypeResolver::resolve (274 bytes)


---------------  P R O C E S S  ---------------

Java Threads: ( => current thread )
  0x0000000020c74000 JavaThread "Cache worker for Build Output Cleanup Cache (D:\AndroidStudioProject\booksns_Re\.gradle\buildOutputCleanup)" [_thread_blocked, id=22268, stack(0x0000000025050000,0x0000000025150000)]
  0x0000000020c73000 JavaThread "pool-1-thread-1" [_thread_blocked, id=22996, stack(0x0000000024d50000,0x0000000024e50000)]
  0x0000000020c74800 JavaThread "Build operations Thread 8" [_thread_blocked, id=23412, stack(0x00000000235b0000,0x00000000236b0000)]
  0x0000000020c6d000 JavaThread "Build operations Thread 7" [_thread_blocked, id=4040, stack(0x00000000234b0000,0x00000000235b0000)]
  0x0000000020c72000 JavaThread "Build operations Thread 6" [_thread_blocked, id=25420, stack(0x00000000233b0000,0x00000000234b0000)]
  0x0000000020c71800 JavaThread "Build operations Thread 5" [_thread_blocked, id=26744, stack(0x00000000232b0000,0x00000000233b0000)]
  0x0000000020c6f000 JavaThread "Build operations Thread 4" [_thread_blocked, id=24188, stack(0x00000000231b0000,0x00000000232b0000)]
  0x0000000020c70000 JavaThread "Build operations Thread 3" [_thread_blocked, id=17112, stack(0x00000000230b0000,0x00000000231b0000)]
  0x0000000020c6c000 JavaThread "Build operations Thread 2" [_thread_blocked, id=21788, stack(0x0000000022fb0000,0x00000000230b0000)]
  0x0000000020c6e800 JavaThread "Build operations" [_thread_blocked, id=25336, stack(0x0000000022eb0000,0x0000000022fb0000)]
  0x000000001b244800 JavaThread "Cache worker for execution history cache (C:\Users\Samsung\.gradle\caches\5.6.4\executionHistory)" [_thread_blocked, id=13784, stack(0x000000001ff60000,0x0000000020060000)]
  0x000000001b242800 JavaThread "Cache worker for cache directory md-rule (C:\Users\Samsung\.gradle\caches\5.6.4\md-rule)" [_thread_blocked, id=30032, stack(0x0000000022db0000,0x0000000022eb0000)]
  0x000000001b247800 JavaThread "Cache worker for cache directory md-supplier (C:\Users\Samsung\.gradle\caches\5.6.4\md-supplier)" [_thread_blocked, id=22300, stack(0x0000000022cb0000,0x0000000022db0000)]
  0x000000001b249000 JavaThread "Cache worker for file hash cache (D:\AndroidStudioProject\booksns_Re\.gradle\5.6.4\fileHashes)" [_thread_blocked, id=23940, stack(0x000000001fe60000,0x000000001ff60000)]
  0x000000001b245800 JavaThread "Cache worker for journal cache (C:\Users\Samsung\.gradle\caches\journal-1)" [_thread_blocked, id=22048, stack(0x000000001dbc0000,0x000000001dcc0000)]
  0x000000001b248800 JavaThread "File lock request listener" [_thread_in_native, id=13256, stack(0x000000001dac0000,0x000000001dbc0000)]
  0x000000001a9d9800 JavaThread "Cache worker for file hash cache (C:\Users\Samsung\.gradle\caches\5.6.4\fileHashes)" [_thread_blocked, id=20996, stack(0x000000001d9c0000,0x000000001dac0000)]
  0x000000001bb4e000 JavaThread "Thread-9" [_thread_blocked, id=4160, stack(0x000000001d6c0000,0x000000001d7c0000)]
  0x000000001bb58800 JavaThread "Stdin handler" [_thread_blocked, id=25228, stack(0x000000001d5c0000,0x000000001d6c0000)]
  0x000000001bb53800 JavaThread "Asynchronous log dispatcher for DefaultDaemonConnection: socket connection from /127.0.0.1:61600 to /127.0.0.1:61601" [_thread_blocked, id=12104, stack(0x000000001d3c0000,0x000000001d4c0000)]
  0x000000001bb47800 JavaThread "Daemon worker" [_thread_in_native, id=21040, stack(0x000000001d2c0000,0x000000001d3c0000)]
  0x000000001bb3b800 JavaThread "Cancel handler" [_thread_blocked, id=12544, stack(0x000000001d1c0000,0x000000001d2c0000)]
  0x000000001bb01800 JavaThread "Handler for socket connection from /127.0.0.1:61600 to /127.0.0.1:61601" [_thread_in_native, id=25440, stack(0x000000001cec0000,0x000000001cfc0000)]
  0x000000001bab7800 JavaThread "Daemon" [_thread_blocked, id=20844, stack(0x000000001cdc0000,0x000000001cec0000)]
  0x000000001baa3000 JavaThread "Daemon periodic checks" [_thread_blocked, id=22836, stack(0x000000001ccc0000,0x000000001cdc0000)]
  0x000000001ba7f800 JavaThread "Incoming local TCP Connector on port 61600" [_thread_in_native, id=17464, stack(0x000000001cae0000,0x000000001cbe0000)]
  0x000000001ba56800 JavaThread "Daemon health stats" [_thread_blocked, id=28268, stack(0x000000001c7c0000,0x000000001c8c0000)]
  0x00000000192f9800 JavaThread "Service Thread" daemon [_thread_blocked, id=17544, stack(0x0000000019e20000,0x0000000019f20000)]
  0x00000000192c1000 JavaThread "C1 CompilerThread3" daemon [_thread_blocked, id=14604, stack(0x0000000019d20000,0x0000000019e20000)]
=>0x00000000192b7800 JavaThread "C2 CompilerThread2" daemon [_thread_in_native, id=780, stack(0x0000000019c20000,0x0000000019d20000)]
  0x00000000192b1000 JavaThread "C2 CompilerThread1" daemon [_thread_in_native, id=21376, stack(0x0000000019b20000,0x0000000019c20000)]
  0x000000001925a800 JavaThread "C2 CompilerThread0" daemon [_thread_in_native, id=21332, stack(0x0000000019a20000,0x0000000019b20000)]
  0x0000000019258000 JavaThread "Attach Listener" daemon [_thread_blocked, id=21932, stack(0x0000000019920000,0x0000000019a20000)]
  0x00000000192b0000 JavaThread "Signal Dispatcher" daemon [_thread_blocked, id=26872, stack(0x0000000019820000,0x0000000019920000)]
  0x0000000003669800 JavaThread "Finalizer" daemon [_thread_blocked, id=16952, stack(0x0000000019720000,0x0000000019820000)]
  0x0000000003666000 JavaThread "Reference Handler" daemon [_thread_blocked, id=18292, stack(0x0000000019620000,0x0000000019720000)]
  0x000000000308e000 JavaThread "main" [_thread_blocked, id=21268, stack(0x0000000003470000,0x0000000003570000)]

Other Threads:
  0x0000000017429000 VMThread [stack: 0x0000000019120000,0x0000000019220000] [id=22580]
  0x00000000192fb800 WatcherThread [stack: 0x0000000019f20000,0x000000001a020000] [id=2676]

VM state:not at safepoint (normal execution)

VM Mutex/Monitor currently owned by a thread: None

heap address: 0x00000000a0000000, size: 1536 MB, Compressed Oops mode: 32-bit
Narrow klass base: 0x0000000000000000, Narrow klass shift: 3
Compressed class space size: 1073741824 Address: 0x0000000100000000

Heap:
 PSYoungGen      total 149504K, used 29295K [0x00000000e0000000, 0x00000000ebb80000, 0x0000000100000000)
  eden space 137728K, 12% used [0x00000000e0000000,0x00000000e111f438,0x00000000e8680000)
  from space 11776K, 99% used [0x00000000e8680000,0x00000000e91fc998,0x00000000e9200000)
  to   space 12800K, 0% used [0x00000000e9200000,0x00000000e9200000,0x00000000e9e80000)
 ParOldGen       total 54784K, used 21847K [0x00000000a0000000, 0x00000000a3580000, 0x00000000e0000000)
  object space 54784K, 39% used [0x00000000a0000000,0x00000000a1555db0,0x00000000a3580000)
 Metaspace       used 48072K, capacity 49412K, committed 49536K, reserved 1093632K
  class space    used 6417K, capacity 6745K, committed 6784K, reserved 1048576K

Card table byte_map: [0x0000000012a30000,0x0000000012d40000] byte_map_base: 0x0000000012530000

Marking Bits: (ParMarkBitMap*) 0x0000000055a59f30
 Begin Bits: [0x0000000013740000, 0x0000000014f40000)
 End Bits:   [0x0000000014f40000, 0x0000000016740000)

Polling page: 0x0000000001870000

CodeCache: size=245760Kb used=14345Kb max_used=14345Kb free=231414Kb
 bounds [0x0000000003670000, 0x0000000004480000, 0x0000000012670000]
 total_blobs=4902 nmethods=4132 adapters=682
 compilation: enabled

Compilation events (10 events):
Event: 20.631 Thread 0x00000000192c1000 nmethod 4442 0x0000000003cbac50 code [0x0000000003cbada0, 0x0000000003cbaed0]
Event: 20.635 Thread 0x00000000192c1000 4443       3       org.codehaus.groovy.reflection.stdclasses.CachedSAMClass$1::run (5 bytes)
Event: 20.635 Thread 0x00000000192c1000 nmethod 4443 0x00000000038ffa10 code [0x00000000038ffbc0, 0x00000000038fffb8]
Event: 20.636 Thread 0x00000000192c1000 4444       3       org.codehaus.groovy.reflection.stdclasses.CachedSAMClass$1::run (8 bytes)
Event: 20.636 Thread 0x00000000192c1000 nmethod 4444 0x000000000444b150 code [0x000000000444b2e0, 0x000000000444b5f8]
Event: 20.637 Thread 0x00000000192c1000 4445   !   3       java.lang.ClassValue::getFromHashMap (70 bytes)
Event: 20.638 Thread 0x00000000192c1000 nmethod 4445 0x000000000445b190 code [0x000000000445b3e0, 0x000000000445c018]
Event: 20.652 Thread 0x000000001925a800 nmethod 4440 0x000000000446fa50 code [0x000000000446fca0, 0x0000000004470d60]
Event: 20.655 Thread 0x00000000192c1000 4446       3       java.util.TreeMap::<init> (20 bytes)
Event: 20.655 Thread 0x00000000192c1000 nmethod 4446 0x000000000445acd0 code [0x000000000445ae40, 0x000000000445b070]

GC Heap History (10 events):
Event: 9.504 GC heap before
{Heap before GC invocations=9 (full 1):
 PSYoungGen      total 71680K, used 64512K [0x00000000e0000000, 0x00000000e9200000, 0x0000000100000000)
  eden space 64512K, 100% used [0x00000000e0000000,0x00000000e3f00000,0x00000000e3f00000)
  from space 7168K, 0% used [0x00000000e3f00000,0x00000000e3f00000,0x00000000e4600000)
  to   space 10240K, 0% used [0x00000000e8800000,0x00000000e8800000,0x00000000e9200000)
 ParOldGen       total 39424K, used 12243K [0x00000000a0000000, 0x00000000a2680000, 0x00000000e0000000)
  object space 39424K, 31% used [0x00000000a0000000,0x00000000a0bf4e80,0x00000000a2680000)
 Metaspace       used 29039K, capacity 29660K, committed 30080K, reserved 1075200K
  class space    used 3895K, capacity 4099K, committed 4224K, reserved 1048576K
Event: 9.513 GC heap after
Heap after GC invocations=9 (full 1):
 PSYoungGen      total 111104K, used 8222K [0x00000000e0000000, 0x00000000e9080000, 0x0000000100000000)
  eden space 102400K, 0% used [0x00000000e0000000,0x00000000e0000000,0x00000000e6400000)
  from space 8704K, 94% used [0x00000000e8800000,0x00000000e9007840,0x00000000e9080000)
  to   space 10752K, 0% used [0x00000000e7b80000,0x00000000e7b80000,0x00000000e8600000)
 ParOldGen       total 39424K, used 12251K [0x00000000a0000000, 0x00000000a2680000, 0x00000000e0000000)
  object space 39424K, 31% used [0x00000000a0000000,0x00000000a0bf6e80,0x00000000a2680000)
 Metaspace       used 29039K, capacity 29660K, committed 30080K, reserved 1075200K
  class space    used 3895K, capacity 4099K, committed 4224K, reserved 1048576K
}
Event: 11.523 GC heap before
{Heap before GC invocations=10 (full 1):
 PSYoungGen      total 111104K, used 110622K [0x00000000e0000000, 0x00000000e9080000, 0x0000000100000000)
  eden space 102400K, 100% used [0x00000000e0000000,0x00000000e6400000,0x00000000e6400000)
  from space 8704K, 94% used [0x00000000e8800000,0x00000000e9007840,0x00000000e9080000)
  to   space 10752K, 0% used [0x00000000e7b80000,0x00000000e7b80000,0x00000000e8600000)
 ParOldGen       total 39424K, used 12251K [0x00000000a0000000, 0x00000000a2680000, 0x00000000e0000000)
  object space 39424K, 31% used [0x00000000a0000000,0x00000000a0bf6e80,0x00000000a2680000)
 Metaspace       used 34111K, capacity 34854K, committed 35200K, reserved 1079296K
  class space    used 4666K, capacity 4882K, committed 4992K, reserved 1048576K
Event: 11.540 GC heap after
Heap after GC invocations=10 (full 1):
 PSYoungGen      total 137216K, used 10740K [0x00000000e0000000, 0x00000000e9e80000, 0x0000000100000000)
  eden space 126464K, 0% used [0x00000000e0000000,0x00000000e0000000,0x00000000e7b80000)
  from space 10752K, 99% used [0x00000000e7b80000,0x00000000e85fd1c0,0x00000000e8600000)
  to   space 12800K, 0% used [0x00000000e9200000,0x00000000e9200000,0x00000000e9e80000)
 ParOldGen       total 39424K, used 12568K [0x00000000a0000000, 0x00000000a2680000, 0x00000000e0000000)
  object space 39424K, 31% used [0x00000000a0000000,0x00000000a0c46020,0x00000000a2680000)
 Metaspace       used 34111K, capacity 34854K, committed 35200K, reserved 1079296K
  class space    used 4666K, capacity 4882K, committed 4992K, reserved 1048576K
}
Event: 12.246 GC heap before
{Heap before GC invocations=11 (full 1):
 PSYoungGen      total 137216K, used 31634K [0x00000000e0000000, 0x00000000e9e80000, 0x0000000100000000)
  eden space 126464K, 16% used [0x00000000e0000000,0x00000000e1467970,0x00000000e7b80000)
  from space 10752K, 99% used [0x00000000e7b80000,0x00000000e85fd1c0,0x00000000e8600000)
  to   space 12800K, 0% used [0x00000000e9200000,0x00000000e9200000,0x00000000e9e80000)
 ParOldGen       total 39424K, used 12568K [0x00000000a0000000, 0x00000000a2680000, 0x00000000e0000000)
  object space 39424K, 31% used [0x00000000a0000000,0x00000000a0c46020,0x00000000a2680000)
 Metaspace       used 34541K, capacity 35360K, committed 35456K, reserved 1079296K
  class space    used 4722K, capacity 4933K, committed 4992K, reserved 1048576K
Event: 12.254 GC heap after
Heap after GC invocations=11 (full 1):
 PSYoungGen      total 150528K, used 5904K [0x00000000e0000000, 0x00000000ebb80000, 0x0000000100000000)
  eden space 137728K, 0% used [0x00000000e0000000,0x00000000e0000000,0x00000000e8680000)
  from space 12800K, 46% used [0x00000000e9200000,0x00000000e97c4010,0x00000000e9e80000)
  to   space 11776K, 0% used [0x00000000e8680000,0x00000000e8680000,0x00000000e9200000)
 ParOldGen       total 39424K, used 15992K [0x00000000a0000000, 0x00000000a2680000, 0x00000000e0000000)
  object space 39424K, 40% used [0x00000000a0000000,0x00000000a0f9e040,0x00000000a2680000)
 Metaspace       used 34541K, capacity 35360K, committed 35456K, reserved 1079296K
  class space    used 4722K, capacity 4933K, committed 4992K, reserved 1048576K
}
Event: 12.254 GC heap before
{Heap before GC invocations=12 (full 2):
 PSYoungGen      total 150528K, used 5904K [0x00000000e0000000, 0x00000000ebb80000, 0x0000000100000000)
  eden space 137728K, 0% used [0x00000000e0000000,0x00000000e0000000,0x00000000e8680000)
  from space 12800K, 46% used [0x00000000e9200000,0x00000000e97c4010,0x00000000e9e80000)
  to   space 11776K, 0% used [0x00000000e8680000,0x00000000e8680000,0x00000000e9200000)
 ParOldGen       total 39424K, used 15992K [0x00000000a0000000, 0x00000000a2680000, 0x00000000e0000000)
  object space 39424K, 40% used [0x00000000a0000000,0x00000000a0f9e040,0x00000000a2680000)
 Metaspace       used 34541K, capacity 35360K, committed 35456K, reserved 1079296K
  class space    used 4722K, capacity 4933K, committed 4992K, reserved 1048576K
Event: 12.313 GC heap after
Heap after GC invocations=12 (full 2):
 PSYoungGen      total 150528K, used 0K [0x00000000e0000000, 0x00000000ebb80000, 0x0000000100000000)
  eden space 137728K, 0% used [0x00000000e0000000,0x00000000e0000000,0x00000000e8680000)
  from space 12800K, 0% used [0x00000000e9200000,0x00000000e9200000,0x00000000e9e80000)
  to   space 11776K, 0% used [0x00000000e8680000,0x00000000e8680000,0x00000000e9200000)
 ParOldGen       total 54784K, used 16398K [0x00000000a0000000, 0x00000000a3580000, 0x00000000e0000000)
  object space 54784K, 29% used [0x00000000a0000000,0x00000000a1003958,0x00000000a3580000)
 Metaspace       used 34527K, capacity 35312K, committed 35456K, reserved 1079296K
  class space    used 4717K, capacity 4925K, committed 4992K, reserved 1048576K
}
Event: 20.495 GC heap before
{Heap before GC invocations=13 (full 2):
 PSYoungGen      total 150528K, used 137728K [0x00000000e0000000, 0x00000000ebb80000, 0x0000000100000000)
  eden space 137728K, 100% used [0x00000000e0000000,0x00000000e8680000,0x00000000e8680000)
  from space 12800K, 0% used [0x00000000e9200000,0x00000000e9200000,0x00000000e9e80000)
  to   space 11776K, 0% used [0x00000000e8680000,0x00000000e8680000,0x00000000e9200000)
 ParOldGen       total 54784K, used 16398K [0x00000000a0000000, 0x00000000a3580000, 0x00000000e0000000)
  object space 54784K, 29% used [0x00000000a0000000,0x00000000a1003958,0x00000000a3580000)
 Metaspace       used 47744K, capacity 48940K, committed 49280K, reserved 1091584K
  class space    used 6362K, capacity 6674K, committed 6784K, reserved 1048576K
Event: 20.523 GC heap after
Heap after GC invocations=13 (full 2):
 PSYoungGen      total 149504K, used 11762K [0x00000000e0000000, 0x00000000ebb80000, 0x0000000100000000)
  eden space 137728K, 0% used [0x00000000e0000000,0x00000000e0000000,0x00000000e8680000)
  from space 11776K, 99% used [0x00000000e8680000,0x00000000e91fc998,0x00000000e9200000)
  to   space 12800K, 0% used [0x00000000e9200000,0x00000000e9200000,0x00000000e9e80000)
 ParOldGen       total 54784K, used 21847K [0x00000000a0000000, 0x00000000a3580000, 0x00000000e0000000)
  object space 54784K, 39% used [0x00000000a0000000,0x00000000a1555db0,0x00000000a3580000)
 Metaspace       used 47744K, capacity 48940K, committed 49280K, reserved 1091584K
  class space    used 6362K, capacity 6674K, committed 6784K, reserved 1048576K
}

Deoptimization events (10 events):
Event: 20.179 Thread 0x000000001bb47800 Uncommon trap: reason=speculate_class_check action=maybe_recompile pc=0x00000000040721e8 method=com.google.common.collect.AbstractIndexedListIterator.next()Ljava/lang/Object; @ 27
Event: 20.179 Thread 0x000000001bb47800 Uncommon trap: reason=speculate_class_check action=maybe_recompile pc=0x00000000040721e8 method=com.google.common.collect.AbstractIndexedListIterator.next()Ljava/lang/Object; @ 27
Event: 20.296 Thread 0x000000001bb47800 Uncommon trap: reason=unstable_if action=reinterpret pc=0x000000000424d270 method=org.gradle.internal.instantiation.AbstractClassGenerator$InjectionAnnotationValidator.validateMethod(Ljava/lang/reflect/Method;Lorg/gradle/internal/reflect/PropertyAccessorT
Event: 20.296 Thread 0x000000001bb47800 Uncommon trap: reason=unstable_if action=reinterpret pc=0x00000000042e6bfc method=org.gradle.internal.instantiation.AbstractClassGenerator$InjectionAnnotationValidator.validateMethod(Ljava/lang/reflect/Method;Lorg/gradle/internal/reflect/PropertyAccessorT
Event: 20.360 Thread 0x000000001bb47800 Uncommon trap: reason=unstable_if action=reinterpret pc=0x00000000041a50b4 method=org.codehaus.groovy.runtime.metaclass.MetaMethodIndex.isNonRealMethod(Lgroovy/lang/MetaMethod;)Z @ 4
Event: 20.361 Thread 0x000000001bb47800 Uncommon trap: reason=unstable_if action=reinterpret pc=0x0000000003fc3654 method=groovy.lang.MetaClassImpl$1MOPIter.methodNameAction(Ljava/lang/Class;Lorg/codehaus/groovy/runtime/metaclass/MetaMethodIndex$Entry;)V @ 182
Event: 20.381 Thread 0x000000001bb47800 Uncommon trap: reason=bimorphic action=maybe_recompile pc=0x0000000003ecd53c method=java.util.WeakHashMap.eq(Ljava/lang/Object;Ljava/lang/Object;)Z @ 7
Event: 20.384 Thread 0x000000001bb47800 Uncommon trap: reason=unstable_if action=reinterpret pc=0x00000000042f681c method=java.lang.ClassLoader.checkCerts(Ljava/lang/String;Ljava/security/CodeSource;)V @ 29
Event: 20.384 Thread 0x000000001bb47800 Uncommon trap: reason=unstable_if action=reinterpret pc=0x0000000004307bc0 method=java.lang.ClassLoader.defineClassSourceLocation(Ljava/security/ProtectionDomain;)Ljava/lang/String; @ 8
Event: 20.402 Thread 0x000000001bb47800 Uncommon trap: reason=bimorphic action=maybe_recompile pc=0x0000000003ecd53c method=java.util.WeakHashMap.eq(Ljava/lang/Object;Ljava/lang/Object;)Z @ 7

Classes redefined (0 events):
No events

Internal exceptions (10 events):
Event: 20.612 Thread 0x000000001bb47800 Exception <a 'java/lang/ClassNotFoundException': build_13tjhmui4na191ub879f5kxi9$_run_closure1$_closure4Customizer> (0x00000000e0869628) thrown at [D:\src\AOSP-openjdk-cygwin\jdk8u\hotspot\src\share\vm\classfile\systemDictionary.cpp, line 210]
Event: 20.619 Thread 0x000000001bb47800 Exception <a 'java/lang/ClassNotFoundException': build_13tjhmui4na191ub879f5kxi9$_run_closure1BeanInfo> (0x00000000e089b350) thrown at [D:\src\AOSP-openjdk-cygwin\jdk8u\hotspot\src\share\vm\classfile\systemDictionary.cpp, line 210]
Event: 20.621 Thread 0x000000001bb47800 Exception <a 'java/lang/ClassNotFoundException': build_13tjhmui4na191ub879f5kxi9$_run_closure1Customizer> (0x00000000e08aca70) thrown at [D:\src\AOSP-openjdk-cygwin\jdk8u\hotspot\src\share\vm\classfile\systemDictionary.cpp, line 210]
Event: 20.645 Thread 0x000000001bb47800 Exception <a 'java/lang/ClassNotFoundException': org/gradle/api/internal/file/collections/DefaultConfigurableFileTreeBeanInfo> (0x00000000e0a58818) thrown at [D:\src\AOSP-openjdk-cygwin\jdk8u\hotspot\src\share\vm\classfile\systemDictionary.cpp, line 210]
Event: 20.647 Thread 0x000000001bb47800 Exception <a 'java/lang/ClassNotFoundException': org/gradle/api/internal/file/CompositeFileTreeBeanInfo> (0x00000000e0a90d20) thrown at [D:\src\AOSP-openjdk-cygwin\jdk8u\hotspot\src\share\vm\classfile\systemDictionary.cpp, line 210]
Event: 20.648 Thread 0x000000001bb47800 Exception <a 'java/lang/ClassNotFoundException': org/gradle/api/internal/file/CompositeFileCollectionBeanInfo> (0x00000000e0acd7e8) thrown at [D:\src\AOSP-openjdk-cygwin\jdk8u\hotspot\src\share\vm\classfile\systemDictionary.cpp, line 210]
Event: 20.650 Thread 0x000000001bb47800 Exception <a 'java/lang/ClassNotFoundException': org/gradle/api/internal/file/AbstractFileCollectionBeanInfo> (0x00000000e0b0a9c0) thrown at [D:\src\AOSP-openjdk-cygwin\jdk8u\hotspot\src\share\vm\classfile\systemDictionary.cpp, line 210]
Event: 20.652 Thread 0x000000001bb47800 Exception <a 'java/lang/ClassNotFoundException': org/gradle/api/internal/file/AbstractFileCollectionCustomizer> (0x00000000e0b485f0) thrown at [D:\src\AOSP-openjdk-cygwin\jdk8u\hotspot\src\share\vm\classfile\systemDictionary.cpp, line 210]
Event: 20.654 Thread 0x000000001bb47800 Exception <a 'java/lang/ClassNotFoundException': org/gradle/api/internal/file/CompositeFileCollectionCustomizer> (0x00000000e0b96300) thrown at [D:\src\AOSP-openjdk-cygwin\jdk8u\hotspot\src\share\vm\classfile\systemDictionary.cpp, line 210]
Event: 20.656 Thread 0x000000001bb47800 Exception <a 'java/lang/ClassNotFoundException': org/gradle/api/internal/file/CompositeFileTreeCustomizer> (0x00000000e0be06d0) thrown at [D:\src\AOSP-openjdk-cygwin\jdk8u\hotspot\src\share\vm\classfile\systemDictionary.cpp, line 210]

Events (10 events):
Event: 20.655 loading class org/gradle/api/internal/file/CompositeFileTreeCustomizer
Event: 20.655 loading class org/gradle/api/internal/file/CompositeFileTreeCustomizer done
Event: 20.656 loading class org/gradle/api/internal/file/CompositeFileTreeCustomizer
Event: 20.656 loading class org/gradle/api/internal/file/CompositeFileTreeCustomizer done
Event: 20.656 loading class org/gradle/api/internal/file/CompositeFileTreeCustomizer
Event: 20.656 loading class org/gradle/api/internal/file/CompositeFileTreeCustomizer done
Event: 20.656 loading class org/gradle/api/internal/file/CompositeFileTreeCustomizer
Event: 20.656 loading class org/gradle/api/internal/file/CompositeFileTreeCustomizer done
Event: 20.657 loading class org/gradle/api/internal/file/collections/DefaultConfigurableFileTreeCustomizer
Event: 20.657 loading class org/gradle/api/internal/file/collections/DefaultConfigurableFileTreeCustomizer done


Dynamic libraries:
0x00007ff72b610000 - 0x00007ff72b641000 	D:\Android Studio\jre\bin\java.exe
0x00007fffd4ea0000 - 0x00007fffd5090000 	C:\WINDOWS\SYSTEM32\ntdll.dll
0x00007fffd42a0000 - 0x00007fffd4352000 	C:\WINDOWS\System32\KERNEL32.DLL
0x00007fffd20b0000 - 0x00007fffd2353000 	C:\WINDOWS\System32\KERNELBASE.dll
0x00007fffd4db0000 - 0x00007fffd4e53000 	C:\WINDOWS\System32\ADVAPI32.dll
0x00007fffd4200000 - 0x00007fffd429e000 	C:\WINDOWS\System32\msvcrt.dll
0x00007fffd4360000 - 0x00007fffd43f7000 	C:\WINDOWS\System32\sechost.dll
0x00007fffd3110000 - 0x00007fffd3230000 	C:\WINDOWS\System32\RPCRT4.dll
0x00007fffd2f50000 - 0x00007fffd30e4000 	C:\WINDOWS\System32\USER32.dll
0x00007fffd1fd0000 - 0x00007fffd1ff1000 	C:\WINDOWS\System32\win32u.dll
0x00007fffd3b00000 - 0x00007fffd3b26000 	C:\WINDOWS\System32\GDI32.dll
0x00007fffd1e30000 - 0x00007fffd1fc4000 	C:\WINDOWS\System32\gdi32full.dll
0x00007fffd2e50000 - 0x00007fffd2eee000 	C:\WINDOWS\System32\msvcp_win.dll
0x00007fffd2c50000 - 0x00007fffd2d4a000 	C:\WINDOWS\System32\ucrtbase.dll
0x00007fffc0250000 - 0x00007fffc04d5000 	C:\WINDOWS\WinSxS\amd64_microsoft.windows.common-controls_6595b64144ccf1df_6.0.18362.778_none_e6c6b761130d4fb8\COMCTL32.dll
0x00007fffd3ec0000 - 0x00007fffd41f6000 	C:\WINDOWS\System32\combase.dll
0x00007fffd2d50000 - 0x00007fffd2dd0000 	C:\WINDOWS\System32\bcryptPrimitives.dll
0x00007fffd3e30000 - 0x00007fffd3e5e000 	C:\WINDOWS\System32\IMM32.DLL
0x00000000551b0000 - 0x0000000055282000 	D:\Android Studio\jre\jre\bin\msvcr100.dll
0x0000000055290000 - 0x0000000055ad6000 	D:\Android Studio\jre\jre\bin\server\jvm.dll
0x00007fffd3230000 - 0x00007fffd3238000 	C:\WINDOWS\System32\PSAPI.DLL
0x00007fffcb330000 - 0x00007fffcb354000 	C:\WINDOWS\SYSTEM32\WINMM.dll
0x00007fffc83f0000 - 0x00007fffc83fa000 	C:\WINDOWS\SYSTEM32\VERSION.dll
0x00007fffbf350000 - 0x00007fffbf359000 	C:\WINDOWS\SYSTEM32\WSOCK32.dll
0x00007fffd4d40000 - 0x00007fffd4daf000 	C:\WINDOWS\System32\WS2_32.dll
0x00007fffcb300000 - 0x00007fffcb32d000 	C:\WINDOWS\SYSTEM32\winmmbase.dll
0x00007fffd2dd0000 - 0x00007fffd2e1a000 	C:\WINDOWS\System32\cfgmgr32.dll
0x00007fffc94c0000 - 0x00007fffc94cf000 	D:\Android Studio\jre\jre\bin\verify.dll
0x00007fffabed0000 - 0x00007fffabef9000 	D:\Android Studio\jre\jre\bin\java.dll
0x00007fffc94a0000 - 0x00007fffc94b6000 	D:\Android Studio\jre\jre\bin\zip.dll
0x00007fffd3360000 - 0x00007fffd3a45000 	C:\WINDOWS\System32\SHELL32.dll
0x00007fffd3a50000 - 0x00007fffd3af9000 	C:\WINDOWS\System32\shcore.dll
0x00007fffd24d0000 - 0x00007fffd2c50000 	C:\WINDOWS\System32\windows.storage.dll
0x00007fffd1db0000 - 0x00007fffd1dd3000 	C:\WINDOWS\System32\profapi.dll
0x00007fffd1de0000 - 0x00007fffd1e2a000 	C:\WINDOWS\System32\powrprof.dll
0x00007fffd1d60000 - 0x00007fffd1d70000 	C:\WINDOWS\System32\UMPDC.dll
0x00007fffd3b30000 - 0x00007fffd3b82000 	C:\WINDOWS\System32\shlwapi.dll
0x00007fffd1d90000 - 0x00007fffd1da1000 	C:\WINDOWS\System32\kernel.appcore.dll
0x00007fffd24b0000 - 0x00007fffd24c7000 	C:\WINDOWS\System32\cryptsp.dll
0x00007fffb9070000 - 0x00007fffb908a000 	D:\Android Studio\jre\jre\bin\net.dll
0x00007fffbf720000 - 0x00007fffbf8f5000 	C:\WINDOWS\SYSTEM32\urlmon.dll
0x00007fffbf470000 - 0x00007fffbf716000 	C:\WINDOWS\SYSTEM32\iertutil.dll
0x00007fffd17a0000 - 0x00007fffd17ac000 	C:\WINDOWS\SYSTEM32\CRYPTBASE.DLL
0x00007fffd15b0000 - 0x00007fffd1617000 	C:\WINDOWS\system32\mswsock.dll
0x00007fffb7680000 - 0x00007fffb7693000 	D:\Android Studio\jre\jre\bin\nio.dll
0x00007fffc1c60000 - 0x00007fffc1c86000 	C:\Users\Samsung\.gradle\native\30\windows-amd64\native-platform.dll
0x00007fffc1590000 - 0x00007fffc159d000 	D:\Android Studio\jre\jre\bin\management.dll
0x00007fffd10a0000 - 0x00007fffd10d3000 	C:\WINDOWS\system32\rsaenh.dll
0x00007fffd2e20000 - 0x00007fffd2e46000 	C:\WINDOWS\System32\bcrypt.dll
0x00007fffd1c80000 - 0x00007fffd1ca5000 	C:\WINDOWS\SYSTEM32\USERENV.dll
0x00007fffd12a0000 - 0x00007fffd12da000 	C:\WINDOWS\SYSTEM32\IPHLPAPI.DLL
0x00007fffd4c60000 - 0x00007fffd4c68000 	C:\WINDOWS\System32\NSI.dll
0x00007fffc4780000 - 0x00007fffc4796000 	C:\WINDOWS\SYSTEM32\dhcpcsvc6.DLL
0x00007fffc5810000 - 0x00007fffc582c000 	C:\WINDOWS\SYSTEM32\dhcpcsvc.DLL
0x00007fffd12f0000 - 0x00007fffd13ba000 	C:\WINDOWS\SYSTEM32\DNSAPI.dll

VM Arguments:
jvm_args: -Xmx1536m -Dfile.encoding=x-windows-949 -Duser.country=KR -Duser.language=ko -Duser.variant 
java_command: org.gradle.launcher.daemon.bootstrap.GradleDaemon 5.6.4
java_class_path (initial): C:\Users\Samsung\.gradle\wrapper\dists\gradle-5.6.4-all\ankdp27end7byghfw1q2sw75f\gradle-5.6.4\lib\gradle-launcher-5.6.4.jar
Launcher Type: SUN_STANDARD

Environment Variables:
JAVA_HOME=C:\Program Files\Java\jdk1.8.0_91
PATH=D:\dk\app\oracle\product\11.2.0\server\bin;;C:\ProgramData\Oracle\Java\javapath;C:\Program Files (x86)\Intel\Intel(R) Management Engine Components\iCLS\;C:\Program Files\Intel\Intel(R) Management Engine Components\iCLS\;C:\windows\system32;C:\windows;C:\windows\System32\Wbem;C:\windows\System32\WindowsPowerShell\v1.0\;C:\Program Files (x86)\NVIDIA Corporation\PhysX\Common;C:\Program Files (x86)\Intel\Intel(R) Management Engine Components\DAL;C:\Program Files\Intel\Intel(R) Management Engine Components\DAL;C:\Program Files (x86)\Intel\Intel(R) Management Engine Components\IPT;C:\Program Files\Intel\Intel(R) Management Engine Components\IPT;C:\WINDOWS\system32;C:\WINDOWS;C:\WINDOWS\System32\Wbem;C:\WINDOWS\System32\WindowsPowerShell\v1.0\;C:\WINDOWS\System32\OpenSSH\;C:\Program Files\dotnet\;C:\Program Files\Java\jdk1.8.0_91\bin;C:\Bitnami\wampstack-7.1.26-1\mysql\bin;C:\Program Files\Git\cmd;C:\Program Files\nodejs\;C:\Users\Samsung\AppData\Local\Programs\Python\Python37-32\Scripts\;C:\Users\Samsung\AppData\Local\Programs\Python\Python37-32\;C:\Users\Samsung\AppData\Local\Microsoft\WindowsApps;C:\Program Files\Bandizip\;C:\Program Files\JetBrains\PyCharm Community Edition 2018.3.5\bin;;C:\Users\Samsung\AppData\Local\Programs\Microsoft VS Code\bin;C:\Users\Samsung\AppData\Roaming\npm;C:\OpenSSL-Win64\bin;
USERNAME=Samsung
OS=Windows_NT
PROCESSOR_IDENTIFIER=Intel64 Family 6 Model 142 Stepping 10, GenuineIntel



---------------  S Y S T E M  ---------------

OS: Windows 10.0 , 64 bit Build 18362 (10.0.18362.778)

CPU:total 8 (initial active 8) (4 cores per cpu, 2 threads per core) family 6 model 142 stepping 10, cmov, cx8, fxsr, mmx, sse, sse2, sse3, ssse3, sse4.1, sse4.2, popcnt, avx, avx2, aes, clmul, erms, 3dnowpref, lzcnt, ht, tsc, tscinvbit, bmi1, bmi2, adx

Memory: 4k page, physical 4107416k(222020k free), swap 12299416k(316k free)

vm_info: OpenJDK 64-Bit Server VM (25.212-b04) for windows-amd64 JRE (1.8.0_212-release-1586-b04), built by "builder" with MS VC++ 10.0 (VS2010)

time: Wed Apr 29 12:22:23 2020
timezone: 대한민국 표준시
elapsed time: 20 seconds (0d 0h 0m 20s)

