#
# There is insufficient memory for the Java Runtime Environment to continue.
# Native memory allocation (malloc) failed to allocate 1284880 bytes for Chunk::new
# Possible reasons:
#   The system is out of physical RAM or swap space
#   The process is running with CompressedOops enabled, and the Java Heap may be blocking the growth of the native heap
# Possible solutions:
#   Reduce memory load on the system
#   Increase physical memory or swap space
#   Check if swap backing store is full
#   Decrease Java heap size (-Xmx/-Xms)
#   Decrease number of Java threads
#   Decrease Java thread stack sizes (-Xss)
#   Set larger code cache with -XX:ReservedCodeCacheSize=
#   JVM is running with Unscaled Compressed Oops mode in which the Java heap is
#     placed in the first 4GB address space. The Java Heap base address is the
#     maximum limit for the native heap growth. Please use -XX:HeapBaseMinAddress
#     to set the Java Heap base and to place the Java Heap above 4GB virtual address.
# This output file may be truncated or incomplete.
#
#  Out of Memory Error (allocation.cpp:389), pid=17200, tid=0x00000000000070bc
#
# JRE version: OpenJDK Runtime Environment (8.0_212-b04) (build 1.8.0_212-release-1586-b04)
# Java VM: OpenJDK 64-Bit Server VM (25.212-b04 mixed mode windows-amd64 compressed oops)
# Failed to write core dump. Minidumps are not enabled by default on client versions of Windows
#

---------------  T H R E A D  ---------------

Current thread (0x0000000018a78000):  JavaThread "C2 CompilerThread2" daemon [_thread_in_native, id=28860, stack(0x0000000019470000,0x0000000019570000)]

Stack: [0x0000000019470000,0x0000000019570000]
[error occurred during error reporting (printing stack bounds), id 0xc0000005]

Native frames: (J=compiled Java code, j=interpreted, Vv=VM code, C=native code)


Current CompileTask:
C2:  56786 4451   !   4       com.sun.beans.TypeResolver::resolve (274 bytes)


---------------  P R O C E S S  ---------------

Java Threads: ( => current thread )
  0x000000001b3a3800 JavaThread "Cache worker for Build Output Cleanup Cache (D:\AndroidStudioProject\booksns_Re\.gradle\buildOutputCleanup)" [_thread_blocked, id=3620, stack(0x0000000024990000,0x0000000024a90000)]
  0x000000001b3a2000 JavaThread "pool-1-thread-1" [_thread_blocked, id=9516, stack(0x0000000023210000,0x0000000023310000)]
  0x000000001b3a8000 JavaThread "Build operations Thread 8" [_thread_blocked, id=12480, stack(0x0000000022f10000,0x0000000023010000)]
  0x000000001b3a7000 JavaThread "Build operations Thread 7" [_thread_blocked, id=27748, stack(0x0000000022e10000,0x0000000022f10000)]
  0x000000001b3a2800 JavaThread "Build operations Thread 6" [_thread_blocked, id=22088, stack(0x0000000022d10000,0x0000000022e10000)]
  0x000000001b3a6800 JavaThread "Build operations Thread 5" [_thread_blocked, id=25936, stack(0x0000000022c10000,0x0000000022d10000)]
  0x000000001b3a4000 JavaThread "Build operations Thread 4" [_thread_blocked, id=24892, stack(0x0000000022b10000,0x0000000022c10000)]
  0x000000001b3a5000 JavaThread "Build operations Thread 3" [_thread_blocked, id=29676, stack(0x00000000219d0000,0x0000000021ad0000)]
  0x000000001b3a5800 JavaThread "Build operations Thread 2" [_thread_blocked, id=13416, stack(0x00000000218d0000,0x00000000219d0000)]
  0x0000000018c43800 JavaThread "Build operations" [_thread_blocked, id=30028, stack(0x00000000217d0000,0x00000000218d0000)]
  0x0000000018c47000 JavaThread "Cache worker for execution history cache (C:\Users\Samsung\.gradle\caches\5.6.4\executionHistory)" [_thread_blocked, id=22616, stack(0x00000000216d0000,0x00000000217d0000)]
  0x0000000018c42800 JavaThread "Cache worker for cache directory md-rule (C:\Users\Samsung\.gradle\caches\5.6.4\md-rule)" [_thread_blocked, id=22648, stack(0x00000000215d0000,0x00000000216d0000)]
  0x0000000018c42000 JavaThread "Cache worker for cache directory md-supplier (C:\Users\Samsung\.gradle\caches\5.6.4\md-supplier)" [_thread_blocked, id=22512, stack(0x000000001fa30000,0x000000001fb30000)]
  0x0000000018c45000 JavaThread "Cache worker for file hash cache (D:\AndroidStudioProject\booksns_Re\.gradle\5.6.4\fileHashes)" [_thread_blocked, id=8920, stack(0x000000001f720000,0x000000001f820000)]
  0x0000000018c44000 JavaThread "Cache worker for journal cache (C:\Users\Samsung\.gradle\caches\journal-1)" [_thread_blocked, id=13328, stack(0x000000001d3f0000,0x000000001d4f0000)]
  0x0000000019f96000 JavaThread "File lock request listener" [_thread_in_native, id=22876, stack(0x000000001d2f0000,0x000000001d3f0000)]
  0x0000000018cf2000 JavaThread "Cache worker for file hash cache (C:\Users\Samsung\.gradle\caches\5.6.4\fileHashes)" [_thread_blocked, id=1860, stack(0x000000001d1f0000,0x000000001d2f0000)]
  0x0000000018d95000 JavaThread "Thread-9" [_thread_blocked, id=27332, stack(0x000000001cef0000,0x000000001cff0000)]
  0x0000000018cca800 JavaThread "Stdin handler" [_thread_blocked, id=25312, stack(0x000000001cdf0000,0x000000001cef0000)]
  0x0000000018d8f000 JavaThread "Asynchronous log dispatcher for DefaultDaemonConnection: socket connection from /127.0.0.1:51094 to /127.0.0.1:51095" [_thread_blocked, id=6364, stack(0x000000001cbf0000,0x000000001ccf0000)]
  0x000000001a2bb800 JavaThread "Daemon worker" [_thread_in_native, id=28956, stack(0x000000001caf0000,0x000000001cbf0000)]
  0x000000001a1d4800 JavaThread "Cancel handler" [_thread_blocked, id=28212, stack(0x000000001c9f0000,0x000000001caf0000)]
  0x0000000018bb6800 JavaThread "Handler for socket connection from /127.0.0.1:51094 to /127.0.0.1:51095" [_thread_in_native, id=10484, stack(0x000000001c6f0000,0x000000001c7f0000)]
  0x000000001a63f000 JavaThread "Daemon" [_thread_blocked, id=28296, stack(0x000000001c5f0000,0x000000001c6f0000)]
  0x0000000019f86800 JavaThread "Daemon periodic checks" [_thread_blocked, id=14868, stack(0x000000001c4f0000,0x000000001c5f0000)]
  0x000000001aa6f000 JavaThread "Incoming local TCP Connector on port 51094" [_thread_in_native, id=25784, stack(0x000000001c310000,0x000000001c410000)]
  0x000000001b03c800 JavaThread "Daemon health stats" [_thread_blocked, id=29528, stack(0x000000001c010000,0x000000001c110000)]
  0x0000000018aac000 JavaThread "Service Thread" daemon [_thread_blocked, id=2072, stack(0x0000000019670000,0x0000000019770000)]
  0x0000000018a80000 JavaThread "C1 CompilerThread3" daemon [_thread_blocked, id=29840, stack(0x0000000019570000,0x0000000019670000)]
=>0x0000000018a78000 JavaThread "C2 CompilerThread2" daemon [_thread_in_native, id=28860, stack(0x0000000019470000,0x0000000019570000)]
  0x0000000018a73000 JavaThread "C2 CompilerThread1" daemon [_thread_in_native, id=21952, stack(0x0000000019370000,0x0000000019470000)]
  0x0000000018a71000 JavaThread "C2 CompilerThread0" daemon [_thread_blocked, id=12924, stack(0x0000000019270000,0x0000000019370000)]
  0x0000000018a1c800 JavaThread "Attach Listener" daemon [_thread_blocked, id=29520, stack(0x0000000019170000,0x0000000019270000)]
  0x0000000018a70000 JavaThread "Signal Dispatcher" daemon [_thread_blocked, id=26116, stack(0x0000000019070000,0x0000000019170000)]
  0x0000000002e5e000 JavaThread "Finalizer" daemon [_thread_blocked, id=28628, stack(0x0000000018ee0000,0x0000000018fe0000)]
  0x0000000002e55000 JavaThread "Reference Handler" daemon [_thread_blocked, id=30328, stack(0x0000000018de0000,0x0000000018ee0000)]
  0x0000000002d5e000 JavaThread "main" [_thread_blocked, id=30004, stack(0x0000000002bc0000,0x0000000002cc0000)]

Other Threads:
  0x0000000016c18800 VMThread [stack: 0x00000000188e0000,0x00000000189e0000] [id=27916]
  0x0000000018aae000 WatcherThread [stack: 0x0000000019770000,0x0000000019870000] [id=30260]

VM state:not at safepoint (normal execution)

VM Mutex/Monitor currently owned by a thread:  ([mutex/lock_event])
[0x0000000002d5d4f0] SystemDictionary_lock - owner thread: 0x0000000000000000

heap address: 0x00000000a0000000, size: 1536 MB, Compressed Oops mode: 32-bit
Narrow klass base: 0x0000000000000000, Narrow klass shift: 3
Compressed class space size: 1073741824 Address: 0x0000000100000000

Heap:
 PSYoungGen      total 155136K, used 38286K [0x00000000e0000000, 0x00000000edb00000, 0x0000000100000000)
  eden space 142848K, 18% used [0x00000000e0000000,0x00000000e19694b8,0x00000000e8b80000)
  from space 12288K, 99% used [0x00000000e8b80000,0x00000000e977a6e0,0x00000000e9780000)
  to   space 15872K, 0% used [0x00000000ecb80000,0x00000000ecb80000,0x00000000edb00000)
 ParOldGen       total 50176K, used 20892K [0x00000000a0000000, 0x00000000a3100000, 0x00000000e0000000)
  object space 50176K, 41% used [0x00000000a0000000,0x00000000a14670d0,0x00000000a3100000)
 Metaspace       used 48539K, capacity 49956K, committed 50176K, reserved 1093632K
  class space    used 6497K, capacity 6857K, committed 6912K, reserved 1048576K

Card table byte_map: [0x0000000012220000,0x0000000012530000] byte_map_base: 0x0000000011d20000

Marking Bits: (ParMarkBitMap*) 0x0000000055a59f30
 Begin Bits: [0x0000000012f30000, 0x0000000014730000)
 End Bits:   [0x0000000014730000, 0x0000000015f30000)

Polling page: 0x00000000011e0000

CodeCache: size=245760Kb used=14665Kb max_used=14665Kb free=231094Kb
 bounds [0x0000000002e60000, 0x0000000003cd0000, 0x0000000011e60000]
 total_blobs=4949 nmethods=4179 adapters=682
 compilation: enabled

Compilation events (10 events):
Event: 56.519 Thread 0x0000000018a80000 nmethod 4552 0x0000000003c78610 code [0x0000000003c787c0, 0x0000000003c78c78]
Event: 56.520 Thread 0x0000000018a80000 4553       3       com.google.common.collect.AbstractIndexedListIterator::<init> (21 bytes)
Event: 56.520 Thread 0x0000000018a80000 nmethod 4553 0x00000000030915d0 code [0x0000000003091780, 0x0000000003091c38]
Event: 56.520 Thread 0x0000000018a80000 4554       3       com.google.common.collect.UnmodifiableListIterator::<init> (5 bytes)
Event: 56.521 Thread 0x0000000018a80000 nmethod 4554 0x000000000347fb50 code [0x000000000347fcc0, 0x000000000347fed0]
Event: 56.521 Thread 0x0000000018a80000 4550       3       com.google.common.reflect.TypeResolver$TypeTable::<init> (12 bytes)
Event: 56.521 Thread 0x0000000018a80000 nmethod 4550 0x000000000347f6d0 code [0x000000000347f840, 0x000000000347fa70]
Event: 56.521 Thread 0x0000000018a80000 4546       3       com.google.common.reflect.TypeResolver::<init> (6 bytes)
Event: 56.522 Thread 0x0000000018a80000 nmethod 4546 0x00000000033b6dd0 code [0x00000000033b6f40, 0x00000000033b7170]
Event: 56.522 Thread 0x0000000018a80000 4555       3       jdk.internal.org.objectweb.asm.ClassWriter::toByteArray (1289 bytes)

GC Heap History (10 events):
Event: 27.494 GC heap before
{Heap before GC invocations=9 (full 1):
 PSYoungGen      total 71680K, used 64512K [0x00000000e0000000, 0x00000000e9200000, 0x0000000100000000)
  eden space 64512K, 100% used [0x00000000e0000000,0x00000000e3f00000,0x00000000e3f00000)
  from space 7168K, 0% used [0x00000000e3f00000,0x00000000e3f00000,0x00000000e4600000)
  to   space 10240K, 0% used [0x00000000e8800000,0x00000000e8800000,0x00000000e9200000)
 ParOldGen       total 38400K, used 11974K [0x00000000a0000000, 0x00000000a2580000, 0x00000000e0000000)
  object space 38400K, 31% used [0x00000000a0000000,0x00000000a0bb1ab0,0x00000000a2580000)
 Metaspace       used 28709K, capacity 29268K, committed 29568K, reserved 1075200K
  class space    used 3927K, capacity 4135K, committed 4224K, reserved 1048576K
Event: 27.510 GC heap after
Heap after GC invocations=9 (full 1):
 PSYoungGen      total 113664K, used 8392K [0x00000000e0000000, 0x00000000e9080000, 0x0000000100000000)
  eden space 104960K, 0% used [0x00000000e0000000,0x00000000e0000000,0x00000000e6680000)
  from space 8704K, 96% used [0x00000000e8800000,0x00000000e9032120,0x00000000e9080000)
  to   space 10752K, 0% used [0x00000000e7b80000,0x00000000e7b80000,0x00000000e8600000)
 ParOldGen       total 38400K, used 11982K [0x00000000a0000000, 0x00000000a2580000, 0x00000000e0000000)
  object space 38400K, 31% used [0x00000000a0000000,0x00000000a0bb3ab0,0x00000000a2580000)
 Metaspace       used 28709K, capacity 29268K, committed 29568K, reserved 1075200K
  class space    used 3927K, capacity 4135K, committed 4224K, reserved 1048576K
}
Event: 31.882 GC heap before
{Heap before GC invocations=10 (full 1):
 PSYoungGen      total 113664K, used 113352K [0x00000000e0000000, 0x00000000e9080000, 0x0000000100000000)
  eden space 104960K, 100% used [0x00000000e0000000,0x00000000e6680000,0x00000000e6680000)
  from space 8704K, 96% used [0x00000000e8800000,0x00000000e9032120,0x00000000e9080000)
  to   space 10752K, 0% used [0x00000000e7b80000,0x00000000e7b80000,0x00000000e8600000)
 ParOldGen       total 38400K, used 11982K [0x00000000a0000000, 0x00000000a2580000, 0x00000000e0000000)
  object space 38400K, 31% used [0x00000000a0000000,0x00000000a0bb3ab0,0x00000000a2580000)
 Metaspace       used 34295K, capacity 35038K, committed 35200K, reserved 1079296K
  class space    used 4706K, capacity 4918K, committed 4992K, reserved 1048576K
Event: 31.900 GC heap after
Heap after GC invocations=10 (full 1):
 PSYoungGen      total 137216K, used 10751K [0x00000000e0000000, 0x00000000ea400000, 0x0000000100000000)
  eden space 126464K, 0% used [0x00000000e0000000,0x00000000e0000000,0x00000000e7b80000)
  from space 10752K, 99% used [0x00000000e7b80000,0x00000000e85fffb8,0x00000000e8600000)
  to   space 12800K, 0% used [0x00000000e9780000,0x00000000e9780000,0x00000000ea400000)
 ParOldGen       total 38400K, used 12545K [0x00000000a0000000, 0x00000000a2580000, 0x00000000e0000000)
  object space 38400K, 32% used [0x00000000a0000000,0x00000000a0c40660,0x00000000a2580000)
 Metaspace       used 34295K, capacity 35038K, committed 35200K, reserved 1079296K
  class space    used 4706K, capacity 4918K, committed 4992K, reserved 1048576K
}
Event: 32.277 GC heap before
{Heap before GC invocations=11 (full 1):
 PSYoungGen      total 137216K, used 23273K [0x00000000e0000000, 0x00000000ea400000, 0x0000000100000000)
  eden space 126464K, 9% used [0x00000000e0000000,0x00000000e0c3a7a0,0x00000000e7b80000)
  from space 10752K, 99% used [0x00000000e7b80000,0x00000000e85fffb8,0x00000000e8600000)
  to   space 12800K, 0% used [0x00000000e9780000,0x00000000e9780000,0x00000000ea400000)
 ParOldGen       total 38400K, used 12545K [0x00000000a0000000, 0x00000000a2580000, 0x00000000e0000000)
  object space 38400K, 32% used [0x00000000a0000000,0x00000000a0c40660,0x00000000a2580000)
 Metaspace       used 34596K, capacity 35362K, committed 35456K, reserved 1079296K
  class space    used 4742K, capacity 4956K, committed 4992K, reserved 1048576K
Event: 32.289 GC heap after
Heap after GC invocations=11 (full 1):
 PSYoungGen      total 155648K, used 4864K [0x00000000e0000000, 0x00000000ec900000, 0x0000000100000000)
  eden space 142848K, 0% used [0x00000000e0000000,0x00000000e0000000,0x00000000e8b80000)
  from space 12800K, 38% used [0x00000000e9780000,0x00000000e9c40000,0x00000000ea400000)
  to   space 12288K, 0% used [0x00000000e8b80000,0x00000000e8b80000,0x00000000e9780000)
 ParOldGen       total 38400K, used 16209K [0x00000000a0000000, 0x00000000a2580000, 0x00000000e0000000)
  object space 38400K, 42% used [0x00000000a0000000,0x00000000a0fd4680,0x00000000a2580000)
 Metaspace       used 34596K, capacity 35362K, committed 35456K, reserved 1079296K
  class space    used 4742K, capacity 4956K, committed 4992K, reserved 1048576K
}
Event: 32.289 GC heap before
{Heap before GC invocations=12 (full 2):
 PSYoungGen      total 155648K, used 4864K [0x00000000e0000000, 0x00000000ec900000, 0x0000000100000000)
  eden space 142848K, 0% used [0x00000000e0000000,0x00000000e0000000,0x00000000e8b80000)
  from space 12800K, 38% used [0x00000000e9780000,0x00000000e9c40000,0x00000000ea400000)
  to   space 12288K, 0% used [0x00000000e8b80000,0x00000000e8b80000,0x00000000e9780000)
 ParOldGen       total 38400K, used 16209K [0x00000000a0000000, 0x00000000a2580000, 0x00000000e0000000)
  object space 38400K, 42% used [0x00000000a0000000,0x00000000a0fd4680,0x00000000a2580000)
 Metaspace       used 34596K, capacity 35362K, committed 35456K, reserved 1079296K
  class space    used 4742K, capacity 4956K, committed 4992K, reserved 1048576K
Event: 32.404 GC heap after
Heap after GC invocations=12 (full 2):
 PSYoungGen      total 155648K, used 0K [0x00000000e0000000, 0x00000000ec900000, 0x0000000100000000)
  eden space 142848K, 0% used [0x00000000e0000000,0x00000000e0000000,0x00000000e8b80000)
  from space 12800K, 0% used [0x00000000e9780000,0x00000000e9780000,0x00000000ea400000)
  to   space 12288K, 0% used [0x00000000e8b80000,0x00000000e8b80000,0x00000000e9780000)
 ParOldGen       total 50176K, used 15339K [0x00000000a0000000, 0x00000000a3100000, 0x00000000e0000000)
  object space 50176K, 30% used [0x00000000a0000000,0x00000000a0efacc0,0x00000000a3100000)
 Metaspace       used 34591K, capacity 35344K, committed 35456K, reserved 1079296K
  class space    used 4740K, capacity 4953K, committed 4992K, reserved 1048576K
}
Event: 55.241 GC heap before
{Heap before GC invocations=13 (full 2):
 PSYoungGen      total 155648K, used 142848K [0x00000000e0000000, 0x00000000ec900000, 0x0000000100000000)
  eden space 142848K, 100% used [0x00000000e0000000,0x00000000e8b80000,0x00000000e8b80000)
  from space 12800K, 0% used [0x00000000e9780000,0x00000000e9780000,0x00000000ea400000)
  to   space 12288K, 0% used [0x00000000e8b80000,0x00000000e8b80000,0x00000000e9780000)
 ParOldGen       total 50176K, used 15339K [0x00000000a0000000, 0x00000000a3100000, 0x00000000e0000000)
  object space 50176K, 30% used [0x00000000a0000000,0x00000000a0efacc0,0x00000000a3100000)
 Metaspace       used 47813K, capacity 48974K, committed 49280K, reserved 1091584K
  class space    used 6382K, capacity 6704K, committed 6784K, reserved 1048576K
Event: 55.282 GC heap after
Heap after GC invocations=13 (full 2):
 PSYoungGen      total 155136K, used 12265K [0x00000000e0000000, 0x00000000edb00000, 0x0000000100000000)
  eden space 142848K, 0% used [0x00000000e0000000,0x00000000e0000000,0x00000000e8b80000)
  from space 12288K, 99% used [0x00000000e8b80000,0x00000000e977a6e0,0x00000000e9780000)
  to   space 15872K, 0% used [0x00000000ecb80000,0x00000000ecb80000,0x00000000edb00000)
 ParOldGen       total 50176K, used 20892K [0x00000000a0000000, 0x00000000a3100000, 0x00000000e0000000)
  object space 50176K, 41% used [0x00000000a0000000,0x00000000a14670d0,0x00000000a3100000)
 Metaspace       used 47813K, capacity 48974K, committed 49280K, reserved 1091584K
  class space    used 6382K, capacity 6704K, committed 6784K, reserved 1048576K
}

Deoptimization events (10 events):
Event: 45.498 Thread 0x000000001a2bb800 Uncommon trap: reason=unstable_if action=reinterpret pc=0x00000000036dc630 method=org.gradle.internal.reflect.PropertyAccessorType.of(Ljava/lang/reflect/Method;)Lorg/gradle/internal/reflect/PropertyAccessorType; @ 56
Event: 51.118 Thread 0x000000001a2bb800 Uncommon trap: reason=speculate_class_check action=maybe_recompile pc=0x00000000038129e8 method=com.google.common.collect.AbstractIndexedListIterator.next()Ljava/lang/Object; @ 27
Event: 51.119 Thread 0x000000001a2bb800 Uncommon trap: reason=speculate_class_check action=maybe_recompile pc=0x00000000038129e8 method=com.google.common.collect.AbstractIndexedListIterator.next()Ljava/lang/Object; @ 27
Event: 51.119 Thread 0x000000001a2bb800 Uncommon trap: reason=speculate_class_check action=maybe_recompile pc=0x00000000038129e8 method=com.google.common.collect.AbstractIndexedListIterator.next()Ljava/lang/Object; @ 27
Event: 51.120 Thread 0x000000001a2bb800 Uncommon trap: reason=speculate_class_check action=maybe_recompile pc=0x00000000038129e8 method=com.google.common.collect.AbstractIndexedListIterator.next()Ljava/lang/Object; @ 27
Event: 52.581 Thread 0x000000001a2bb800 Uncommon trap: reason=unstable_if action=reinterpret pc=0x00000000039c1a70 method=org.gradle.internal.instantiation.AbstractClassGenerator$InjectionAnnotationValidator.validateMethod(Ljava/lang/reflect/Method;Lorg/gradle/internal/reflect/PropertyAccessorT
Event: 52.581 Thread 0x000000001a2bb800 Uncommon trap: reason=unstable_if action=reinterpret pc=0x0000000003a5b144 method=org.gradle.internal.instantiation.AbstractClassGenerator$InjectionAnnotationValidator.validateMethod(Ljava/lang/reflect/Method;Lorg/gradle/internal/reflect/PropertyAccessorT
Event: 53.803 Thread 0x000000001a2bb800 Uncommon trap: reason=unstable_if action=reinterpret pc=0x000000000391f900 method=org.codehaus.groovy.runtime.metaclass.MetaMethodIndex.isNonRealMethod(Lgroovy/lang/MetaMethod;)Z @ 4
Event: 53.805 Thread 0x000000001a2bb800 Uncommon trap: reason=unstable_if action=reinterpret pc=0x00000000036f9b1c method=groovy.lang.MetaClassImpl$1MOPIter.methodNameAction(Ljava/lang/Class;Lorg/codehaus/groovy/runtime/metaclass/MetaMethodIndex$Entry;)V @ 182
Event: 54.404 Thread 0x000000001a2bb800 Uncommon trap: reason=unstable_if action=reinterpret pc=0x0000000003a64750 method=java.lang.ClassLoader.checkCerts(Ljava/lang/String;Ljava/security/CodeSource;)V @ 29

Classes redefined (0 events):
No events

Internal exceptions (10 events):
Event: 55.733 Thread 0x000000001a2bb800 Exception <a 'java/lang/ClassNotFoundException': build_13tjhmui4na191ub879f5kxi9$_run_closure1BeanInfo> (0x00000000e0d28608) thrown at [D:\src\AOSP-openjdk-cygwin\jdk8u\hotspot\src\share\vm\classfile\systemDictionary.cpp, line 210]
Event: 55.735 Thread 0x000000001a2bb800 Exception <a 'java/lang/ClassNotFoundException': build_13tjhmui4na191ub879f5kxi9$_run_closure1Customizer> (0x00000000e0d39d28) thrown at [D:\src\AOSP-openjdk-cygwin\jdk8u\hotspot\src\share\vm\classfile\systemDictionary.cpp, line 210]
Event: 55.909 Thread 0x000000001a2bb800 Exception <a 'java/lang/ClassNotFoundException': org/gradle/api/internal/file/collections/DefaultConfigurableFileTreeBeanInfo> (0x00000000e0ee53d8) thrown at [D:\src\AOSP-openjdk-cygwin\jdk8u\hotspot\src\share\vm\classfile\systemDictionary.cpp, line 210]
Event: 55.912 Thread 0x000000001a2bb800 Exception <a 'java/lang/ClassNotFoundException': org/gradle/api/internal/file/CompositeFileTreeBeanInfo> (0x00000000e0f1d8e0) thrown at [D:\src\AOSP-openjdk-cygwin\jdk8u\hotspot\src\share\vm\classfile\systemDictionary.cpp, line 210]
Event: 55.917 Thread 0x000000001a2bb800 Exception <a 'java/lang/ClassNotFoundException': org/gradle/api/internal/file/CompositeFileCollectionBeanInfo> (0x00000000e0f5a3a8) thrown at [D:\src\AOSP-openjdk-cygwin\jdk8u\hotspot\src\share\vm\classfile\systemDictionary.cpp, line 210]
Event: 55.951 Thread 0x000000001a2bb800 Exception <a 'java/lang/ClassNotFoundException': org/gradle/api/internal/file/AbstractFileCollectionBeanInfo> (0x00000000e0fac278) thrown at [D:\src\AOSP-openjdk-cygwin\jdk8u\hotspot\src\share\vm\classfile\systemDictionary.cpp, line 210]
Event: 55.957 Thread 0x000000001a2bb800 Exception <a 'java/lang/ClassNotFoundException': org/gradle/api/internal/file/AbstractFileCollectionCustomizer> (0x00000000e0fe9ea8) thrown at [D:\src\AOSP-openjdk-cygwin\jdk8u\hotspot\src\share\vm\classfile\systemDictionary.cpp, line 210]
Event: 55.962 Thread 0x000000001a2bb800 Exception <a 'java/lang/ClassNotFoundException': org/gradle/api/internal/file/CompositeFileCollectionCustomizer> (0x00000000e1037a48) thrown at [D:\src\AOSP-openjdk-cygwin\jdk8u\hotspot\src\share\vm\classfile\systemDictionary.cpp, line 210]
Event: 55.976 Thread 0x000000001a2bb800 Exception <a 'java/lang/ClassNotFoundException': org/gradle/api/internal/file/CompositeFileTreeCustomizer> (0x00000000e1081ca8) thrown at [D:\src\AOSP-openjdk-cygwin\jdk8u\hotspot\src\share\vm\classfile\systemDictionary.cpp, line 210]
Event: 55.992 Thread 0x000000001a2bb800 Exception <a 'java/lang/ClassNotFoundException': org/gradle/api/internal/file/collections/DefaultConfigurableFileTreeCustomizer> (0x00000000e10d6e00) thrown at [D:\src\AOSP-openjdk-cygwin\jdk8u\hotspot\src\share\vm\classfile\systemDictionary.cpp, line 210

Events (10 events):
Event: 56.517 loading class com/android/build/gradle/internal/dependency/AarResourcesCompilerTransform$Parameters
Event: 56.517 loading class com/android/build/gradle/internal/dependency/AarResourcesCompilerTransform$Parameters done
Event: 56.518 loading class org/gradle/api/file/ConfigurableFileCollection
Event: 56.518 loading class org/gradle/api/file/ConfigurableFileCollection done
Event: 56.521 loading class com/android/build/gradle/internal/dependency/AarResourcesCompilerTransform$Parameters
Event: 56.521 loading class com/android/build/gradle/internal/dependency/AarResourcesCompilerTransform$Parameters done
Event: 56.521 loading class com/android/build/gradle/internal/dependency/AarResourcesCompilerTransform$Parameters
Event: 56.521 loading class com/android/build/gradle/internal/dependency/AarResourcesCompilerTransform$Parameters done
Event: 56.521 loading class com/android/build/gradle/internal/VariantManager
Event: 56.521 loading class com/android/build/gradle/internal/VariantManager done


Dynamic libraries:
0x00007ff7aac10000 - 0x00007ff7aac41000 	D:\Android Studio\jre\bin\java.exe
0x00007fffd4ea0000 - 0x00007fffd5090000 	C:\WINDOWS\SYSTEM32\ntdll.dll
0x00007fffd42a0000 - 0x00007fffd4352000 	C:\WINDOWS\System32\KERNEL32.DLL
0x00007fffd20b0000 - 0x00007fffd2353000 	C:\WINDOWS\System32\KERNELBASE.dll
0x00007fffd4db0000 - 0x00007fffd4e53000 	C:\WINDOWS\System32\ADVAPI32.dll
0x00007fffd4200000 - 0x00007fffd429e000 	C:\WINDOWS\System32\msvcrt.dll
0x00007fffd4360000 - 0x00007fffd43f7000 	C:\WINDOWS\System32\sechost.dll
0x00007fffd3110000 - 0x00007fffd3230000 	C:\WINDOWS\System32\RPCRT4.dll
0x00007fffd2f50000 - 0x00007fffd30e4000 	C:\WINDOWS\System32\USER32.dll
0x00007fffd1fd0000 - 0x00007fffd1ff1000 	C:\WINDOWS\System32\win32u.dll
0x00007fffd3b00000 - 0x00007fffd3b26000 	C:\WINDOWS\System32\GDI32.dll
0x00007fffd1e30000 - 0x00007fffd1fc4000 	C:\WINDOWS\System32\gdi32full.dll
0x00007fffd2e50000 - 0x00007fffd2eee000 	C:\WINDOWS\System32\msvcp_win.dll
0x00007fffd2c50000 - 0x00007fffd2d4a000 	C:\WINDOWS\System32\ucrtbase.dll
0x00007fffc0250000 - 0x00007fffc04d5000 	C:\WINDOWS\WinSxS\amd64_microsoft.windows.common-controls_6595b64144ccf1df_6.0.18362.778_none_e6c6b761130d4fb8\COMCTL32.dll
0x00007fffd3ec0000 - 0x00007fffd41f6000 	C:\WINDOWS\System32\combase.dll
0x00007fffd2d50000 - 0x00007fffd2dd0000 	C:\WINDOWS\System32\bcryptPrimitives.dll
0x00007fffd3e30000 - 0x00007fffd3e5e000 	C:\WINDOWS\System32\IMM32.DLL
0x00000000551b0000 - 0x0000000055282000 	D:\Android Studio\jre\jre\bin\msvcr100.dll
0x0000000055290000 - 0x0000000055ad6000 	D:\Android Studio\jre\jre\bin\server\jvm.dll
0x00007fffd3230000 - 0x00007fffd3238000 	C:\WINDOWS\System32\PSAPI.DLL
0x00007fffcb330000 - 0x00007fffcb354000 	C:\WINDOWS\SYSTEM32\WINMM.dll
0x00007fffc83f0000 - 0x00007fffc83fa000 	C:\WINDOWS\SYSTEM32\VERSION.dll
0x00007fffbf350000 - 0x00007fffbf359000 	C:\WINDOWS\SYSTEM32\WSOCK32.dll
0x00007fffcb300000 - 0x00007fffcb32d000 	C:\WINDOWS\SYSTEM32\WINMMBASE.dll
0x00007fffd4d40000 - 0x00007fffd4daf000 	C:\WINDOWS\System32\WS2_32.dll
0x00007fffd2dd0000 - 0x00007fffd2e1a000 	C:\WINDOWS\System32\cfgmgr32.dll
0x00007fffca5f0000 - 0x00007fffca5ff000 	D:\Android Studio\jre\jre\bin\verify.dll
0x00007fffc94a0000 - 0x00007fffc94c9000 	D:\Android Studio\jre\jre\bin\java.dll
0x00007fffc9480000 - 0x00007fffc9496000 	D:\Android Studio\jre\jre\bin\zip.dll
0x00007fffd3360000 - 0x00007fffd3a45000 	C:\WINDOWS\System32\SHELL32.dll
0x00007fffd3a50000 - 0x00007fffd3af9000 	C:\WINDOWS\System32\shcore.dll
0x00007fffd24d0000 - 0x00007fffd2c50000 	C:\WINDOWS\System32\windows.storage.dll
0x00007fffd1db0000 - 0x00007fffd1dd3000 	C:\WINDOWS\System32\profapi.dll
0x00007fffd1de0000 - 0x00007fffd1e2a000 	C:\WINDOWS\System32\powrprof.dll
0x00007fffd1d60000 - 0x00007fffd1d70000 	C:\WINDOWS\System32\UMPDC.dll
0x00007fffd3b30000 - 0x00007fffd3b82000 	C:\WINDOWS\System32\shlwapi.dll
0x00007fffd1d90000 - 0x00007fffd1da1000 	C:\WINDOWS\System32\kernel.appcore.dll
0x00007fffd24b0000 - 0x00007fffd24c7000 	C:\WINDOWS\System32\cryptsp.dll
0x00007fffc1d30000 - 0x00007fffc1d4a000 	D:\Android Studio\jre\jre\bin\net.dll
0x00007fffbf720000 - 0x00007fffbf8f5000 	C:\WINDOWS\SYSTEM32\urlmon.dll
0x00007fffbf470000 - 0x00007fffbf716000 	C:\WINDOWS\SYSTEM32\iertutil.dll
0x00007fffd17a0000 - 0x00007fffd17ac000 	C:\WINDOWS\SYSTEM32\CRYPTBASE.DLL
0x00007fffd15b0000 - 0x00007fffd1617000 	C:\WINDOWS\system32\mswsock.dll
0x00007fffc1c70000 - 0x00007fffc1c83000 	D:\Android Studio\jre\jre\bin\nio.dll
0x00007fffb7690000 - 0x00007fffb76b6000 	C:\Users\Samsung\.gradle\native\30\windows-amd64\native-platform.dll
0x00007fffc99a0000 - 0x00007fffc99ad000 	D:\Android Studio\jre\jre\bin\management.dll
0x00007fffd10a0000 - 0x00007fffd10d3000 	C:\WINDOWS\system32\rsaenh.dll
0x00007fffd2e20000 - 0x00007fffd2e46000 	C:\WINDOWS\System32\bcrypt.dll
0x00007fffd1c80000 - 0x00007fffd1ca5000 	C:\WINDOWS\SYSTEM32\USERENV.dll
0x00007fffd12a0000 - 0x00007fffd12da000 	C:\WINDOWS\SYSTEM32\IPHLPAPI.DLL
0x00007fffd4c60000 - 0x00007fffd4c68000 	C:\WINDOWS\System32\NSI.dll
0x00007fffc4780000 - 0x00007fffc4796000 	C:\WINDOWS\SYSTEM32\dhcpcsvc6.DLL
0x00007fffc5810000 - 0x00007fffc582c000 	C:\WINDOWS\SYSTEM32\dhcpcsvc.DLL
0x00007fffd12f0000 - 0x00007fffd13ba000 	C:\WINDOWS\SYSTEM32\DNSAPI.dll

VM Arguments:
jvm_args: -Xmx1536m -Dfile.encoding=x-windows-949 -Duser.country=KR -Duser.language=ko -Duser.variant 
java_command: org.gradle.launcher.daemon.bootstrap.GradleDaemon 5.6.4
java_class_path (initial): C:\Users\Samsung\.gradle\wrapper\dists\gradle-5.6.4-all\ankdp27end7byghfw1q2sw75f\gradle-5.6.4\lib\gradle-launcher-5.6.4.jar
Launcher Type: SUN_STANDARD

Environment Variables:
JAVA_HOME=C:\Program Files\Java\jdk1.8.0_91
PATH=D:\dk\app\oracle\product\11.2.0\server\bin;;C:\ProgramData\Oracle\Java\javapath;C:\Program Files (x86)\Intel\Intel(R) Management Engine Components\iCLS\;C:\Program Files\Intel\Intel(R) Management Engine Components\iCLS\;C:\windows\system32;C:\windows;C:\windows\System32\Wbem;C:\windows\System32\WindowsPowerShell\v1.0\;C:\Program Files (x86)\NVIDIA Corporation\PhysX\Common;C:\Program Files (x86)\Intel\Intel(R) Management Engine Components\DAL;C:\Program Files\Intel\Intel(R) Management Engine Components\DAL;C:\Program Files (x86)\Intel\Intel(R) Management Engine Components\IPT;C:\Program Files\Intel\Intel(R) Management Engine Components\IPT;C:\WINDOWS\system32;C:\WINDOWS;C:\WINDOWS\System32\Wbem;C:\WINDOWS\System32\WindowsPowerShell\v1.0\;C:\WINDOWS\System32\OpenSSH\;C:\Program Files\dotnet\;C:\Program Files\Java\jdk1.8.0_91\bin;C:\Bitnami\wampstack-7.1.26-1\mysql\bin;C:\Program Files\Git\cmd;C:\Program Files\nodejs\;C:\Users\Samsung\AppData\Local\Programs\Python\Python37-32\Scripts\;C:\Users\Samsung\AppData\Local\Programs\Python\Python37-32\;C:\Users\Samsung\AppData\Local\Microsoft\WindowsApps;C:\Program Files\Bandizip\;C:\Program Files\JetBrains\PyCharm Community Edition 2018.3.5\bin;;C:\Users\Samsung\AppData\Local\Programs\Microsoft VS Code\bin;C:\Users\Samsung\AppData\Roaming\npm;C:\OpenSSL-Win64\bin;
USERNAME=Samsung
OS=Windows_NT
PROCESSOR_IDENTIFIER=Intel64 Family 6 Model 142 Stepping 10, GenuineIntel



---------------  S Y S T E M  ---------------

OS: Windows 10.0 , 64 bit Build 18362 (10.0.18362.778)

CPU:total 8 (initial active 8) (4 cores per cpu, 2 threads per core) family 6 model 142 stepping 10, cmov, cx8, fxsr, mmx, sse, sse2, sse3, ssse3, sse4.1, sse4.2, popcnt, avx, avx2, aes, clmul, erms, 3dnowpref, lzcnt, ht, tsc, tscinvbit, bmi1, bmi2, adx

Memory: 4k page, physical 4107416k(246836k free), swap 12299416k(6556k free)

vm_info: OpenJDK 64-Bit Server VM (25.212-b04) for windows-amd64 JRE (1.8.0_212-release-1586-b04), built by "builder" with MS VC++ 10.0 (VS2010)

time: Wed Apr 29 14:25:37 2020
timezone: 대한민국 표준시
elapsed time: 57 seconds (0d 0h 0m 57s)

