#
# There is insufficient memory for the Java Runtime Environment to continue.
# Native memory allocation (malloc) failed to allocate 1798064 bytes for Chunk::new
# Possible reasons:
#   The system is out of physical RAM or swap space
#   The process is running with CompressedOops enabled, and the Java Heap may be blocking the growth of the native heap
# Possible solutions:
#   Reduce memory load on the system
#   Increase physical memory or swap space
#   Check if swap backing store is full
#   Decrease Java heap size (-Xmx/-Xms)
#   Decrease number of Java threads
#   Decrease Java thread stack sizes (-Xss)
#   Set larger code cache with -XX:ReservedCodeCacheSize=
#   JVM is running with Unscaled Compressed Oops mode in which the Java heap is
#     placed in the first 4GB address space. The Java Heap base address is the
#     maximum limit for the native heap growth. Please use -XX:HeapBaseMinAddress
#     to set the Java Heap base and to place the Java Heap above 4GB virtual address.
# This output file may be truncated or incomplete.
#
#  Out of Memory Error (allocation.cpp:389), pid=27180, tid=0x00000000000061e8
#
# JRE version: OpenJDK Runtime Environment (8.0_212-b04) (build 1.8.0_212-release-1586-b04)
# Java VM: OpenJDK 64-Bit Server VM (25.212-b04 mixed mode windows-amd64 compressed oops)
# Failed to write core dump. Minidumps are not enabled by default on client versions of Windows
#

---------------  T H R E A D  ---------------

Current thread (0x0000000019037800):  JavaThread "C2 CompilerThread2" daemon [_thread_in_native, id=25064, stack(0x0000000019a30000,0x0000000019b30000)]

Stack: [0x0000000019a30000,0x0000000019b30000]
[error occurred during error reporting (printing stack bounds), id 0xc0000005]

Native frames: (J=compiled Java code, j=interpreted, Vv=VM code, C=native code)


Current CompileTask:
C2:  57724 12679       4       com.android.tools.r8.ir.regalloc.LinearScanRegisterAllocator::a (1756 bytes)


---------------  P R O C E S S  ---------------

Java Threads: ( => current thread )
  0x000000001dded800 JavaThread "WorkerExecutor Queue Thread 2" [_thread_blocked, id=26136, stack(0x000000002d9e0000,0x000000002dae0000)]
  0x000000001de79800 JavaThread "WorkerExecutor Queue" [_thread_in_native, id=25024, stack(0x00000000281d0000,0x00000000282d0000)]
  0x000000001de7e800 JavaThread "Cache worker for execution history cache (D:\AndroidStudioProject\booksns_Re\.gradle\5.6.4\executionHistory)" [_thread_blocked, id=27148, stack(0x0000000024f80000,0x0000000025080000)]
  0x000000001de7b000 JavaThread "Execution worker for ':' Thread 7" [_thread_blocked, id=14872, stack(0x00000000269e0000,0x0000000026ae0000)]
  0x000000001de7c800 JavaThread "Execution worker for ':' Thread 6" [_thread_blocked, id=5616, stack(0x0000000025880000,0x0000000025980000)]
  0x000000001a69b800 JavaThread "Execution worker for ':' Thread 5" [_thread_in_Java, id=27176, stack(0x0000000025780000,0x0000000025880000)]
  0x000000001a699000 JavaThread "Execution worker for ':' Thread 4" [_thread_blocked, id=14900, stack(0x0000000025680000,0x0000000025780000)]
  0x000000001a69a800 JavaThread "Execution worker for ':' Thread 3" [_thread_in_Java, id=19368, stack(0x0000000025580000,0x0000000025680000)]
  0x000000001a69a000 JavaThread "Execution worker for ':' Thread 2" [_thread_blocked, id=15784, stack(0x0000000025480000,0x0000000025580000)]
  0x000000001a69c000 JavaThread "Execution worker for ':'" [_thread_in_Java, id=27716, stack(0x00000000250d0000,0x00000000251d0000)]
  0x000000001a698800 JavaThread "Cache worker for file content cache (D:\AndroidStudioProject\booksns_Re\.gradle\5.6.4\fileContent)" [_thread_blocked, id=13196, stack(0x00000000249c0000,0x0000000024ac0000)]
  0x000000001a690000 JavaThread "Cache worker for file content cache (C:\Users\Samsung\.gradle\caches\5.6.4\fileContent)" [_thread_blocked, id=14868, stack(0x00000000248c0000,0x00000000249c0000)]
  0x000000001a697000 JavaThread "Memory manager" [_thread_blocked, id=24704, stack(0x00000000247c0000,0x00000000248c0000)]
  0x000000001a696000 JavaThread "Cache worker for Build Output Cleanup Cache (D:\AndroidStudioProject\booksns_Re\.gradle\buildOutputCleanup)" [_thread_blocked, id=3016, stack(0x0000000023ec0000,0x0000000023fc0000)]
  0x000000001a691800 JavaThread "pool-1-thread-1" [_thread_blocked, id=10840, stack(0x0000000023bc0000,0x0000000023cc0000)]
  0x000000001a695800 JavaThread "Build operations Thread 8" [_thread_blocked, id=28196, stack(0x00000000236c0000,0x00000000237c0000)]
  0x000000001a68e000 JavaThread "Build operations Thread 7" [_thread_blocked, id=23144, stack(0x0000000022390000,0x0000000022490000)]
  0x000000001a693000 JavaThread "Build operations Thread 6" [_thread_blocked, id=10236, stack(0x0000000022290000,0x0000000022390000)]
  0x000000001a692800 JavaThread "Build operations Thread 5" [_thread_blocked, id=28536, stack(0x0000000022190000,0x0000000022290000)]
  0x000000001a68e800 JavaThread "Build operations Thread 4" [_thread_blocked, id=24912, stack(0x0000000022090000,0x0000000022190000)]
  0x000000001a694800 JavaThread "Build operations Thread 3" [_thread_blocked, id=30248, stack(0x0000000021f90000,0x0000000022090000)]
  0x000000001a68d000 JavaThread "Build operations Thread 2" [_thread_blocked, id=22276, stack(0x0000000021e90000,0x0000000021f90000)]
  0x000000001a694000 JavaThread "Build operations" [_thread_blocked, id=18400, stack(0x0000000021d90000,0x0000000021e90000)]
  0x000000001a2b8800 JavaThread "Cache worker for execution history cache (C:\Users\Samsung\.gradle\caches\5.6.4\executionHistory)" [_thread_blocked, id=21624, stack(0x0000000021c90000,0x0000000021d90000)]
  0x000000001a2b5000 JavaThread "Cache worker for cache directory md-rule (C:\Users\Samsung\.gradle\caches\5.6.4\md-rule)" [_thread_blocked, id=9208, stack(0x00000000200f0000,0x00000000201f0000)]
  0x000000001a2b8000 JavaThread "Cache worker for cache directory md-supplier (C:\Users\Samsung\.gradle\caches\5.6.4\md-supplier)" [_thread_blocked, id=8760, stack(0x000000001fe50000,0x000000001ff50000)]
  0x000000001a2b4000 JavaThread "Cache worker for file hash cache (D:\AndroidStudioProject\booksns_Re\.gradle\5.6.4\fileHashes)" [_thread_blocked, id=10168, stack(0x000000001fff0000,0x00000000200f0000)]
  0x000000001a2b7000 JavaThread "Cache worker for journal cache (C:\Users\Samsung\.gradle\caches\journal-1)" [_thread_blocked, id=21724, stack(0x000000001d9b0000,0x000000001dab0000)]
  0x000000001a2b2000 JavaThread "File lock request listener" [_thread_in_native, id=1028, stack(0x000000001d8b0000,0x000000001d9b0000)]
  0x000000001a38d800 JavaThread "Cache worker for file hash cache (C:\Users\Samsung\.gradle\caches\5.6.4\fileHashes)" [_thread_blocked, id=20192, stack(0x000000001d7b0000,0x000000001d8b0000)]
  0x000000001a7d2800 JavaThread "Thread-9" [_thread_blocked, id=20336, stack(0x000000001d4b0000,0x000000001d5b0000)]
  0x000000001a7e3800 JavaThread "Stdin handler" [_thread_blocked, id=21384, stack(0x000000001d3b0000,0x000000001d4b0000)]
  0x000000001a7df000 JavaThread "Asynchronous log dispatcher for DefaultDaemonConnection: socket connection from /127.0.0.1:64408 to /127.0.0.1:64409" [_thread_blocked, id=17032, stack(0x000000001d1b0000,0x000000001d2b0000)]
  0x000000001a46a800 JavaThread "Daemon worker" [_thread_blocked, id=10088, stack(0x000000001d0b0000,0x000000001d1b0000)]
  0x000000001a46a000 JavaThread "Cancel handler" [_thread_blocked, id=19144, stack(0x000000001cfb0000,0x000000001d0b0000)]
  0x000000001ade2800 JavaThread "Handler for socket connection from /127.0.0.1:64408 to /127.0.0.1:64409" [_thread_in_native, id=26192, stack(0x000000001ccb0000,0x000000001cdb0000)]
  0x000000001addd800 JavaThread "Daemon" [_thread_blocked, id=13900, stack(0x000000001cbb0000,0x000000001ccb0000)]
  0x0000000019268800 JavaThread "Daemon periodic checks" [_thread_blocked, id=16908, stack(0x000000001cab0000,0x000000001cbb0000)]
  0x000000001a360000 JavaThread "Incoming local TCP Connector on port 64408" [_thread_in_native, id=29196, stack(0x000000001c8d0000,0x000000001c9d0000)]
  0x000000001b6cb800 JavaThread "Daemon health stats" [_thread_blocked, id=4336, stack(0x000000001c5d0000,0x000000001c6d0000)]
  0x00000000190c9000 JavaThread "Service Thread" daemon [_thread_blocked, id=27964, stack(0x0000000019c30000,0x0000000019d30000)]
  0x000000001903e800 JavaThread "C1 CompilerThread3" daemon [_thread_blocked, id=17360, stack(0x0000000019b30000,0x0000000019c30000)]
=>0x0000000019037800 JavaThread "C2 CompilerThread2" daemon [_thread_in_native, id=25064, stack(0x0000000019a30000,0x0000000019b30000)]
  0x0000000019033000 JavaThread "C2 CompilerThread1" daemon [_thread_in_native, id=25932, stack(0x0000000019930000,0x0000000019a30000)]
  0x0000000018fd9800 JavaThread "C2 CompilerThread0" daemon [_thread_in_native, id=6336, stack(0x0000000019830000,0x0000000019930000)]
  0x0000000018fd7800 JavaThread "Attach Listener" daemon [_thread_blocked, id=13208, stack(0x0000000019730000,0x0000000019830000)]
  0x0000000019030000 JavaThread "Signal Dispatcher" daemon [_thread_blocked, id=2908, stack(0x0000000019630000,0x0000000019730000)]
  0x00000000171d2800 JavaThread "Finalizer" daemon [_thread_blocked, id=14132, stack(0x00000000194a0000,0x00000000195a0000)]
  0x0000000003406800 JavaThread "Reference Handler" daemon [_thread_blocked, id=25720, stack(0x00000000193a0000,0x00000000194a0000)]
  0x000000000330e000 JavaThread "main" [_thread_blocked, id=13644, stack(0x0000000003180000,0x0000000003280000)]

Other Threads:
  0x00000000171c8000 VMThread [stack: 0x0000000018ea0000,0x0000000018fa0000] [id=29280]
  0x0000000019079800 WatcherThread [stack: 0x0000000019d30000,0x0000000019e30000] [id=22944]

VM state:not at safepoint (normal execution)

VM Mutex/Monitor currently owned by a thread: None

heap address: 0x00000000a0000000, size: 1536 MB, Compressed Oops mode: 32-bit
Narrow klass base: 0x0000000000000000, Narrow klass shift: 3
Compressed class space size: 1073741824 Address: 0x0000000100000000

Heap:
 PSYoungGen      total 422400K, used 162183K [0x00000000e0000000, 0x00000000fc400000, 0x0000000100000000)
  eden space 388096K, 38% used [0x00000000e0000000,0x00000000e9016880,0x00000000f7b00000)
  from space 34304K, 42% used [0x00000000fa280000,0x00000000fb0cb660,0x00000000fc400000)
  to   space 37376K, 0% used [0x00000000f7b00000,0x00000000f7b00000,0x00000000f9f80000)
 ParOldGen       total 171008K, used 147724K [0x00000000a0000000, 0x00000000aa700000, 0x00000000e0000000)
  object space 171008K, 86% used [0x00000000a0000000,0x00000000a9043020,0x00000000aa700000)
 Metaspace       used 71539K, capacity 74728K, committed 75904K, reserved 1114112K
  class space    used 9656K, capacity 10280K, committed 10624K, reserved 1048576K

Card table byte_map: [0x00000000127d0000,0x0000000012ae0000] byte_map_base: 0x00000000122d0000

Marking Bits: (ParMarkBitMap*) 0x0000000055a59f30
 Begin Bits: [0x00000000134e0000, 0x0000000014ce0000)
 End Bits:   [0x0000000014ce0000, 0x00000000164e0000)

Polling page: 0x0000000001760000

CodeCache: size=245760Kb used=37724Kb max_used=37737Kb free=208035Kb
 bounds [0x0000000003410000, 0x0000000005960000, 0x0000000012410000]
 total_blobs=12299 nmethods=11486 adapters=723
 compilation: enabled

Compilation events (10 events):
Event: 57.194 Thread 0x000000001903e800 13796       2       org.gradle.execution.plan.TaskNode::allDependenciesComplete (93 bytes)
Event: 57.195 Thread 0x000000001903e800 nmethod 13796 0x0000000004ffe3d0 code [0x0000000004ffe5c0, 0x0000000004ffea08]
Event: 57.209 Thread 0x000000001903e800 13797       2       com.android.tools.r8.ir.optimize.h::a (286 bytes)
Event: 57.215 Thread 0x000000001903e800 nmethod 13797 0x0000000005291810 code [0x0000000005291bc0, 0x0000000005292c68]
Event: 57.251 Thread 0x000000001903e800 13799       2       java.util.concurrent.ArrayBlockingQueue::enqueue (53 bytes)
Event: 57.253 Thread 0x000000001903e800 nmethod 13799 0x0000000004546290 code [0x0000000004546420, 0x0000000004546768]
Event: 57.369 Thread 0x000000001903e800 13800       2       java.util.AbstractSet::removeAll (97 bytes)
Event: 57.370 Thread 0x000000001903e800 nmethod 13800 0x0000000004545810 code [0x0000000004545a20, 0x0000000004545f38]
Event: 57.458 Thread 0x000000001903e800 13803 %     3       org.gradle.cache.internal.btree.BTreePersistentIndexedCache$IndexBlock::write @ 23 (87 bytes)
Event: 57.459 Thread 0x000000001903e800 nmethod 13803% 0x0000000004544590 code [0x00000000045447c0, 0x0000000004545388]

GC Heap History (10 events):
Event: 51.939 GC heap before
{Heap before GC invocations=39 (full 5):
 PSYoungGen      total 356864K, used 323909K [0x00000000e0000000, 0x00000000faf80000, 0x0000000100000000)
  eden space 312832K, 100% used [0x00000000e0000000,0x00000000f3180000,0x00000000f3180000)
  from space 44032K, 25% used [0x00000000f3180000,0x00000000f3c516d8,0x00000000f5c80000)
  to   space 44032K, 0% used [0x00000000f8480000,0x00000000f8480000,0x00000000faf80000)
 ParOldGen       total 171008K, used 133346K [0x00000000a0000000, 0x00000000aa700000, 0x00000000e0000000)
  object space 171008K, 77% used [0x00000000a0000000,0x00000000a8238ab0,0x00000000aa700000)
 Metaspace       used 71189K, capacity 74340K, committed 75648K, reserved 1114112K
  class space    used 9616K, capacity 10228K, committed 10624K, reserved 1048576K
Event: 51.965 GC heap after
Heap after GC invocations=39 (full 5):
 PSYoungGen      total 392704K, used 6216K [0x00000000e0000000, 0x00000000fad00000, 0x0000000100000000)
  eden space 351232K, 0% used [0x00000000e0000000,0x00000000e0000000,0x00000000f5700000)
  from space 41472K, 14% used [0x00000000f8480000,0x00000000f8a921c8,0x00000000fad00000)
  to   space 44032K, 0% used [0x00000000f5700000,0x00000000f5700000,0x00000000f8200000)
 ParOldGen       total 171008K, used 142571K [0x00000000a0000000, 0x00000000aa700000, 0x00000000e0000000)
  object space 171008K, 83% used [0x00000000a0000000,0x00000000a8b3af80,0x00000000aa700000)
 Metaspace       used 71189K, capacity 74340K, committed 75648K, reserved 1114112K
  class space    used 9616K, capacity 10228K, committed 10624K, reserved 1048576K
}
Event: 53.444 GC heap before
{Heap before GC invocations=40 (full 5):
 PSYoungGen      total 392704K, used 357448K [0x00000000e0000000, 0x00000000fad00000, 0x0000000100000000)
  eden space 351232K, 100% used [0x00000000e0000000,0x00000000f5700000,0x00000000f5700000)
  from space 41472K, 14% used [0x00000000f8480000,0x00000000f8a921c8,0x00000000fad00000)
  to   space 44032K, 0% used [0x00000000f5700000,0x00000000f5700000,0x00000000f8200000)
 ParOldGen       total 171008K, used 142571K [0x00000000a0000000, 0x00000000aa700000, 0x00000000e0000000)
  object space 171008K, 83% used [0x00000000a0000000,0x00000000a8b3af80,0x00000000aa700000)
 Metaspace       used 71251K, capacity 74418K, committed 75648K, reserved 1114112K
  class space    used 9619K, capacity 10233K, committed 10624K, reserved 1048576K
Event: 53.482 GC heap after
Heap after GC invocations=40 (full 5):
 PSYoungGen      total 395264K, used 8598K [0x00000000e0000000, 0x00000000fad00000, 0x0000000100000000)
  eden space 351232K, 0% used [0x00000000e0000000,0x00000000e0000000,0x00000000f5700000)
  from space 44032K, 19% used [0x00000000f5700000,0x00000000f5f65a88,0x00000000f8200000)
  to   space 41472K, 0% used [0x00000000f8480000,0x00000000f8480000,0x00000000fad00000)
 ParOldGen       total 171008K, used 147724K [0x00000000a0000000, 0x00000000aa700000, 0x00000000e0000000)
  object space 171008K, 86% used [0x00000000a0000000,0x00000000a9043020,0x00000000aa700000)
 Metaspace       used 71251K, capacity 74418K, committed 75648K, reserved 1114112K
  class space    used 9619K, capacity 10233K, committed 10624K, reserved 1048576K
}
Event: 54.557 GC heap before
{Heap before GC invocations=41 (full 5):
 PSYoungGen      total 395264K, used 359830K [0x00000000e0000000, 0x00000000fad00000, 0x0000000100000000)
  eden space 351232K, 100% used [0x00000000e0000000,0x00000000f5700000,0x00000000f5700000)
  from space 44032K, 19% used [0x00000000f5700000,0x00000000f5f65a88,0x00000000f8200000)
  to   space 41472K, 0% used [0x00000000f8480000,0x00000000f8480000,0x00000000fad00000)
 ParOldGen       total 171008K, used 147724K [0x00000000a0000000, 0x00000000aa700000, 0x00000000e0000000)
  object space 171008K, 86% used [0x00000000a0000000,0x00000000a9043020,0x00000000aa700000)
 Metaspace       used 71351K, capacity 74478K, committed 75648K, reserved 1114112K
  class space    used 9629K, capacity 10243K, committed 10624K, reserved 1048576K
Event: 54.584 GC heap after
Heap after GC invocations=41 (full 5):
 PSYoungGen      total 392704K, used 12284K [0x00000000e0000000, 0x00000000fad00000, 0x0000000100000000)
  eden space 351232K, 0% used [0x00000000e0000000,0x00000000e0000000,0x00000000f5700000)
  from space 41472K, 29% used [0x00000000f8480000,0x00000000f907f2a0,0x00000000fad00000)
  to   space 44032K, 0% used [0x00000000f5700000,0x00000000f5700000,0x00000000f8200000)
 ParOldGen       total 171008K, used 147724K [0x00000000a0000000, 0x00000000aa700000, 0x00000000e0000000)
  object space 171008K, 86% used [0x00000000a0000000,0x00000000a9043020,0x00000000aa700000)
 Metaspace       used 71351K, capacity 74478K, committed 75648K, reserved 1114112K
  class space    used 9629K, capacity 10243K, committed 10624K, reserved 1048576K
}
Event: 55.953 GC heap before
{Heap before GC invocations=42 (full 5):
 PSYoungGen      total 392704K, used 363516K [0x00000000e0000000, 0x00000000fad00000, 0x0000000100000000)
  eden space 351232K, 100% used [0x00000000e0000000,0x00000000f5700000,0x00000000f5700000)
  from space 41472K, 29% used [0x00000000f8480000,0x00000000f907f2a0,0x00000000fad00000)
  to   space 44032K, 0% used [0x00000000f5700000,0x00000000f5700000,0x00000000f8200000)
 ParOldGen       total 171008K, used 147724K [0x00000000a0000000, 0x00000000aa700000, 0x00000000e0000000)
  object space 171008K, 86% used [0x00000000a0000000,0x00000000a9043020,0x00000000aa700000)
 Metaspace       used 71455K, capacity 74624K, committed 75904K, reserved 1114112K
  class space    used 9642K, capacity 10246K, committed 10624K, reserved 1048576K
Event: 55.982 GC heap after
Heap after GC invocations=42 (full 5):
 PSYoungGen      total 395264K, used 15279K [0x00000000e0000000, 0x00000000fc900000, 0x0000000100000000)
  eden space 351232K, 0% used [0x00000000e0000000,0x00000000e0000000,0x00000000f5700000)
  from space 44032K, 34% used [0x00000000f5700000,0x00000000f65ebd18,0x00000000f8200000)
  to   space 39424K, 0% used [0x00000000fa280000,0x00000000fa280000,0x00000000fc900000)
 ParOldGen       total 171008K, used 147724K [0x00000000a0000000, 0x00000000aa700000, 0x00000000e0000000)
  object space 171008K, 86% used [0x00000000a0000000,0x00000000a9043020,0x00000000aa700000)
 Metaspace       used 71455K, capacity 74624K, committed 75904K, reserved 1114112K
  class space    used 9642K, capacity 10246K, committed 10624K, reserved 1048576K
}
Event: 57.315 GC heap before
{Heap before GC invocations=43 (full 5):
 PSYoungGen      total 395264K, used 366511K [0x00000000e0000000, 0x00000000fc900000, 0x0000000100000000)
  eden space 351232K, 100% used [0x00000000e0000000,0x00000000f5700000,0x00000000f5700000)
  from space 44032K, 34% used [0x00000000f5700000,0x00000000f65ebd18,0x00000000f8200000)
  to   space 39424K, 0% used [0x00000000fa280000,0x00000000fa280000,0x00000000fc900000)
 ParOldGen       total 171008K, used 147724K [0x00000000a0000000, 0x00000000aa700000, 0x00000000e0000000)
  object space 171008K, 86% used [0x00000000a0000000,0x00000000a9043020,0x00000000aa700000)
 Metaspace       used 71482K, capacity 74624K, committed 75904K, reserved 1114112K
  class space    used 9644K, capacity 10246K, committed 10624K, reserved 1048576K
Event: 57.346 GC heap after
Heap after GC invocations=43 (full 5):
 PSYoungGen      total 422400K, used 14637K [0x00000000e0000000, 0x00000000fc400000, 0x0000000100000000)
  eden space 388096K, 0% used [0x00000000e0000000,0x00000000e0000000,0x00000000f7b00000)
  from space 34304K, 42% used [0x00000000fa280000,0x00000000fb0cb660,0x00000000fc400000)
  to   space 37376K, 0% used [0x00000000f7b00000,0x00000000f7b00000,0x00000000f9f80000)
 ParOldGen       total 171008K, used 147724K [0x00000000a0000000, 0x00000000aa700000, 0x00000000e0000000)
  object space 171008K, 86% used [0x00000000a0000000,0x00000000a9043020,0x00000000aa700000)
 Metaspace       used 71482K, capacity 74624K, committed 75904K, reserved 1114112K
  class space    used 9644K, capacity 10246K, committed 10624K, reserved 1048576K
}

Deoptimization events (10 events):
Event: 51.201 Thread 0x000000001de7c800 Uncommon trap: reason=unstable_if action=reinterpret pc=0x0000000005847984 method=com.android.tools.r8.v.a.a.a.f.W0.a(I)Z @ 48
Event: 51.226 Thread 0x000000001a2b8800 Uncommon trap: reason=predicate action=maybe_recompile pc=0x00000000047c1908 method=java.util.Collections.indexedBinarySearch(Ljava/util/List;Ljava/lang/Object;)I @ 16
Event: 52.287 Thread 0x000000001a69c000 Uncommon trap: reason=speculate_class_check action=maybe_recompile pc=0x0000000004c38ee4 method=com.android.tools.r8.u.c.J.a()Lcom/android/tools/r8/graph/E; @ 851
Event: 52.899 Thread 0x000000001a69c000 Uncommon trap: reason=speculate_class_check action=maybe_recompile pc=0x0000000004c38ee4 method=com.android.tools.r8.u.c.J.a()Lcom/android/tools/r8/graph/E; @ 851
Event: 53.651 Thread 0x000000001a69c000 Uncommon trap: reason=speculate_class_check action=maybe_recompile pc=0x0000000004c38ee4 method=com.android.tools.r8.u.c.J.a()Lcom/android/tools/r8/graph/E; @ 851
Event: 53.779 Thread 0x000000001de7c800 Uncommon trap: reason=unstable_if action=reinterpret pc=0x00000000051a4e50 method=com.android.tools.r8.v.a.a.a.f.x0$e.contains(Ljava/lang/Object;)Z @ 124
Event: 53.826 Thread 0x000000001de7c800 Uncommon trap: reason=unstable_if action=reinterpret pc=0x00000000058c3770 method=com.android.tools.r8.v.a.a.a.f.x0$e.contains(Ljava/lang/Object;)Z @ 124
Event: 54.956 Thread 0x000000001a69a800 Uncommon trap: reason=unstable_if action=reinterpret pc=0x0000000005327d94 method=com.android.tools.r8.ir.regalloc.a.compareTo(Ljava/lang/Object;)I @ 52
Event: 55.376 Thread 0x000000001a69c000 Uncommon trap: reason=speculate_class_check action=maybe_recompile pc=0x0000000004c38ee4 method=com.android.tools.r8.u.c.J.a()Lcom/android/tools/r8/graph/E; @ 851
Event: 56.890 Thread 0x000000001dded800 Uncommon trap: reason=unstable_if action=reinterpret pc=0x0000000004abfaf8 method=java.io.BufferedOutputStream.write([BII)V @ 6

Classes redefined (0 events):
No events

Internal exceptions (10 events):
Event: 44.048 Thread 0x000000001a699000 Exception <a 'sun/nio/fs/WindowsException'> (0x00000000e9311f78) thrown at [D:\src\AOSP-openjdk-cygwin\jdk8u\hotspot\src\share\vm\prims\jni.cpp, line 710]
Event: 44.106 Thread 0x000000001de7c800 Exception <a 'sun/nio/fs/WindowsException'> (0x00000000ea78d230) thrown at [D:\src\AOSP-openjdk-cygwin\jdk8u\hotspot\src\share\vm\prims\jni.cpp, line 710]
Event: 44.793 Thread 0x000000001a69c000 Exception <a 'sun/nio/fs/WindowsException'> (0x00000000e4c61560) thrown at [D:\src\AOSP-openjdk-cygwin\jdk8u\hotspot\src\share\vm\prims\jni.cpp, line 710]
Event: 45.192 Thread 0x000000001a69a800 Exception <a 'sun/nio/fs/WindowsException'> (0x00000000e9781fb0) thrown at [D:\src\AOSP-openjdk-cygwin\jdk8u\hotspot\src\share\vm\prims\jni.cpp, line 710]
Event: 45.271 Thread 0x000000001a46a800 Exception <a 'sun/nio/fs/WindowsException'> (0x00000000eaef3260) thrown at [D:\src\AOSP-openjdk-cygwin\jdk8u\hotspot\src\share\vm\prims\jni.cpp, line 710]
Event: 45.804 Thread 0x000000001a46a800 Exception <a 'sun/nio/fs/WindowsException'> (0x00000000e2cd1840) thrown at [D:\src\AOSP-openjdk-cygwin\jdk8u\hotspot\src\share\vm\prims\jni.cpp, line 710]
Event: 47.670 Thread 0x000000001a699000 Exception <a 'sun/nio/fs/WindowsException'> (0x00000000ee1702e0) thrown at [D:\src\AOSP-openjdk-cygwin\jdk8u\hotspot\src\share\vm\prims\jni.cpp, line 710]
Event: 48.261 Thread 0x000000001a69a800 Exception <a 'sun/nio/fs/WindowsException'> (0x00000000e13a29e8) thrown at [D:\src\AOSP-openjdk-cygwin\jdk8u\hotspot\src\share\vm\prims\jni.cpp, line 710]
Event: 51.027 Thread 0x000000001a69a000 Exception <a 'sun/nio/fs/WindowsException'> (0x00000000e30a2f98) thrown at [D:\src\AOSP-openjdk-cygwin\jdk8u\hotspot\src\share\vm\prims\jni.cpp, line 710]
Event: 55.550 Thread 0x000000001de7c800 Exception <a 'sun/nio/fs/WindowsException'> (0x00000000ee617558) thrown at [D:\src\AOSP-openjdk-cygwin\jdk8u\hotspot\src\share\vm\prims\jni.cpp, line 710]

Events (10 events):
Event: 57.402 Thread 0x000000001a69c000 DEOPT PACKING pc=0x000000000508f226 sp=0x00000000251ca520
Event: 57.402 Thread 0x000000001a69c000 DEOPT UNPACKING pc=0x00000000034575d0 sp=0x00000000251ca588 mode 0
Event: 57.433 Thread 0x000000001a69a800 DEOPT PACKING pc=0x00000000050dd07b sp=0x000000002567a5d0
Event: 57.433 Thread 0x000000001a69a800 DEOPT UNPACKING pc=0x00000000034575d0 sp=0x000000002567a4b8 mode 0
Event: 57.494 Thread 0x000000001a69b800 DEOPT PACKING pc=0x00000000050dd181 sp=0x000000002587a730
Event: 57.494 Thread 0x000000001a69b800 DEOPT UNPACKING pc=0x00000000034575d0 sp=0x000000002587a618 mode 0
Event: 57.526 Thread 0x000000001a69a800 DEOPT PACKING pc=0x00000000050dd07b sp=0x000000002567a4e0
Event: 57.526 Thread 0x000000001a69a800 DEOPT UNPACKING pc=0x00000000034575d0 sp=0x000000002567a3c8 mode 0
Event: 57.553 Thread 0x000000001a69b800 DEOPT PACKING pc=0x00000000050dd07b sp=0x000000002587a730
Event: 57.553 Thread 0x000000001a69b800 DEOPT UNPACKING pc=0x00000000034575d0 sp=0x000000002587a618 mode 0


Dynamic libraries:
0x00007ff744620000 - 0x00007ff744651000 	D:\Android Studio\jre\bin\java.exe
0x00007fffd4ea0000 - 0x00007fffd5090000 	C:\WINDOWS\SYSTEM32\ntdll.dll
0x00007fffd42a0000 - 0x00007fffd4352000 	C:\WINDOWS\System32\KERNEL32.DLL
0x00007fffd20b0000 - 0x00007fffd2353000 	C:\WINDOWS\System32\KERNELBASE.dll
0x00007fffd4db0000 - 0x00007fffd4e53000 	C:\WINDOWS\System32\ADVAPI32.dll
0x00007fffd4200000 - 0x00007fffd429e000 	C:\WINDOWS\System32\msvcrt.dll
0x00007fffd4360000 - 0x00007fffd43f7000 	C:\WINDOWS\System32\sechost.dll
0x00007fffd3110000 - 0x00007fffd3230000 	C:\WINDOWS\System32\RPCRT4.dll
0x00007fffd2f50000 - 0x00007fffd30e4000 	C:\WINDOWS\System32\USER32.dll
0x00007fffd1fd0000 - 0x00007fffd1ff1000 	C:\WINDOWS\System32\win32u.dll
0x00007fffd3b00000 - 0x00007fffd3b26000 	C:\WINDOWS\System32\GDI32.dll
0x00007fffd1e30000 - 0x00007fffd1fc4000 	C:\WINDOWS\System32\gdi32full.dll
0x00007fffd2e50000 - 0x00007fffd2eee000 	C:\WINDOWS\System32\msvcp_win.dll
0x00007fffd2c50000 - 0x00007fffd2d4a000 	C:\WINDOWS\System32\ucrtbase.dll
0x00007fffc0250000 - 0x00007fffc04d5000 	C:\WINDOWS\WinSxS\amd64_microsoft.windows.common-controls_6595b64144ccf1df_6.0.18362.778_none_e6c6b761130d4fb8\COMCTL32.dll
0x00007fffd3ec0000 - 0x00007fffd41f6000 	C:\WINDOWS\System32\combase.dll
0x00007fffd2d50000 - 0x00007fffd2dd0000 	C:\WINDOWS\System32\bcryptPrimitives.dll
0x00007fffd3e30000 - 0x00007fffd3e5e000 	C:\WINDOWS\System32\IMM32.DLL
0x00000000551b0000 - 0x0000000055282000 	D:\Android Studio\jre\jre\bin\msvcr100.dll
0x0000000055290000 - 0x0000000055ad6000 	D:\Android Studio\jre\jre\bin\server\jvm.dll
0x00007fffd3230000 - 0x00007fffd3238000 	C:\WINDOWS\System32\PSAPI.DLL
0x00007fffcb330000 - 0x00007fffcb354000 	C:\WINDOWS\SYSTEM32\WINMM.dll
0x00007fffc83f0000 - 0x00007fffc83fa000 	C:\WINDOWS\SYSTEM32\VERSION.dll
0x00007fffbf350000 - 0x00007fffbf359000 	C:\WINDOWS\SYSTEM32\WSOCK32.dll
0x00007fffd4d40000 - 0x00007fffd4daf000 	C:\WINDOWS\System32\WS2_32.dll
0x00007fffcb300000 - 0x00007fffcb32d000 	C:\WINDOWS\SYSTEM32\winmmbase.dll
0x00007fffd2dd0000 - 0x00007fffd2e1a000 	C:\WINDOWS\System32\cfgmgr32.dll
0x00007fffc94c0000 - 0x00007fffc94cf000 	D:\Android Studio\jre\jre\bin\verify.dll
0x00007fffabed0000 - 0x00007fffabef9000 	D:\Android Studio\jre\jre\bin\java.dll
0x00007fffc94a0000 - 0x00007fffc94b6000 	D:\Android Studio\jre\jre\bin\zip.dll
0x00007fffd3360000 - 0x00007fffd3a45000 	C:\WINDOWS\System32\SHELL32.dll
0x00007fffd3a50000 - 0x00007fffd3af9000 	C:\WINDOWS\System32\shcore.dll
0x00007fffd24d0000 - 0x00007fffd2c50000 	C:\WINDOWS\System32\windows.storage.dll
0x00007fffd1db0000 - 0x00007fffd1dd3000 	C:\WINDOWS\System32\profapi.dll
0x00007fffd1de0000 - 0x00007fffd1e2a000 	C:\WINDOWS\System32\powrprof.dll
0x00007fffd1d60000 - 0x00007fffd1d70000 	C:\WINDOWS\System32\UMPDC.dll
0x00007fffd3b30000 - 0x00007fffd3b82000 	C:\WINDOWS\System32\shlwapi.dll
0x00007fffd1d90000 - 0x00007fffd1da1000 	C:\WINDOWS\System32\kernel.appcore.dll
0x00007fffd24b0000 - 0x00007fffd24c7000 	C:\WINDOWS\System32\cryptsp.dll
0x00007fffb9070000 - 0x00007fffb908a000 	D:\Android Studio\jre\jre\bin\net.dll
0x00007fffbf720000 - 0x00007fffbf8f5000 	C:\WINDOWS\SYSTEM32\urlmon.dll
0x00007fffbf470000 - 0x00007fffbf716000 	C:\WINDOWS\SYSTEM32\iertutil.dll
0x00007fffd17a0000 - 0x00007fffd17ac000 	C:\WINDOWS\SYSTEM32\CRYPTBASE.DLL
0x00007fffd15b0000 - 0x00007fffd1617000 	C:\WINDOWS\system32\mswsock.dll
0x00007fffb7680000 - 0x00007fffb7693000 	D:\Android Studio\jre\jre\bin\nio.dll
0x00007fffc1c60000 - 0x00007fffc1c86000 	C:\Users\Samsung\.gradle\native\30\windows-amd64\native-platform.dll
0x00007fffc1590000 - 0x00007fffc159d000 	D:\Android Studio\jre\jre\bin\management.dll
0x00007fffd10a0000 - 0x00007fffd10d3000 	C:\WINDOWS\system32\rsaenh.dll
0x00007fffd2e20000 - 0x00007fffd2e46000 	C:\WINDOWS\System32\bcrypt.dll
0x00007fffd1c80000 - 0x00007fffd1ca5000 	C:\WINDOWS\SYSTEM32\USERENV.dll
0x00007fffd12a0000 - 0x00007fffd12da000 	C:\WINDOWS\SYSTEM32\IPHLPAPI.DLL
0x00007fffd4c60000 - 0x00007fffd4c68000 	C:\WINDOWS\System32\NSI.dll
0x00007fffc4780000 - 0x00007fffc4796000 	C:\WINDOWS\SYSTEM32\dhcpcsvc6.DLL
0x00007fffc5810000 - 0x00007fffc582c000 	C:\WINDOWS\SYSTEM32\dhcpcsvc.DLL
0x00007fffd12f0000 - 0x00007fffd13ba000 	C:\WINDOWS\SYSTEM32\DNSAPI.dll

VM Arguments:
jvm_args: -Xmx1536m -Dfile.encoding=x-windows-949 -Duser.country=KR -Duser.language=ko -Duser.variant 
java_command: org.gradle.launcher.daemon.bootstrap.GradleDaemon 5.6.4
java_class_path (initial): C:\Users\Samsung\.gradle\wrapper\dists\gradle-5.6.4-all\ankdp27end7byghfw1q2sw75f\gradle-5.6.4\lib\gradle-launcher-5.6.4.jar
Launcher Type: SUN_STANDARD

Environment Variables:
JAVA_HOME=C:\Program Files\Java\jdk1.8.0_91
PATH=D:\dk\app\oracle\product\11.2.0\server\bin;;C:\ProgramData\Oracle\Java\javapath;C:\Program Files (x86)\Intel\Intel(R) Management Engine Components\iCLS\;C:\Program Files\Intel\Intel(R) Management Engine Components\iCLS\;C:\windows\system32;C:\windows;C:\windows\System32\Wbem;C:\windows\System32\WindowsPowerShell\v1.0\;C:\Program Files (x86)\NVIDIA Corporation\PhysX\Common;C:\Program Files (x86)\Intel\Intel(R) Management Engine Components\DAL;C:\Program Files\Intel\Intel(R) Management Engine Components\DAL;C:\Program Files (x86)\Intel\Intel(R) Management Engine Components\IPT;C:\Program Files\Intel\Intel(R) Management Engine Components\IPT;C:\WINDOWS\system32;C:\WINDOWS;C:\WINDOWS\System32\Wbem;C:\WINDOWS\System32\WindowsPowerShell\v1.0\;C:\WINDOWS\System32\OpenSSH\;C:\Program Files\dotnet\;C:\Program Files\Java\jdk1.8.0_91\bin;C:\Bitnami\wampstack-7.1.26-1\mysql\bin;C:\Program Files\Git\cmd;C:\Program Files\nodejs\;C:\Users\Samsung\AppData\Local\Programs\Python\Python37-32\Scripts\;C:\Users\Samsung\AppData\Local\Programs\Python\Python37-32\;C:\Users\Samsung\AppData\Local\Microsoft\WindowsApps;C:\Program Files\Bandizip\;C:\Program Files\JetBrains\PyCharm Community Edition 2018.3.5\bin;;C:\Users\Samsung\AppData\Local\Programs\Microsoft VS Code\bin;C:\Users\Samsung\AppData\Roaming\npm;C:\OpenSSL-Win64\bin;
USERNAME=Samsung
OS=Windows_NT
PROCESSOR_IDENTIFIER=Intel64 Family 6 Model 142 Stepping 10, GenuineIntel



---------------  S Y S T E M  ---------------

OS: Windows 10.0 , 64 bit Build 18362 (10.0.18362.778)

CPU:total 8 (initial active 8) (4 cores per cpu, 2 threads per core) family 6 model 142 stepping 10, cmov, cx8, fxsr, mmx, sse, sse2, sse3, ssse3, sse4.1, sse4.2, popcnt, avx, avx2, aes, clmul, erms, 3dnowpref, lzcnt, ht, tsc, tscinvbit, bmi1, bmi2, adx

Memory: 4k page, physical 4107416k(376124k free), swap 12299416k(4896k free)

vm_info: OpenJDK 64-Bit Server VM (25.212-b04) for windows-amd64 JRE (1.8.0_212-release-1586-b04), built by "builder" with MS VC++ 10.0 (VS2010)

time: Wed Apr 29 13:28:49 2020
timezone: 대한민국 표준시
elapsed time: 57 seconds (0d 0h 0m 57s)

