#
# There is insufficient memory for the Java Runtime Environment to continue.
# Native memory allocation (malloc) failed to allocate 1270416 bytes for Chunk::new
# Possible reasons:
#   The system is out of physical RAM or swap space
#   The process is running with CompressedOops enabled, and the Java Heap may be blocking the growth of the native heap
# Possible solutions:
#   Reduce memory load on the system
#   Increase physical memory or swap space
#   Check if swap backing store is full
#   Decrease Java heap size (-Xmx/-Xms)
#   Decrease number of Java threads
#   Decrease Java thread stack sizes (-Xss)
#   Set larger code cache with -XX:ReservedCodeCacheSize=
#   JVM is running with Unscaled Compressed Oops mode in which the Java heap is
#     placed in the first 4GB address space. The Java Heap base address is the
#     maximum limit for the native heap growth. Please use -XX:HeapBaseMinAddress
#     to set the Java Heap base and to place the Java Heap above 4GB virtual address.
# This output file may be truncated or incomplete.
#
#  Out of Memory Error (allocation.cpp:389), pid=26036, tid=0x00000000000066dc
#
# JRE version: OpenJDK Runtime Environment (8.0_212-b04) (build 1.8.0_212-release-1586-b04)
# Java VM: OpenJDK 64-Bit Server VM (25.212-b04 mixed mode windows-amd64 compressed oops)
# Failed to write core dump. Minidumps are not enabled by default on client versions of Windows
#

---------------  T H R E A D  ---------------

Current thread (0x0000000018888000):  JavaThread "C2 CompilerThread0" daemon [_thread_in_native, id=26332, stack(0x0000000019050000,0x0000000019150000)]

Stack: [0x0000000019050000,0x0000000019150000]
[error occurred during error reporting (printing stack bounds), id 0xc0000005]

Native frames: (J=compiled Java code, j=interpreted, Vv=VM code, C=native code)


Current CompileTask:
C2:  23888 2491       4       java.net.URLClassLoader$1::run (5 bytes)


---------------  P R O C E S S  ---------------

Java Threads: ( => current thread )
  0x000000001e766800 JavaThread "Cache worker for execution history cache (C:\Users\Samsung\.gradle\caches\5.6.4\executionHistory)" [_thread_blocked, id=26176, stack(0x00000000206b0000,0x00000000207b0000)]
  0x000000001a5c2000 JavaThread "Cache worker for cache directory md-rule (C:\Users\Samsung\.gradle\caches\5.6.4\md-rule)" [_thread_blocked, id=26072, stack(0x0000000020320000,0x0000000020420000)]
  0x000000001a5c1000 JavaThread "Cache worker for cache directory md-supplier (C:\Users\Samsung\.gradle\caches\5.6.4\md-supplier)" [_thread_blocked, id=23632, stack(0x000000001e5a0000,0x000000001e6a0000)]
  0x000000001a5bf000 JavaThread "Cache worker for file hash cache (D:\AndroidStudioProject\booksns_Re\.gradle\5.6.4\fileHashes)" [_thread_blocked, id=25644, stack(0x000000001e2a0000,0x000000001e3a0000)]
  0x000000001a5c2800 JavaThread "Cache worker for journal cache (C:\Users\Samsung\.gradle\caches\journal-1)" [_thread_blocked, id=6984, stack(0x000000001d1d0000,0x000000001d2d0000)]
  0x000000001a5c3800 JavaThread "File lock request listener" [_thread_in_native, id=24068, stack(0x000000001d0d0000,0x000000001d1d0000)]
  0x000000001a5c5000 JavaThread "Cache worker for file hash cache (C:\Users\Samsung\.gradle\caches\5.6.4\fileHashes)" [_thread_blocked, id=25632, stack(0x000000001cfd0000,0x000000001d0d0000)]
  0x000000001a3e3800 JavaThread "Thread-9" [_thread_blocked, id=18360, stack(0x000000001ccd0000,0x000000001cdd0000)]
  0x000000001a705000 JavaThread "Stdin handler" [_thread_blocked, id=17664, stack(0x000000001cbd0000,0x000000001ccd0000)]
  0x000000001a700000 JavaThread "Asynchronous log dispatcher for DefaultDaemonConnection: socket connection from /127.0.0.1:56024 to /127.0.0.1:56025" [_thread_blocked, id=24316, stack(0x000000001c9d0000,0x000000001cad0000)]
  0x0000000019cf8000 JavaThread "Daemon worker" [_thread_in_native, id=5624, stack(0x000000001c8d0000,0x000000001c9d0000)]
  0x0000000019cf7800 JavaThread "Cancel handler" [_thread_blocked, id=23360, stack(0x000000001c7d0000,0x000000001c8d0000)]
  0x0000000019eee800 JavaThread "Handler for socket connection from /127.0.0.1:56024 to /127.0.0.1:56025" [_thread_in_native, id=26428, stack(0x000000001c4d0000,0x000000001c5d0000)]
  0x0000000019eed800 JavaThread "Daemon" [_thread_blocked, id=26432, stack(0x000000001c3d0000,0x000000001c4d0000)]
  0x0000000019664800 JavaThread "Daemon periodic checks" [_thread_blocked, id=26392, stack(0x000000001c2d0000,0x000000001c3d0000)]
  0x0000000018a29800 JavaThread "Incoming local TCP Connector on port 56024" [_thread_in_native, id=26520, stack(0x000000001c0f0000,0x000000001c1f0000)]
  0x000000001afc9800 JavaThread "Daemon health stats" [_thread_blocked, id=26384, stack(0x000000001bdf0000,0x000000001bef0000)]
  0x000000001894e000 JavaThread "Service Thread" daemon [_thread_blocked, id=26180, stack(0x0000000019450000,0x0000000019550000)]
  0x00000000188f5800 JavaThread "C1 CompilerThread3" daemon [_thread_blocked, id=26188, stack(0x0000000019350000,0x0000000019450000)]
  0x00000000188f2000 JavaThread "C2 CompilerThread2" daemon [_thread_in_native, id=26184, stack(0x0000000019250000,0x0000000019350000)]
  0x000000001888a800 JavaThread "C2 CompilerThread1" daemon [_thread_in_native, id=26328, stack(0x0000000019150000,0x0000000019250000)]
=>0x0000000018888000 JavaThread "C2 CompilerThread0" daemon [_thread_in_native, id=26332, stack(0x0000000019050000,0x0000000019150000)]
  0x0000000018886800 JavaThread "Attach Listener" daemon [_thread_blocked, id=26324, stack(0x0000000018f50000,0x0000000019050000)]
  0x00000000188e0000 JavaThread "Signal Dispatcher" daemon [_thread_blocked, id=24912, stack(0x0000000018e50000,0x0000000018f50000)]
  0x0000000016a72800 JavaThread "Finalizer" daemon [_thread_blocked, id=26128, stack(0x0000000018d50000,0x0000000018e50000)]
  0x0000000002ca6800 JavaThread "Reference Handler" daemon [_thread_blocked, id=26132, stack(0x0000000018c50000,0x0000000018d50000)]
  0x00000000026de000 JavaThread "main" [_thread_blocked, id=26168, stack(0x0000000002ab0000,0x0000000002bb0000)]

Other Threads:
  0x0000000016a68000 VMThread [stack: 0x0000000018750000,0x0000000018850000] [id=26116]
  0x000000001894f800 WatcherThread [stack: 0x0000000019550000,0x0000000019650000] [id=26412]

VM state:synchronizing (normal execution)

VM Mutex/Monitor currently owned by a thread:  ([mutex/lock_event])
[0x00000000026dd730] Safepoint_lock - owner thread: 0x0000000016a68000
[0x00000000026dd7b0] Threads_lock - owner thread: 0x0000000016a68000

heap address: 0x00000000a0000000, size: 1536 MB, Compressed Oops mode: 32-bit
Narrow klass base: 0x0000000000000000, Narrow klass shift: 3
Compressed class space size: 1073741824 Address: 0x0000000100000000

Heap:
 PSYoungGen      total 72192K, used 9434K [0x00000000e0000000, 0x00000000e5e00000, 0x0000000100000000)
  eden space 61440K, 1% used [0x00000000e0000000,0x00000000e01267b8,0x00000000e3c00000)
  from space 10752K, 76% used [0x00000000e3c00000,0x00000000e4410190,0x00000000e4680000)
  to   space 11264K, 0% used [0x00000000e5300000,0x00000000e5300000,0x00000000e5e00000)
 ParOldGen       total 43520K, used 12261K [0x00000000a0000000, 0x00000000a2a80000, 0x00000000e0000000)
  object space 43520K, 28% used [0x00000000a0000000,0x00000000a0bf95b8,0x00000000a2a80000)
 Metaspace       used 31857K, capacity 32500K, committed 32768K, reserved 1077248K
  class space    used 4356K, capacity 4559K, committed 4608K, reserved 1048576K

Card table byte_map: [0x0000000012070000,0x0000000012380000] byte_map_base: 0x0000000011b70000

Marking Bits: (ParMarkBitMap*) 0x0000000055a59f30
 Begin Bits: [0x0000000012d80000, 0x0000000014580000)
 End Bits:   [0x0000000014580000, 0x0000000015d80000)

Polling page: 0x00000000005f0000

CodeCache: size=245760Kb used=9047Kb max_used=9047Kb free=236712Kb
 bounds [0x0000000002cb0000, 0x0000000003590000, 0x0000000011cb0000]
 total_blobs=3056 nmethods=2374 adapters=595
 compilation: enabled

Compilation events (10 events):
Event: 23.620 Thread 0x00000000188f5800 2505       3       org.gradle.internal.reflect.JavaPropertyReflectionUtil::resolveMethodReturnType (44 bytes)
Event: 23.628 Thread 0x00000000188f5800 nmethod 2505 0x0000000003558150 code [0x0000000003558580, 0x000000000355aff8]
Event: 23.628 Thread 0x00000000188f5800 2506       3       org.gradle.internal.instantiation.AbstractClassGenerator$MethodMetadata::<init> (15 bytes)
Event: 23.629 Thread 0x00000000188f5800 nmethod 2506 0x0000000003523710 code [0x0000000003523860, 0x0000000003523a30]
Event: 23.629 Thread 0x00000000188f5800 2507       1       com.google.common.collect.LinkedHashMultimap$ValueSet::access$000 (5 bytes)
Event: 23.629 Thread 0x00000000188f5800 nmethod 2507 0x0000000003523450 code [0x00000000035235a0, 0x0000000003523690]
Event: 23.666 Thread 0x00000000188f5800 2508       3       com.google.common.base.Preconditions::checkArgument (28 bytes)
Event: 23.667 Thread 0x00000000188f5800 nmethod 2508 0x0000000003543810 code [0x00000000035439c0, 0x0000000003543fd8]
Event: 23.667 Thread 0x00000000188f5800 2509       3       com.google.common.io.BaseEncoding$Alphabet::encode (7 bytes)
Event: 23.667 Thread 0x00000000188f5800 nmethod 2509 0x0000000003546450 code [0x00000000035465a0, 0x0000000003546730]

GC Heap History (10 events):
Event: 11.070 GC heap before
{Heap before GC invocations=5 (full 0):
 PSYoungGen      total 35328K, used 35321K [0x00000000e0000000, 0x00000000e2500000, 0x0000000100000000)
  eden space 32768K, 100% used [0x00000000e0000000,0x00000000e2000000,0x00000000e2000000)
  from space 2560K, 99% used [0x00000000e2280000,0x00000000e24fe640,0x00000000e2500000)
  to   space 2560K, 0% used [0x00000000e2000000,0x00000000e2000000,0x00000000e2280000)
 ParOldGen       total 44032K, used 2155K [0x00000000a0000000, 0x00000000a2b00000, 0x00000000e0000000)
  object space 44032K, 4% used [0x00000000a0000000,0x00000000a021aed0,0x00000000a2b00000)
 Metaspace       used 12364K, capacity 12858K, committed 13056K, reserved 1060864K
  class space    used 1645K, capacity 1775K, committed 1792K, reserved 1048576K
Event: 11.081 GC heap after
Heap after GC invocations=5 (full 0):
 PSYoungGen      total 35328K, used 2553K [0x00000000e0000000, 0x00000000e4c00000, 0x0000000100000000)
  eden space 32768K, 0% used [0x00000000e0000000,0x00000000e0000000,0x00000000e2000000)
  from space 2560K, 99% used [0x00000000e2000000,0x00000000e227e620,0x00000000e2280000)
  to   space 6144K, 0% used [0x00000000e4600000,0x00000000e4600000,0x00000000e4c00000)
 ParOldGen       total 44032K, used 5812K [0x00000000a0000000, 0x00000000a2b00000, 0x00000000e0000000)
  object space 44032K, 13% used [0x00000000a0000000,0x00000000a05ad278,0x00000000a2b00000)
 Metaspace       used 12364K, capacity 12858K, committed 13056K, reserved 1060864K
  class space    used 1645K, capacity 1775K, committed 1792K, reserved 1048576K
}
Event: 12.104 GC heap before
{Heap before GC invocations=6 (full 0):
 PSYoungGen      total 35328K, used 35321K [0x00000000e0000000, 0x00000000e4c00000, 0x0000000100000000)
  eden space 32768K, 100% used [0x00000000e0000000,0x00000000e2000000,0x00000000e2000000)
  from space 2560K, 99% used [0x00000000e2000000,0x00000000e227e620,0x00000000e2280000)
  to   space 6144K, 0% used [0x00000000e4600000,0x00000000e4600000,0x00000000e4c00000)
 ParOldGen       total 44032K, used 5823K [0x00000000a0000000, 0x00000000a2b00000, 0x00000000e0000000)
  object space 44032K, 13% used [0x00000000a0000000,0x00000000a05afee8,0x00000000a2b00000)
 Metaspace       used 14687K, capacity 15108K, committed 15232K, reserved 1062912K
  class space    used 2045K, capacity 2164K, committed 2176K, reserved 1048576K
Event: 12.115 GC heap after
Heap after GC invocations=6 (full 0):
 PSYoungGen      total 70656K, used 6027K [0x00000000e0000000, 0x00000000e4e00000, 0x0000000100000000)
  eden space 64512K, 0% used [0x00000000e0000000,0x00000000e0000000,0x00000000e3f00000)
  from space 6144K, 98% used [0x00000000e4600000,0x00000000e4be2f60,0x00000000e4c00000)
  to   space 7168K, 0% used [0x00000000e3f00000,0x00000000e3f00000,0x00000000e4600000)
 ParOldGen       total 44032K, used 5831K [0x00000000a0000000, 0x00000000a2b00000, 0x00000000e0000000)
  object space 44032K, 13% used [0x00000000a0000000,0x00000000a05b1ee8,0x00000000a2b00000)
 Metaspace       used 14687K, capacity 15108K, committed 15232K, reserved 1062912K
  class space    used 2045K, capacity 2164K, committed 2176K, reserved 1048576K
}
Event: 15.667 GC heap before
{Heap before GC invocations=7 (full 0):
 PSYoungGen      total 70656K, used 68248K [0x00000000e0000000, 0x00000000e4e00000, 0x0000000100000000)
  eden space 64512K, 96% used [0x00000000e0000000,0x00000000e3cc3160,0x00000000e3f00000)
  from space 6144K, 98% used [0x00000000e4600000,0x00000000e4be2f60,0x00000000e4c00000)
  to   space 7168K, 0% used [0x00000000e3f00000,0x00000000e3f00000,0x00000000e4600000)
 ParOldGen       total 44032K, used 5831K [0x00000000a0000000, 0x00000000a2b00000, 0x00000000e0000000)
  object space 44032K, 13% used [0x00000000a0000000,0x00000000a05b1ee8,0x00000000a2b00000)
 Metaspace       used 20621K, capacity 21170K, committed 21296K, reserved 1067008K
  class space    used 2960K, capacity 3133K, committed 3200K, reserved 1048576K
Event: 15.680 GC heap after
Heap after GC invocations=7 (full 0):
 PSYoungGen      total 69120K, used 7145K [0x00000000e0000000, 0x00000000e5080000, 0x0000000100000000)
  eden space 61952K, 0% used [0x00000000e0000000,0x00000000e0000000,0x00000000e3c80000)
  from space 7168K, 99% used [0x00000000e3f00000,0x00000000e45fa508,0x00000000e4600000)
  to   space 10240K, 0% used [0x00000000e4680000,0x00000000e4680000,0x00000000e5080000)
 ParOldGen       total 44032K, used 9583K [0x00000000a0000000, 0x00000000a2b00000, 0x00000000e0000000)
  object space 44032K, 21% used [0x00000000a0000000,0x00000000a095be10,0x00000000a2b00000)
 Metaspace       used 20621K, capacity 21170K, committed 21296K, reserved 1067008K
  class space    used 2960K, capacity 3133K, committed 3200K, reserved 1048576K
}
Event: 15.680 GC heap before
{Heap before GC invocations=8 (full 1):
 PSYoungGen      total 69120K, used 7145K [0x00000000e0000000, 0x00000000e5080000, 0x0000000100000000)
  eden space 61952K, 0% used [0x00000000e0000000,0x00000000e0000000,0x00000000e3c80000)
  from space 7168K, 99% used [0x00000000e3f00000,0x00000000e45fa508,0x00000000e4600000)
  to   space 10240K, 0% used [0x00000000e4680000,0x00000000e4680000,0x00000000e5080000)
 ParOldGen       total 44032K, used 9583K [0x00000000a0000000, 0x00000000a2b00000, 0x00000000e0000000)
  object space 44032K, 21% used [0x00000000a0000000,0x00000000a095be10,0x00000000a2b00000)
 Metaspace       used 20621K, capacity 21170K, committed 21296K, reserved 1067008K
  class space    used 2960K, capacity 3133K, committed 3200K, reserved 1048576K
Event: 15.947 GC heap after
Heap after GC invocations=8 (full 1):
 PSYoungGen      total 69120K, used 0K [0x00000000e0000000, 0x00000000e5080000, 0x0000000100000000)
  eden space 61952K, 0% used [0x00000000e0000000,0x00000000e0000000,0x00000000e3c80000)
  from space 7168K, 0% used [0x00000000e3f00000,0x00000000e3f00000,0x00000000e4600000)
  to   space 10240K, 0% used [0x00000000e4680000,0x00000000e4680000,0x00000000e5080000)
 ParOldGen       total 43520K, used 12245K [0x00000000a0000000, 0x00000000a2a80000, 0x00000000e0000000)
  object space 43520K, 28% used [0x00000000a0000000,0x00000000a0bf55b8,0x00000000a2a80000)
 Metaspace       used 20621K, capacity 21170K, committed 21296K, reserved 1067008K
  class space    used 2960K, capacity 3133K, committed 3200K, reserved 1048576K
}
Event: 22.700 GC heap before
{Heap before GC invocations=9 (full 1):
 PSYoungGen      total 69120K, used 61952K [0x00000000e0000000, 0x00000000e5080000, 0x0000000100000000)
  eden space 61952K, 100% used [0x00000000e0000000,0x00000000e3c80000,0x00000000e3c80000)
  from space 7168K, 0% used [0x00000000e3f00000,0x00000000e3f00000,0x00000000e4600000)
  to   space 10240K, 0% used [0x00000000e4680000,0x00000000e4680000,0x00000000e5080000)
 ParOldGen       total 43520K, used 12245K [0x00000000a0000000, 0x00000000a2a80000, 0x00000000e0000000)
  object space 43520K, 28% used [0x00000000a0000000,0x00000000a0bf55b8,0x00000000a2a80000)
 Metaspace       used 28506K, capacity 29136K, committed 29568K, reserved 1075200K
  class space    used 3887K, capacity 4099K, committed 4224K, reserved 1048576K
Event: 22.709 GC heap after
Heap after GC invocations=9 (full 1):
 PSYoungGen      total 71680K, used 8012K [0x00000000e0000000, 0x00000000e6600000, 0x0000000100000000)
  eden space 61440K, 0% used [0x00000000e0000000,0x00000000e0000000,0x00000000e3c00000)
  from space 10240K, 78% used [0x00000000e4680000,0x00000000e4e533e0,0x00000000e5080000)
  to   space 10752K, 0% used [0x00000000e3c00000,0x00000000e3c00000,0x00000000e4680000)
 ParOldGen       total 43520K, used 12253K [0x00000000a0000000, 0x00000000a2a80000, 0x00000000e0000000)
  object space 43520K, 28% used [0x00000000a0000000,0x00000000a0bf75b8,0x00000000a2a80000)
 Metaspace       used 28506K, capacity 29136K, committed 29568K, reserved 1075200K
  class space    used 3887K, capacity 4099K, committed 4224K, reserved 1048576K
}

Deoptimization events (10 events):
Event: 22.293 Thread 0x0000000019cf8000 Uncommon trap: reason=unstable_if action=reinterpret pc=0x0000000002f3b340 method=java.util.HashMap.getNode(ILjava/lang/Object;)Ljava/util/HashMap$Node; @ 53
Event: 22.294 Thread 0x0000000019cf8000 Uncommon trap: reason=unstable_if action=reinterpret pc=0x0000000002f303f0 method=java.util.HashMap.hash(Ljava/lang/Object;)I @ 1
Event: 22.294 Thread 0x0000000019cf8000 Uncommon trap: reason=unstable_if action=reinterpret pc=0x00000000032fd528 method=java.util.HashMap.putVal(ILjava/lang/Object;Ljava/lang/Object;ZZ)Ljava/lang/Object; @ 85
Event: 22.347 Thread 0x0000000019cf8000 Uncommon trap: reason=unstable_if action=reinterpret pc=0x0000000002f856f0 method=java.util.LinkedHashMap.afterNodeInsertion(Z)V @ 1
Event: 22.603 Thread 0x0000000019cf8000 Uncommon trap: reason=unstable_if action=reinterpret pc=0x00000000034ac7c4 method=org.gradle.internal.reflect.PropertyAccessorType.isGetGetterName(Ljava/lang/String;)Z @ 14
Event: 22.773 Thread 0x0000000019cf8000 Uncommon trap: reason=class_check action=maybe_recompile pc=0x000000000329bd08 method=sun.misc.URLClassPath.getLoader(I)Lsun/misc/URLClassPath$Loader; @ 94
Event: 22.779 Thread 0x0000000019cf8000 Uncommon trap: reason=class_check action=maybe_recompile pc=0x00000000032a722c method=sun.misc.URLClassPath.getLoader(I)Lsun/misc/URLClassPath$Loader; @ 239
Event: 22.895 Thread 0x0000000019cf8000 Uncommon trap: reason=unstable_if action=reinterpret pc=0x0000000002f6a20c method=java.io.WinNTFileSystem.resolve(Ljava/lang/String;Ljava/lang/String;)Ljava/lang/String; @ 49
Event: 22.991 Thread 0x0000000019cf8000 Uncommon trap: reason=bimorphic action=maybe_recompile pc=0x000000000349333c method=java.util.WeakHashMap.eq(Ljava/lang/Object;Ljava/lang/Object;)Z @ 7
Event: 22.998 Thread 0x0000000019cf8000 Uncommon trap: reason=bimorphic action=maybe_recompile pc=0x000000000349333c method=java.util.WeakHashMap.eq(Ljava/lang/Object;Ljava/lang/Object;)Z @ 7

Classes redefined (0 events):
No events

Internal exceptions (10 events):
Event: 22.965 Thread 0x0000000019cf8000 Exception <a 'java/lang/ClassNotFoundException': org/gradle/api/internal/DefaultNamedDomainObjectCollectionBeanInfo> (0x00000000e140c478) thrown at [D:\src\AOSP-openjdk-cygwin\jdk8u\hotspot\src\share\vm\classfile\systemDictionary.cpp, line 210]
Event: 22.966 Thread 0x0000000019cf8000 Exception <a 'java/lang/ClassNotFoundException': org/gradle/api/internal/DefaultDomainObjectCollectionBeanInfo> (0x00000000e14404b0) thrown at [D:\src\AOSP-openjdk-cygwin\jdk8u\hotspot\src\share\vm\classfile\systemDictionary.cpp, line 210]
Event: 22.966 Thread 0x0000000019cf8000 Exception <a 'java/lang/ClassNotFoundException': java/util/AbstractCollectionBeanInfo> (0x00000000e1444c08) thrown at [D:\src\AOSP-openjdk-cygwin\jdk8u\hotspot\src\share\vm\classfile\systemDictionary.cpp, line 210]
Event: 22.966 Thread 0x0000000019cf8000 Exception <a 'java/lang/ClassNotFoundException': java/util/AbstractCollectionCustomizer> (0x00000000e1449370) thrown at [D:\src\AOSP-openjdk-cygwin\jdk8u\hotspot\src\share\vm\classfile\systemDictionary.cpp, line 210]
Event: 22.984 Thread 0x0000000019cf8000 Exception <a 'java/lang/ClassNotFoundException': org/gradle/api/internal/DefaultDomainObjectCollectionCustomizer> (0x00000000e1488a80) thrown at [D:\src\AOSP-openjdk-cygwin\jdk8u\hotspot\src\share\vm\classfile\systemDictionary.cpp, line 210]
Event: 22.990 Thread 0x0000000019cf8000 Exception <a 'java/lang/ClassNotFoundException': org/gradle/api/internal/DefaultNamedDomainObjectCollectionCustomizer> (0x00000000e14e6ad0) thrown at [D:\src\AOSP-openjdk-cygwin\jdk8u\hotspot\src\share\vm\classfile\systemDictionary.cpp, line 210]
Event: 22.998 Thread 0x0000000019cf8000 Exception <a 'java/lang/ClassNotFoundException': org/gradle/api/internal/DefaultNamedDomainObjectListCustomizer> (0x00000000e155a428) thrown at [D:\src\AOSP-openjdk-cygwin\jdk8u\hotspot\src\share\vm\classfile\systemDictionary.cpp, line 210]
Event: 23.001 Thread 0x0000000019cf8000 Exception <a 'java/lang/ClassNotFoundException': org/gradle/api/internal/artifacts/DefaultArtifactRepositoryContainerCustomizer> (0x00000000e15cfc48) thrown at [D:\src\AOSP-openjdk-cygwin\jdk8u\hotspot\src\share\vm\classfile\systemDictionary.cpp, line 210
Event: 23.003 Thread 0x0000000019cf8000 Exception <a 'java/lang/ClassNotFoundException': org/gradle/api/internal/artifacts/dsl/DefaultRepositoryHandlerCustomizer> (0x00000000e1635828) thrown at [D:\src\AOSP-openjdk-cygwin\jdk8u\hotspot\src\share\vm\classfile\systemDictionary.cpp, line 210]
Event: 23.006 Thread 0x0000000019cf8000 Exception <a 'java/lang/ClassNotFoundException': org/gradle/api/internal/artifacts/dsl/DefaultRepositoryHandler_DecoratedCustomizer> (0x00000000e16b1a88) thrown at [D:\src\AOSP-openjdk-cygwin\jdk8u\hotspot\src\share\vm\classfile\systemDictionary.cpp, line

Events (10 events):
Event: 23.669 loading class org/gradle/internal/execution/impl/DefaultWorkExecutor
Event: 23.669 loading class org/gradle/internal/execution/impl/DefaultWorkExecutor done
Event: 23.669 loading class org/gradle/internal/execution/steps/CaptureStateBeforeExecutionStep
Event: 23.669 loading class org/gradle/internal/execution/steps/CaptureStateBeforeExecutionStep done
Event: 23.670 loading class org/gradle/internal/execution/UnitOfWork$ImplementationVisitor
Event: 23.670 loading class org/gradle/internal/execution/UnitOfWork$ImplementationVisitor done
Event: 23.671 loading class org/gradle/internal/execution/history/BeforeExecutionState
Event: 23.671 loading class org/gradle/internal/execution/history/BeforeExecutionState done
Event: 23.671 loading class org/gradle/internal/execution/history/ExecutionState
Event: 23.671 loading class org/gradle/internal/execution/history/ExecutionState done


Dynamic libraries:
0x00007ff7cf3e0000 - 0x00007ff7cf411000 	D:\Android Studio\jre\bin\java.exe
0x00007fffd4ea0000 - 0x00007fffd5090000 	C:\WINDOWS\SYSTEM32\ntdll.dll
0x00007fffd42a0000 - 0x00007fffd4352000 	C:\WINDOWS\System32\KERNEL32.DLL
0x00007fffd20b0000 - 0x00007fffd2353000 	C:\WINDOWS\System32\KERNELBASE.dll
0x00007fffd4db0000 - 0x00007fffd4e53000 	C:\WINDOWS\System32\ADVAPI32.dll
0x00007fffd4200000 - 0x00007fffd429e000 	C:\WINDOWS\System32\msvcrt.dll
0x00007fffd4360000 - 0x00007fffd43f7000 	C:\WINDOWS\System32\sechost.dll
0x00007fffd3110000 - 0x00007fffd3230000 	C:\WINDOWS\System32\RPCRT4.dll
0x00007fffd2f50000 - 0x00007fffd30e4000 	C:\WINDOWS\System32\USER32.dll
0x00007fffd1fd0000 - 0x00007fffd1ff1000 	C:\WINDOWS\System32\win32u.dll
0x00007fffd3b00000 - 0x00007fffd3b26000 	C:\WINDOWS\System32\GDI32.dll
0x00007fffd1e30000 - 0x00007fffd1fc4000 	C:\WINDOWS\System32\gdi32full.dll
0x00007fffd2e50000 - 0x00007fffd2eee000 	C:\WINDOWS\System32\msvcp_win.dll
0x00007fffd2c50000 - 0x00007fffd2d4a000 	C:\WINDOWS\System32\ucrtbase.dll
0x00007fffc0250000 - 0x00007fffc04d5000 	C:\WINDOWS\WinSxS\amd64_microsoft.windows.common-controls_6595b64144ccf1df_6.0.18362.778_none_e6c6b761130d4fb8\COMCTL32.dll
0x00007fffd3ec0000 - 0x00007fffd41f6000 	C:\WINDOWS\System32\combase.dll
0x00007fffd2d50000 - 0x00007fffd2dd0000 	C:\WINDOWS\System32\bcryptPrimitives.dll
0x00007fffd3e30000 - 0x00007fffd3e5e000 	C:\WINDOWS\System32\IMM32.DLL
0x00000000551b0000 - 0x0000000055282000 	D:\Android Studio\jre\jre\bin\msvcr100.dll
0x0000000055290000 - 0x0000000055ad6000 	D:\Android Studio\jre\jre\bin\server\jvm.dll
0x00007fffd3230000 - 0x00007fffd3238000 	C:\WINDOWS\System32\PSAPI.DLL
0x00007fffbf350000 - 0x00007fffbf359000 	C:\WINDOWS\SYSTEM32\WSOCK32.dll
0x00007fffd4d40000 - 0x00007fffd4daf000 	C:\WINDOWS\System32\WS2_32.dll
0x00007fffc83f0000 - 0x00007fffc83fa000 	C:\WINDOWS\SYSTEM32\VERSION.dll
0x00007fffcb330000 - 0x00007fffcb354000 	C:\WINDOWS\SYSTEM32\WINMM.dll
0x00007fffcb300000 - 0x00007fffcb32d000 	C:\WINDOWS\SYSTEM32\winmmbase.dll
0x00007fffd2dd0000 - 0x00007fffd2e1a000 	C:\WINDOWS\System32\cfgmgr32.dll
0x00007fffc1ba0000 - 0x00007fffc1baf000 	D:\Android Studio\jre\jre\bin\verify.dll
0x00007fffbd910000 - 0x00007fffbd939000 	D:\Android Studio\jre\jre\bin\java.dll
0x00007fffc1860000 - 0x00007fffc1876000 	D:\Android Studio\jre\jre\bin\zip.dll
0x00007fffd3360000 - 0x00007fffd3a45000 	C:\WINDOWS\System32\SHELL32.dll
0x00007fffd3a50000 - 0x00007fffd3af9000 	C:\WINDOWS\System32\shcore.dll
0x00007fffd24d0000 - 0x00007fffd2c50000 	C:\WINDOWS\System32\windows.storage.dll
0x00007fffd1db0000 - 0x00007fffd1dd3000 	C:\WINDOWS\System32\profapi.dll
0x00007fffd1de0000 - 0x00007fffd1e2a000 	C:\WINDOWS\System32\powrprof.dll
0x00007fffd1d60000 - 0x00007fffd1d70000 	C:\WINDOWS\System32\UMPDC.dll
0x00007fffd3b30000 - 0x00007fffd3b82000 	C:\WINDOWS\System32\shlwapi.dll
0x00007fffd1d90000 - 0x00007fffd1da1000 	C:\WINDOWS\System32\kernel.appcore.dll
0x00007fffd24b0000 - 0x00007fffd24c7000 	C:\WINDOWS\System32\cryptsp.dll
0x00007fffc1580000 - 0x00007fffc159a000 	D:\Android Studio\jre\jre\bin\net.dll
0x00007fffbf720000 - 0x00007fffbf8f5000 	C:\WINDOWS\SYSTEM32\urlmon.dll
0x00007fffbf470000 - 0x00007fffbf716000 	C:\WINDOWS\SYSTEM32\iertutil.dll
0x00007fffd17a0000 - 0x00007fffd17ac000 	C:\WINDOWS\SYSTEM32\CRYPTBASE.DLL
0x00007fffd15b0000 - 0x00007fffd1617000 	C:\WINDOWS\system32\mswsock.dll
0x00007fffc1520000 - 0x00007fffc1533000 	D:\Android Studio\jre\jre\bin\nio.dll
0x00007fffc94a0000 - 0x00007fffc94c6000 	C:\Users\Samsung\.gradle\native\30\windows-amd64\native-platform.dll
0x00007fffc18e0000 - 0x00007fffc18ed000 	D:\Android Studio\jre\jre\bin\management.dll
0x00007fffd10a0000 - 0x00007fffd10d3000 	C:\WINDOWS\system32\rsaenh.dll
0x00007fffd2e20000 - 0x00007fffd2e46000 	C:\WINDOWS\System32\bcrypt.dll
0x00007fffd1c80000 - 0x00007fffd1ca5000 	C:\WINDOWS\SYSTEM32\USERENV.dll
0x00007fffd12a0000 - 0x00007fffd12da000 	C:\WINDOWS\SYSTEM32\IPHLPAPI.DLL
0x00007fffd4c60000 - 0x00007fffd4c68000 	C:\WINDOWS\System32\NSI.dll
0x00007fffc4780000 - 0x00007fffc4796000 	C:\WINDOWS\SYSTEM32\dhcpcsvc6.DLL
0x00007fffc5810000 - 0x00007fffc582c000 	C:\WINDOWS\SYSTEM32\dhcpcsvc.DLL
0x00007fffd12f0000 - 0x00007fffd13ba000 	C:\WINDOWS\SYSTEM32\DNSAPI.dll

VM Arguments:
jvm_args: -Xmx1536m -Dfile.encoding=x-windows-949 -Duser.country=KR -Duser.language=ko -Duser.variant 
java_command: org.gradle.launcher.daemon.bootstrap.GradleDaemon 5.6.4
java_class_path (initial): C:\Users\Samsung\.gradle\wrapper\dists\gradle-5.6.4-all\ankdp27end7byghfw1q2sw75f\gradle-5.6.4\lib\gradle-launcher-5.6.4.jar
Launcher Type: SUN_STANDARD

Environment Variables:
JAVA_HOME=C:\Program Files\Java\jdk1.8.0_91
PATH=D:\dk\app\oracle\product\11.2.0\server\bin;;C:\ProgramData\Oracle\Java\javapath;C:\Program Files (x86)\Intel\Intel(R) Management Engine Components\iCLS\;C:\Program Files\Intel\Intel(R) Management Engine Components\iCLS\;C:\windows\system32;C:\windows;C:\windows\System32\Wbem;C:\windows\System32\WindowsPowerShell\v1.0\;C:\Program Files (x86)\NVIDIA Corporation\PhysX\Common;C:\Program Files (x86)\Intel\Intel(R) Management Engine Components\DAL;C:\Program Files\Intel\Intel(R) Management Engine Components\DAL;C:\Program Files (x86)\Intel\Intel(R) Management Engine Components\IPT;C:\Program Files\Intel\Intel(R) Management Engine Components\IPT;C:\WINDOWS\system32;C:\WINDOWS;C:\WINDOWS\System32\Wbem;C:\WINDOWS\System32\WindowsPowerShell\v1.0\;C:\WINDOWS\System32\OpenSSH\;C:\Program Files\dotnet\;C:\Program Files\Java\jdk1.8.0_91\bin;C:\Bitnami\wampstack-7.1.26-1\mysql\bin;C:\Program Files\Git\cmd;C:\Program Files\nodejs\;C:\Users\Samsung\AppData\Local\Programs\Python\Python37-32\Scripts\;C:\Users\Samsung\AppData\Local\Programs\Python\Python37-32\;C:\Users\Samsung\AppData\Local\Microsoft\WindowsApps;C:\Program Files\Bandizip\;C:\Program Files\JetBrains\PyCharm Community Edition 2018.3.5\bin;;C:\Users\Samsung\AppData\Local\Programs\Microsoft VS Code\bin;C:\Users\Samsung\AppData\Roaming\npm;C:\OpenSSL-Win64\bin;
USERNAME=Samsung
OS=Windows_NT
PROCESSOR_IDENTIFIER=Intel64 Family 6 Model 142 Stepping 10, GenuineIntel



---------------  S Y S T E M  ---------------

OS: Windows 10.0 , 64 bit Build 18362 (10.0.18362.778)

CPU:total 8 (initial active 8) (4 cores per cpu, 2 threads per core) family 6 model 142 stepping 10, cmov, cx8, fxsr, mmx, sse, sse2, sse3, ssse3, sse4.1, sse4.2, popcnt, avx, avx2, aes, clmul, erms, 3dnowpref, lzcnt, ht, tsc, tscinvbit, bmi1, bmi2, adx

Memory: 4k page, physical 4107416k(355444k free), swap 12299416k(6408k free)

vm_info: OpenJDK 64-Bit Server VM (25.212-b04) for windows-amd64 JRE (1.8.0_212-release-1586-b04), built by "builder" with MS VC++ 10.0 (VS2010)

time: Wed Apr 29 10:30:27 2020
timezone: 대한민국 표준시
elapsed time: 24 seconds (0d 0h 0m 24s)

